
intrinsic_sse_4.o:     file format elf64-x86-64


Disassembly of section .text:

0000000000000000 <main>:
#include <stdio.h>
#include <xmmintrin.h>

int main(void)
{
   0:	f3 0f 1e fa          	endbr64 
   4:	55                   	push   rbp
   5:	48 89 e5             	mov    rbp,rsp
   8:	48 83 ec 50          	sub    rsp,0x50
   c:	64 48 8b 04 25 28 00 	mov    rax,QWORD PTR fs:0x28
  13:	00 00 
  15:	48 89 45 f8          	mov    QWORD PTR [rbp-0x8],rax
  19:	31 c0                	xor    eax,eax
    __v2di x = { 1, 2 };
  1b:	66 0f 6f 05 00 00 00 	movdqa xmm0,XMMWORD PTR [rip+0x0]        # 23 <main+0x23>
  22:	00 
  23:	0f 29 45 c0          	movaps XMMWORD PTR [rbp-0x40],xmm0
    __v2di y = x;
  27:	66 0f 6f 45 c0       	movdqa xmm0,XMMWORD PTR [rbp-0x40]
  2c:	0f 29 45 d0          	movaps XMMWORD PTR [rbp-0x30],xmm0
    __v2di z;
    int i;

    z = __builtin_ia32_paddq128(x, y);
  30:	66 0f 6f 45 d0       	movdqa xmm0,XMMWORD PTR [rbp-0x30]
  35:	66 0f 6f 4d c0       	movdqa xmm1,XMMWORD PTR [rbp-0x40]
  3a:	66 0f d4 c1          	paddq  xmm0,xmm1
  3e:	0f 29 45 e0          	movaps XMMWORD PTR [rbp-0x20],xmm0

    for (i = 0; i < sizeof(x)/sizeof(long int); i++) {
  42:	c7 45 bc 00 00 00 00 	mov    DWORD PTR [rbp-0x44],0x0
  49:	eb 3b                	jmp    86 <main+0x86>
        printf("%2d %2Ld %2Ld %2Ld\n", i, x[i], y[i], z[i]);
  4b:	8b 45 bc             	mov    eax,DWORD PTR [rbp-0x44]
  4e:	48 98                	cdqe   
  50:	48 8b 74 c5 e0       	mov    rsi,QWORD PTR [rbp+rax*8-0x20]
  55:	8b 45 bc             	mov    eax,DWORD PTR [rbp-0x44]
  58:	48 98                	cdqe   
  5a:	48 8b 4c c5 d0       	mov    rcx,QWORD PTR [rbp+rax*8-0x30]
  5f:	8b 45 bc             	mov    eax,DWORD PTR [rbp-0x44]
  62:	48 98                	cdqe   
  64:	48 8b 54 c5 c0       	mov    rdx,QWORD PTR [rbp+rax*8-0x40]
  69:	8b 45 bc             	mov    eax,DWORD PTR [rbp-0x44]
  6c:	49 89 f0             	mov    r8,rsi
  6f:	89 c6                	mov    esi,eax
  71:	48 8d 3d 00 00 00 00 	lea    rdi,[rip+0x0]        # 78 <main+0x78>
  78:	b8 00 00 00 00       	mov    eax,0x0
  7d:	e8 00 00 00 00       	call   82 <main+0x82>
    for (i = 0; i < sizeof(x)/sizeof(long int); i++) {
  82:	83 45 bc 01          	add    DWORD PTR [rbp-0x44],0x1
  86:	8b 45 bc             	mov    eax,DWORD PTR [rbp-0x44]
  89:	83 f8 01             	cmp    eax,0x1
  8c:	76 bd                	jbe    4b <main+0x4b>
  8e:	b8 00 00 00 00       	mov    eax,0x0
    }
}
  93:	48 8b 7d f8          	mov    rdi,QWORD PTR [rbp-0x8]
  97:	64 48 33 3c 25 28 00 	xor    rdi,QWORD PTR fs:0x28
  9e:	00 00 
  a0:	74 05                	je     a7 <main+0xa7>
  a2:	e8 00 00 00 00       	call   a7 <main+0xa7>
  a7:	c9                   	leave  
  a8:	c3                   	ret    
