
simd16_3.o:     file format elf64-x86-64


Disassembly of section .text:

0000000000000000 <addVectors>:
typedef float v1024f __attribute__((vector_size(1024)));

void addVectors(v1024f * x, v1024f * y, v1024f * z)
{
       0:	f3 0f 1e fa          	endbr64 
       4:	55                   	push   rbp
       5:	49 89 f8             	mov    r8,rdi
       8:	48 89 f0             	mov    rax,rsi
    *z = *x + *y;
       b:	b9 80 00 00 00       	mov    ecx,0x80
      10:	4c 89 c6             	mov    rsi,r8
{
      13:	48 89 e5             	mov    rbp,rsp
      16:	48 81 e4 00 fc ff ff 	and    rsp,0xfffffffffffffc00
      1d:	48 81 ec 88 0f 00 00 	sub    rsp,0xf88
    *z = *x + *y;
      24:	48 8d bc 24 88 03 00 	lea    rdi,[rsp+0x388]
      2b:	00 
      2c:	f3 48 a5             	rep movs QWORD PTR es:[rdi],QWORD PTR ds:[rsi]
      2f:	48 8d bc 24 88 07 00 	lea    rdi,[rsp+0x788]
      36:	00 
      37:	b9 80 00 00 00       	mov    ecx,0x80
      3c:	48 89 c6             	mov    rsi,rax
      3f:	f3 48 a5             	rep movs QWORD PTR es:[rdi],QWORD PTR ds:[rsi]
      42:	48 8d 74 24 88       	lea    rsi,[rsp-0x78]
      47:	b9 80 00 00 00       	mov    ecx,0x80
      4c:	48 89 d7             	mov    rdi,rdx
      4f:	d9 84 24 88 03 00 00 	fld    DWORD PTR [rsp+0x388]
      56:	d8 84 24 88 07 00 00 	fadd   DWORD PTR [rsp+0x788]
      5d:	d9 5c 24 88          	fstp   DWORD PTR [rsp-0x78]
      61:	d9 84 24 8c 03 00 00 	fld    DWORD PTR [rsp+0x38c]
      68:	d8 84 24 8c 07 00 00 	fadd   DWORD PTR [rsp+0x78c]
      6f:	d9 5c 24 8c          	fstp   DWORD PTR [rsp-0x74]
      73:	d9 84 24 90 03 00 00 	fld    DWORD PTR [rsp+0x390]
      7a:	d8 84 24 90 07 00 00 	fadd   DWORD PTR [rsp+0x790]
      81:	d9 5c 24 90          	fstp   DWORD PTR [rsp-0x70]
      85:	d9 84 24 94 03 00 00 	fld    DWORD PTR [rsp+0x394]
      8c:	d8 84 24 94 07 00 00 	fadd   DWORD PTR [rsp+0x794]
      93:	d9 5c 24 94          	fstp   DWORD PTR [rsp-0x6c]
      97:	d9 84 24 98 03 00 00 	fld    DWORD PTR [rsp+0x398]
      9e:	d8 84 24 98 07 00 00 	fadd   DWORD PTR [rsp+0x798]
      a5:	d9 5c 24 98          	fstp   DWORD PTR [rsp-0x68]
      a9:	d9 84 24 9c 03 00 00 	fld    DWORD PTR [rsp+0x39c]
      b0:	d8 84 24 9c 07 00 00 	fadd   DWORD PTR [rsp+0x79c]
      b7:	d9 5c 24 9c          	fstp   DWORD PTR [rsp-0x64]
      bb:	d9 84 24 a0 03 00 00 	fld    DWORD PTR [rsp+0x3a0]
      c2:	d8 84 24 a0 07 00 00 	fadd   DWORD PTR [rsp+0x7a0]
      c9:	d9 5c 24 a0          	fstp   DWORD PTR [rsp-0x60]
      cd:	d9 84 24 a4 03 00 00 	fld    DWORD PTR [rsp+0x3a4]
      d4:	d8 84 24 a4 07 00 00 	fadd   DWORD PTR [rsp+0x7a4]
      db:	d9 5c 24 a4          	fstp   DWORD PTR [rsp-0x5c]
      df:	d9 84 24 a8 03 00 00 	fld    DWORD PTR [rsp+0x3a8]
      e6:	d8 84 24 a8 07 00 00 	fadd   DWORD PTR [rsp+0x7a8]
      ed:	d9 5c 24 a8          	fstp   DWORD PTR [rsp-0x58]
      f1:	d9 84 24 ac 03 00 00 	fld    DWORD PTR [rsp+0x3ac]
      f8:	d8 84 24 ac 07 00 00 	fadd   DWORD PTR [rsp+0x7ac]
      ff:	d9 5c 24 ac          	fstp   DWORD PTR [rsp-0x54]
     103:	d9 84 24 b0 03 00 00 	fld    DWORD PTR [rsp+0x3b0]
     10a:	d8 84 24 b0 07 00 00 	fadd   DWORD PTR [rsp+0x7b0]
     111:	d9 5c 24 b0          	fstp   DWORD PTR [rsp-0x50]
     115:	d9 84 24 b4 03 00 00 	fld    DWORD PTR [rsp+0x3b4]
     11c:	d8 84 24 b4 07 00 00 	fadd   DWORD PTR [rsp+0x7b4]
     123:	d9 5c 24 b4          	fstp   DWORD PTR [rsp-0x4c]
     127:	d9 84 24 b8 03 00 00 	fld    DWORD PTR [rsp+0x3b8]
     12e:	d8 84 24 b8 07 00 00 	fadd   DWORD PTR [rsp+0x7b8]
     135:	d9 5c 24 b8          	fstp   DWORD PTR [rsp-0x48]
     139:	d9 84 24 bc 03 00 00 	fld    DWORD PTR [rsp+0x3bc]
     140:	d8 84 24 bc 07 00 00 	fadd   DWORD PTR [rsp+0x7bc]
     147:	d9 5c 24 bc          	fstp   DWORD PTR [rsp-0x44]
     14b:	d9 84 24 c0 03 00 00 	fld    DWORD PTR [rsp+0x3c0]
     152:	d8 84 24 c0 07 00 00 	fadd   DWORD PTR [rsp+0x7c0]
     159:	d9 5c 24 c0          	fstp   DWORD PTR [rsp-0x40]
     15d:	d9 84 24 c4 03 00 00 	fld    DWORD PTR [rsp+0x3c4]
     164:	d8 84 24 c4 07 00 00 	fadd   DWORD PTR [rsp+0x7c4]
     16b:	d9 5c 24 c4          	fstp   DWORD PTR [rsp-0x3c]
     16f:	d9 84 24 c8 03 00 00 	fld    DWORD PTR [rsp+0x3c8]
     176:	d8 84 24 c8 07 00 00 	fadd   DWORD PTR [rsp+0x7c8]
     17d:	d9 5c 24 c8          	fstp   DWORD PTR [rsp-0x38]
     181:	d9 84 24 cc 03 00 00 	fld    DWORD PTR [rsp+0x3cc]
     188:	d8 84 24 cc 07 00 00 	fadd   DWORD PTR [rsp+0x7cc]
     18f:	d9 5c 24 cc          	fstp   DWORD PTR [rsp-0x34]
     193:	d9 84 24 d0 03 00 00 	fld    DWORD PTR [rsp+0x3d0]
     19a:	d8 84 24 d0 07 00 00 	fadd   DWORD PTR [rsp+0x7d0]
     1a1:	d9 5c 24 d0          	fstp   DWORD PTR [rsp-0x30]
     1a5:	d9 84 24 d4 03 00 00 	fld    DWORD PTR [rsp+0x3d4]
     1ac:	d8 84 24 d4 07 00 00 	fadd   DWORD PTR [rsp+0x7d4]
     1b3:	d9 5c 24 d4          	fstp   DWORD PTR [rsp-0x2c]
     1b7:	d9 84 24 d8 03 00 00 	fld    DWORD PTR [rsp+0x3d8]
     1be:	d8 84 24 d8 07 00 00 	fadd   DWORD PTR [rsp+0x7d8]
     1c5:	d9 5c 24 d8          	fstp   DWORD PTR [rsp-0x28]
     1c9:	d9 84 24 dc 03 00 00 	fld    DWORD PTR [rsp+0x3dc]
     1d0:	d8 84 24 dc 07 00 00 	fadd   DWORD PTR [rsp+0x7dc]
     1d7:	d9 5c 24 dc          	fstp   DWORD PTR [rsp-0x24]
     1db:	d9 84 24 e0 03 00 00 	fld    DWORD PTR [rsp+0x3e0]
     1e2:	d8 84 24 e0 07 00 00 	fadd   DWORD PTR [rsp+0x7e0]
     1e9:	d9 5c 24 e0          	fstp   DWORD PTR [rsp-0x20]
     1ed:	d9 84 24 e4 03 00 00 	fld    DWORD PTR [rsp+0x3e4]
     1f4:	d8 84 24 e4 07 00 00 	fadd   DWORD PTR [rsp+0x7e4]
     1fb:	d9 5c 24 e4          	fstp   DWORD PTR [rsp-0x1c]
     1ff:	d9 84 24 e8 03 00 00 	fld    DWORD PTR [rsp+0x3e8]
     206:	d8 84 24 e8 07 00 00 	fadd   DWORD PTR [rsp+0x7e8]
     20d:	d9 5c 24 e8          	fstp   DWORD PTR [rsp-0x18]
     211:	d9 84 24 ec 03 00 00 	fld    DWORD PTR [rsp+0x3ec]
     218:	d8 84 24 ec 07 00 00 	fadd   DWORD PTR [rsp+0x7ec]
     21f:	d9 5c 24 ec          	fstp   DWORD PTR [rsp-0x14]
     223:	d9 84 24 f0 03 00 00 	fld    DWORD PTR [rsp+0x3f0]
     22a:	d8 84 24 f0 07 00 00 	fadd   DWORD PTR [rsp+0x7f0]
     231:	d9 5c 24 f0          	fstp   DWORD PTR [rsp-0x10]
     235:	d9 84 24 f4 03 00 00 	fld    DWORD PTR [rsp+0x3f4]
     23c:	d8 84 24 f4 07 00 00 	fadd   DWORD PTR [rsp+0x7f4]
     243:	d9 5c 24 f4          	fstp   DWORD PTR [rsp-0xc]
     247:	d9 84 24 f8 03 00 00 	fld    DWORD PTR [rsp+0x3f8]
     24e:	d8 84 24 f8 07 00 00 	fadd   DWORD PTR [rsp+0x7f8]
     255:	d9 5c 24 f8          	fstp   DWORD PTR [rsp-0x8]
     259:	d9 84 24 fc 03 00 00 	fld    DWORD PTR [rsp+0x3fc]
     260:	d8 84 24 fc 07 00 00 	fadd   DWORD PTR [rsp+0x7fc]
     267:	d9 5c 24 fc          	fstp   DWORD PTR [rsp-0x4]
     26b:	d9 84 24 00 04 00 00 	fld    DWORD PTR [rsp+0x400]
     272:	d8 84 24 00 08 00 00 	fadd   DWORD PTR [rsp+0x800]
     279:	d9 1c 24             	fstp   DWORD PTR [rsp]
     27c:	d9 84 24 04 04 00 00 	fld    DWORD PTR [rsp+0x404]
     283:	d8 84 24 04 08 00 00 	fadd   DWORD PTR [rsp+0x804]
     28a:	d9 5c 24 04          	fstp   DWORD PTR [rsp+0x4]
     28e:	d9 84 24 08 04 00 00 	fld    DWORD PTR [rsp+0x408]
     295:	d8 84 24 08 08 00 00 	fadd   DWORD PTR [rsp+0x808]
     29c:	d9 5c 24 08          	fstp   DWORD PTR [rsp+0x8]
     2a0:	d9 84 24 0c 04 00 00 	fld    DWORD PTR [rsp+0x40c]
     2a7:	d8 84 24 0c 08 00 00 	fadd   DWORD PTR [rsp+0x80c]
     2ae:	d9 5c 24 0c          	fstp   DWORD PTR [rsp+0xc]
     2b2:	d9 84 24 10 04 00 00 	fld    DWORD PTR [rsp+0x410]
     2b9:	d8 84 24 10 08 00 00 	fadd   DWORD PTR [rsp+0x810]
     2c0:	d9 5c 24 10          	fstp   DWORD PTR [rsp+0x10]
     2c4:	d9 84 24 14 04 00 00 	fld    DWORD PTR [rsp+0x414]
     2cb:	d8 84 24 14 08 00 00 	fadd   DWORD PTR [rsp+0x814]
     2d2:	d9 5c 24 14          	fstp   DWORD PTR [rsp+0x14]
     2d6:	d9 84 24 18 04 00 00 	fld    DWORD PTR [rsp+0x418]
     2dd:	d8 84 24 18 08 00 00 	fadd   DWORD PTR [rsp+0x818]
     2e4:	d9 5c 24 18          	fstp   DWORD PTR [rsp+0x18]
     2e8:	d9 84 24 1c 04 00 00 	fld    DWORD PTR [rsp+0x41c]
     2ef:	d8 84 24 1c 08 00 00 	fadd   DWORD PTR [rsp+0x81c]
     2f6:	d9 5c 24 1c          	fstp   DWORD PTR [rsp+0x1c]
     2fa:	d9 84 24 20 04 00 00 	fld    DWORD PTR [rsp+0x420]
     301:	d8 84 24 20 08 00 00 	fadd   DWORD PTR [rsp+0x820]
     308:	d9 5c 24 20          	fstp   DWORD PTR [rsp+0x20]
     30c:	d9 84 24 24 04 00 00 	fld    DWORD PTR [rsp+0x424]
     313:	d8 84 24 24 08 00 00 	fadd   DWORD PTR [rsp+0x824]
     31a:	d9 5c 24 24          	fstp   DWORD PTR [rsp+0x24]
     31e:	d9 84 24 28 04 00 00 	fld    DWORD PTR [rsp+0x428]
     325:	d8 84 24 28 08 00 00 	fadd   DWORD PTR [rsp+0x828]
     32c:	d9 5c 24 28          	fstp   DWORD PTR [rsp+0x28]
     330:	d9 84 24 2c 04 00 00 	fld    DWORD PTR [rsp+0x42c]
     337:	d8 84 24 2c 08 00 00 	fadd   DWORD PTR [rsp+0x82c]
     33e:	d9 5c 24 2c          	fstp   DWORD PTR [rsp+0x2c]
     342:	d9 84 24 30 04 00 00 	fld    DWORD PTR [rsp+0x430]
     349:	d8 84 24 30 08 00 00 	fadd   DWORD PTR [rsp+0x830]
     350:	d9 5c 24 30          	fstp   DWORD PTR [rsp+0x30]
     354:	d9 84 24 34 04 00 00 	fld    DWORD PTR [rsp+0x434]
     35b:	d8 84 24 34 08 00 00 	fadd   DWORD PTR [rsp+0x834]
     362:	d9 5c 24 34          	fstp   DWORD PTR [rsp+0x34]
     366:	d9 84 24 38 04 00 00 	fld    DWORD PTR [rsp+0x438]
     36d:	d8 84 24 38 08 00 00 	fadd   DWORD PTR [rsp+0x838]
     374:	d9 5c 24 38          	fstp   DWORD PTR [rsp+0x38]
     378:	d9 84 24 3c 04 00 00 	fld    DWORD PTR [rsp+0x43c]
     37f:	d8 84 24 3c 08 00 00 	fadd   DWORD PTR [rsp+0x83c]
     386:	d9 5c 24 3c          	fstp   DWORD PTR [rsp+0x3c]
     38a:	d9 84 24 40 04 00 00 	fld    DWORD PTR [rsp+0x440]
     391:	d8 84 24 40 08 00 00 	fadd   DWORD PTR [rsp+0x840]
     398:	d9 5c 24 40          	fstp   DWORD PTR [rsp+0x40]
     39c:	d9 84 24 44 04 00 00 	fld    DWORD PTR [rsp+0x444]
     3a3:	d8 84 24 44 08 00 00 	fadd   DWORD PTR [rsp+0x844]
     3aa:	d9 5c 24 44          	fstp   DWORD PTR [rsp+0x44]
     3ae:	d9 84 24 48 04 00 00 	fld    DWORD PTR [rsp+0x448]
     3b5:	d8 84 24 48 08 00 00 	fadd   DWORD PTR [rsp+0x848]
     3bc:	d9 5c 24 48          	fstp   DWORD PTR [rsp+0x48]
     3c0:	d9 84 24 4c 04 00 00 	fld    DWORD PTR [rsp+0x44c]
     3c7:	d8 84 24 4c 08 00 00 	fadd   DWORD PTR [rsp+0x84c]
     3ce:	d9 5c 24 4c          	fstp   DWORD PTR [rsp+0x4c]
     3d2:	d9 84 24 50 04 00 00 	fld    DWORD PTR [rsp+0x450]
     3d9:	d8 84 24 50 08 00 00 	fadd   DWORD PTR [rsp+0x850]
     3e0:	d9 5c 24 50          	fstp   DWORD PTR [rsp+0x50]
     3e4:	d9 84 24 54 04 00 00 	fld    DWORD PTR [rsp+0x454]
     3eb:	d8 84 24 54 08 00 00 	fadd   DWORD PTR [rsp+0x854]
     3f2:	d9 5c 24 54          	fstp   DWORD PTR [rsp+0x54]
     3f6:	d9 84 24 58 04 00 00 	fld    DWORD PTR [rsp+0x458]
     3fd:	d8 84 24 58 08 00 00 	fadd   DWORD PTR [rsp+0x858]
     404:	d9 5c 24 58          	fstp   DWORD PTR [rsp+0x58]
     408:	d9 84 24 5c 04 00 00 	fld    DWORD PTR [rsp+0x45c]
     40f:	d8 84 24 5c 08 00 00 	fadd   DWORD PTR [rsp+0x85c]
     416:	d9 5c 24 5c          	fstp   DWORD PTR [rsp+0x5c]
     41a:	d9 84 24 60 04 00 00 	fld    DWORD PTR [rsp+0x460]
     421:	d8 84 24 60 08 00 00 	fadd   DWORD PTR [rsp+0x860]
     428:	d9 5c 24 60          	fstp   DWORD PTR [rsp+0x60]
     42c:	d9 84 24 64 04 00 00 	fld    DWORD PTR [rsp+0x464]
     433:	d8 84 24 64 08 00 00 	fadd   DWORD PTR [rsp+0x864]
     43a:	d9 5c 24 64          	fstp   DWORD PTR [rsp+0x64]
     43e:	d9 84 24 68 04 00 00 	fld    DWORD PTR [rsp+0x468]
     445:	d8 84 24 68 08 00 00 	fadd   DWORD PTR [rsp+0x868]
     44c:	d9 5c 24 68          	fstp   DWORD PTR [rsp+0x68]
     450:	d9 84 24 6c 04 00 00 	fld    DWORD PTR [rsp+0x46c]
     457:	d8 84 24 6c 08 00 00 	fadd   DWORD PTR [rsp+0x86c]
     45e:	d9 5c 24 6c          	fstp   DWORD PTR [rsp+0x6c]
     462:	d9 84 24 70 04 00 00 	fld    DWORD PTR [rsp+0x470]
     469:	d8 84 24 70 08 00 00 	fadd   DWORD PTR [rsp+0x870]
     470:	d9 5c 24 70          	fstp   DWORD PTR [rsp+0x70]
     474:	d9 84 24 74 04 00 00 	fld    DWORD PTR [rsp+0x474]
     47b:	d8 84 24 74 08 00 00 	fadd   DWORD PTR [rsp+0x874]
     482:	d9 5c 24 74          	fstp   DWORD PTR [rsp+0x74]
     486:	d9 84 24 78 04 00 00 	fld    DWORD PTR [rsp+0x478]
     48d:	d8 84 24 78 08 00 00 	fadd   DWORD PTR [rsp+0x878]
     494:	d9 5c 24 78          	fstp   DWORD PTR [rsp+0x78]
     498:	d9 84 24 7c 04 00 00 	fld    DWORD PTR [rsp+0x47c]
     49f:	d8 84 24 7c 08 00 00 	fadd   DWORD PTR [rsp+0x87c]
     4a6:	d9 5c 24 7c          	fstp   DWORD PTR [rsp+0x7c]
     4aa:	d9 84 24 80 04 00 00 	fld    DWORD PTR [rsp+0x480]
     4b1:	d8 84 24 80 08 00 00 	fadd   DWORD PTR [rsp+0x880]
     4b8:	d9 9c 24 80 00 00 00 	fstp   DWORD PTR [rsp+0x80]
     4bf:	d9 84 24 84 04 00 00 	fld    DWORD PTR [rsp+0x484]
     4c6:	d8 84 24 84 08 00 00 	fadd   DWORD PTR [rsp+0x884]
     4cd:	d9 9c 24 84 00 00 00 	fstp   DWORD PTR [rsp+0x84]
     4d4:	d9 84 24 88 04 00 00 	fld    DWORD PTR [rsp+0x488]
     4db:	d8 84 24 88 08 00 00 	fadd   DWORD PTR [rsp+0x888]
     4e2:	d9 9c 24 88 00 00 00 	fstp   DWORD PTR [rsp+0x88]
     4e9:	d9 84 24 8c 04 00 00 	fld    DWORD PTR [rsp+0x48c]
     4f0:	d8 84 24 8c 08 00 00 	fadd   DWORD PTR [rsp+0x88c]
     4f7:	d9 9c 24 8c 00 00 00 	fstp   DWORD PTR [rsp+0x8c]
     4fe:	d9 84 24 90 04 00 00 	fld    DWORD PTR [rsp+0x490]
     505:	d8 84 24 90 08 00 00 	fadd   DWORD PTR [rsp+0x890]
     50c:	d9 9c 24 90 00 00 00 	fstp   DWORD PTR [rsp+0x90]
     513:	d9 84 24 94 04 00 00 	fld    DWORD PTR [rsp+0x494]
     51a:	d8 84 24 94 08 00 00 	fadd   DWORD PTR [rsp+0x894]
     521:	d9 9c 24 94 00 00 00 	fstp   DWORD PTR [rsp+0x94]
     528:	d9 84 24 98 04 00 00 	fld    DWORD PTR [rsp+0x498]
     52f:	d8 84 24 98 08 00 00 	fadd   DWORD PTR [rsp+0x898]
     536:	d9 9c 24 98 00 00 00 	fstp   DWORD PTR [rsp+0x98]
     53d:	d9 84 24 9c 04 00 00 	fld    DWORD PTR [rsp+0x49c]
     544:	d8 84 24 9c 08 00 00 	fadd   DWORD PTR [rsp+0x89c]
     54b:	d9 9c 24 9c 00 00 00 	fstp   DWORD PTR [rsp+0x9c]
     552:	d9 84 24 a0 04 00 00 	fld    DWORD PTR [rsp+0x4a0]
     559:	d8 84 24 a0 08 00 00 	fadd   DWORD PTR [rsp+0x8a0]
     560:	d9 9c 24 a0 00 00 00 	fstp   DWORD PTR [rsp+0xa0]
     567:	d9 84 24 a4 04 00 00 	fld    DWORD PTR [rsp+0x4a4]
     56e:	d8 84 24 a4 08 00 00 	fadd   DWORD PTR [rsp+0x8a4]
     575:	d9 9c 24 a4 00 00 00 	fstp   DWORD PTR [rsp+0xa4]
     57c:	d9 84 24 a8 04 00 00 	fld    DWORD PTR [rsp+0x4a8]
     583:	d8 84 24 a8 08 00 00 	fadd   DWORD PTR [rsp+0x8a8]
     58a:	d9 9c 24 a8 00 00 00 	fstp   DWORD PTR [rsp+0xa8]
     591:	d9 84 24 ac 04 00 00 	fld    DWORD PTR [rsp+0x4ac]
     598:	d8 84 24 ac 08 00 00 	fadd   DWORD PTR [rsp+0x8ac]
     59f:	d9 9c 24 ac 00 00 00 	fstp   DWORD PTR [rsp+0xac]
     5a6:	d9 84 24 b0 04 00 00 	fld    DWORD PTR [rsp+0x4b0]
     5ad:	d8 84 24 b0 08 00 00 	fadd   DWORD PTR [rsp+0x8b0]
     5b4:	d9 9c 24 b0 00 00 00 	fstp   DWORD PTR [rsp+0xb0]
     5bb:	d9 84 24 b4 04 00 00 	fld    DWORD PTR [rsp+0x4b4]
     5c2:	d8 84 24 b4 08 00 00 	fadd   DWORD PTR [rsp+0x8b4]
     5c9:	d9 9c 24 b4 00 00 00 	fstp   DWORD PTR [rsp+0xb4]
     5d0:	d9 84 24 b8 04 00 00 	fld    DWORD PTR [rsp+0x4b8]
     5d7:	d8 84 24 b8 08 00 00 	fadd   DWORD PTR [rsp+0x8b8]
     5de:	d9 9c 24 b8 00 00 00 	fstp   DWORD PTR [rsp+0xb8]
     5e5:	d9 84 24 bc 04 00 00 	fld    DWORD PTR [rsp+0x4bc]
     5ec:	d8 84 24 bc 08 00 00 	fadd   DWORD PTR [rsp+0x8bc]
     5f3:	d9 9c 24 bc 00 00 00 	fstp   DWORD PTR [rsp+0xbc]
     5fa:	d9 84 24 c0 04 00 00 	fld    DWORD PTR [rsp+0x4c0]
     601:	d8 84 24 c0 08 00 00 	fadd   DWORD PTR [rsp+0x8c0]
     608:	d9 9c 24 c0 00 00 00 	fstp   DWORD PTR [rsp+0xc0]
     60f:	d9 84 24 c4 04 00 00 	fld    DWORD PTR [rsp+0x4c4]
     616:	d8 84 24 c4 08 00 00 	fadd   DWORD PTR [rsp+0x8c4]
     61d:	d9 9c 24 c4 00 00 00 	fstp   DWORD PTR [rsp+0xc4]
     624:	d9 84 24 c8 04 00 00 	fld    DWORD PTR [rsp+0x4c8]
     62b:	d8 84 24 c8 08 00 00 	fadd   DWORD PTR [rsp+0x8c8]
     632:	d9 9c 24 c8 00 00 00 	fstp   DWORD PTR [rsp+0xc8]
     639:	d9 84 24 cc 04 00 00 	fld    DWORD PTR [rsp+0x4cc]
     640:	d8 84 24 cc 08 00 00 	fadd   DWORD PTR [rsp+0x8cc]
     647:	d9 9c 24 cc 00 00 00 	fstp   DWORD PTR [rsp+0xcc]
     64e:	d9 84 24 d0 04 00 00 	fld    DWORD PTR [rsp+0x4d0]
     655:	d8 84 24 d0 08 00 00 	fadd   DWORD PTR [rsp+0x8d0]
     65c:	d9 9c 24 d0 00 00 00 	fstp   DWORD PTR [rsp+0xd0]
     663:	d9 84 24 d4 04 00 00 	fld    DWORD PTR [rsp+0x4d4]
     66a:	d8 84 24 d4 08 00 00 	fadd   DWORD PTR [rsp+0x8d4]
     671:	d9 9c 24 d4 00 00 00 	fstp   DWORD PTR [rsp+0xd4]
     678:	d9 84 24 d8 04 00 00 	fld    DWORD PTR [rsp+0x4d8]
     67f:	d8 84 24 d8 08 00 00 	fadd   DWORD PTR [rsp+0x8d8]
     686:	d9 9c 24 d8 00 00 00 	fstp   DWORD PTR [rsp+0xd8]
     68d:	d9 84 24 dc 04 00 00 	fld    DWORD PTR [rsp+0x4dc]
     694:	d8 84 24 dc 08 00 00 	fadd   DWORD PTR [rsp+0x8dc]
     69b:	d9 9c 24 dc 00 00 00 	fstp   DWORD PTR [rsp+0xdc]
     6a2:	d9 84 24 e0 04 00 00 	fld    DWORD PTR [rsp+0x4e0]
     6a9:	d8 84 24 e0 08 00 00 	fadd   DWORD PTR [rsp+0x8e0]
     6b0:	d9 9c 24 e0 00 00 00 	fstp   DWORD PTR [rsp+0xe0]
     6b7:	d9 84 24 e4 04 00 00 	fld    DWORD PTR [rsp+0x4e4]
     6be:	d8 84 24 e4 08 00 00 	fadd   DWORD PTR [rsp+0x8e4]
     6c5:	d9 9c 24 e4 00 00 00 	fstp   DWORD PTR [rsp+0xe4]
     6cc:	d9 84 24 e8 04 00 00 	fld    DWORD PTR [rsp+0x4e8]
     6d3:	d8 84 24 e8 08 00 00 	fadd   DWORD PTR [rsp+0x8e8]
     6da:	d9 9c 24 e8 00 00 00 	fstp   DWORD PTR [rsp+0xe8]
     6e1:	d9 84 24 ec 04 00 00 	fld    DWORD PTR [rsp+0x4ec]
     6e8:	d8 84 24 ec 08 00 00 	fadd   DWORD PTR [rsp+0x8ec]
     6ef:	d9 9c 24 ec 00 00 00 	fstp   DWORD PTR [rsp+0xec]
     6f6:	d9 84 24 f0 04 00 00 	fld    DWORD PTR [rsp+0x4f0]
     6fd:	d8 84 24 f0 08 00 00 	fadd   DWORD PTR [rsp+0x8f0]
     704:	d9 9c 24 f0 00 00 00 	fstp   DWORD PTR [rsp+0xf0]
     70b:	d9 84 24 f4 04 00 00 	fld    DWORD PTR [rsp+0x4f4]
     712:	d8 84 24 f4 08 00 00 	fadd   DWORD PTR [rsp+0x8f4]
     719:	d9 9c 24 f4 00 00 00 	fstp   DWORD PTR [rsp+0xf4]
     720:	d9 84 24 f8 04 00 00 	fld    DWORD PTR [rsp+0x4f8]
     727:	d8 84 24 f8 08 00 00 	fadd   DWORD PTR [rsp+0x8f8]
     72e:	d9 9c 24 f8 00 00 00 	fstp   DWORD PTR [rsp+0xf8]
     735:	d9 84 24 fc 04 00 00 	fld    DWORD PTR [rsp+0x4fc]
     73c:	d8 84 24 fc 08 00 00 	fadd   DWORD PTR [rsp+0x8fc]
     743:	d9 9c 24 fc 00 00 00 	fstp   DWORD PTR [rsp+0xfc]
     74a:	d9 84 24 00 05 00 00 	fld    DWORD PTR [rsp+0x500]
     751:	d8 84 24 00 09 00 00 	fadd   DWORD PTR [rsp+0x900]
     758:	d9 9c 24 00 01 00 00 	fstp   DWORD PTR [rsp+0x100]
     75f:	d9 84 24 04 05 00 00 	fld    DWORD PTR [rsp+0x504]
     766:	d8 84 24 04 09 00 00 	fadd   DWORD PTR [rsp+0x904]
     76d:	d9 9c 24 04 01 00 00 	fstp   DWORD PTR [rsp+0x104]
     774:	d9 84 24 08 05 00 00 	fld    DWORD PTR [rsp+0x508]
     77b:	d8 84 24 08 09 00 00 	fadd   DWORD PTR [rsp+0x908]
     782:	d9 9c 24 08 01 00 00 	fstp   DWORD PTR [rsp+0x108]
     789:	d9 84 24 0c 05 00 00 	fld    DWORD PTR [rsp+0x50c]
     790:	d8 84 24 0c 09 00 00 	fadd   DWORD PTR [rsp+0x90c]
     797:	d9 9c 24 0c 01 00 00 	fstp   DWORD PTR [rsp+0x10c]
     79e:	d9 84 24 10 05 00 00 	fld    DWORD PTR [rsp+0x510]
     7a5:	d8 84 24 10 09 00 00 	fadd   DWORD PTR [rsp+0x910]
     7ac:	d9 9c 24 10 01 00 00 	fstp   DWORD PTR [rsp+0x110]
     7b3:	d9 84 24 14 05 00 00 	fld    DWORD PTR [rsp+0x514]
     7ba:	d8 84 24 14 09 00 00 	fadd   DWORD PTR [rsp+0x914]
     7c1:	d9 9c 24 14 01 00 00 	fstp   DWORD PTR [rsp+0x114]
     7c8:	d9 84 24 18 05 00 00 	fld    DWORD PTR [rsp+0x518]
     7cf:	d8 84 24 18 09 00 00 	fadd   DWORD PTR [rsp+0x918]
     7d6:	d9 9c 24 18 01 00 00 	fstp   DWORD PTR [rsp+0x118]
     7dd:	d9 84 24 1c 05 00 00 	fld    DWORD PTR [rsp+0x51c]
     7e4:	d8 84 24 1c 09 00 00 	fadd   DWORD PTR [rsp+0x91c]
     7eb:	d9 9c 24 1c 01 00 00 	fstp   DWORD PTR [rsp+0x11c]
     7f2:	d9 84 24 20 05 00 00 	fld    DWORD PTR [rsp+0x520]
     7f9:	d8 84 24 20 09 00 00 	fadd   DWORD PTR [rsp+0x920]
     800:	d9 9c 24 20 01 00 00 	fstp   DWORD PTR [rsp+0x120]
     807:	d9 84 24 24 05 00 00 	fld    DWORD PTR [rsp+0x524]
     80e:	d8 84 24 24 09 00 00 	fadd   DWORD PTR [rsp+0x924]
     815:	d9 9c 24 24 01 00 00 	fstp   DWORD PTR [rsp+0x124]
     81c:	d9 84 24 28 05 00 00 	fld    DWORD PTR [rsp+0x528]
     823:	d8 84 24 28 09 00 00 	fadd   DWORD PTR [rsp+0x928]
     82a:	d9 9c 24 28 01 00 00 	fstp   DWORD PTR [rsp+0x128]
     831:	d9 84 24 2c 05 00 00 	fld    DWORD PTR [rsp+0x52c]
     838:	d8 84 24 2c 09 00 00 	fadd   DWORD PTR [rsp+0x92c]
     83f:	d9 9c 24 2c 01 00 00 	fstp   DWORD PTR [rsp+0x12c]
     846:	d9 84 24 30 05 00 00 	fld    DWORD PTR [rsp+0x530]
     84d:	d8 84 24 30 09 00 00 	fadd   DWORD PTR [rsp+0x930]
     854:	d9 9c 24 30 01 00 00 	fstp   DWORD PTR [rsp+0x130]
     85b:	d9 84 24 34 05 00 00 	fld    DWORD PTR [rsp+0x534]
     862:	d8 84 24 34 09 00 00 	fadd   DWORD PTR [rsp+0x934]
     869:	d9 9c 24 34 01 00 00 	fstp   DWORD PTR [rsp+0x134]
     870:	d9 84 24 38 05 00 00 	fld    DWORD PTR [rsp+0x538]
     877:	d8 84 24 38 09 00 00 	fadd   DWORD PTR [rsp+0x938]
     87e:	d9 9c 24 38 01 00 00 	fstp   DWORD PTR [rsp+0x138]
     885:	d9 84 24 3c 05 00 00 	fld    DWORD PTR [rsp+0x53c]
     88c:	d8 84 24 3c 09 00 00 	fadd   DWORD PTR [rsp+0x93c]
     893:	d9 9c 24 3c 01 00 00 	fstp   DWORD PTR [rsp+0x13c]
     89a:	d9 84 24 40 05 00 00 	fld    DWORD PTR [rsp+0x540]
     8a1:	d8 84 24 40 09 00 00 	fadd   DWORD PTR [rsp+0x940]
     8a8:	d9 9c 24 40 01 00 00 	fstp   DWORD PTR [rsp+0x140]
     8af:	d9 84 24 44 05 00 00 	fld    DWORD PTR [rsp+0x544]
     8b6:	d8 84 24 44 09 00 00 	fadd   DWORD PTR [rsp+0x944]
     8bd:	d9 9c 24 44 01 00 00 	fstp   DWORD PTR [rsp+0x144]
     8c4:	d9 84 24 48 05 00 00 	fld    DWORD PTR [rsp+0x548]
     8cb:	d8 84 24 48 09 00 00 	fadd   DWORD PTR [rsp+0x948]
     8d2:	d9 9c 24 48 01 00 00 	fstp   DWORD PTR [rsp+0x148]
     8d9:	d9 84 24 4c 05 00 00 	fld    DWORD PTR [rsp+0x54c]
     8e0:	d8 84 24 4c 09 00 00 	fadd   DWORD PTR [rsp+0x94c]
     8e7:	d9 9c 24 4c 01 00 00 	fstp   DWORD PTR [rsp+0x14c]
     8ee:	d9 84 24 50 05 00 00 	fld    DWORD PTR [rsp+0x550]
     8f5:	d8 84 24 50 09 00 00 	fadd   DWORD PTR [rsp+0x950]
     8fc:	d9 9c 24 50 01 00 00 	fstp   DWORD PTR [rsp+0x150]
     903:	d9 84 24 54 05 00 00 	fld    DWORD PTR [rsp+0x554]
     90a:	d8 84 24 54 09 00 00 	fadd   DWORD PTR [rsp+0x954]
     911:	d9 9c 24 54 01 00 00 	fstp   DWORD PTR [rsp+0x154]
     918:	d9 84 24 58 05 00 00 	fld    DWORD PTR [rsp+0x558]
     91f:	d8 84 24 58 09 00 00 	fadd   DWORD PTR [rsp+0x958]
     926:	d9 9c 24 58 01 00 00 	fstp   DWORD PTR [rsp+0x158]
     92d:	d9 84 24 5c 05 00 00 	fld    DWORD PTR [rsp+0x55c]
     934:	d8 84 24 5c 09 00 00 	fadd   DWORD PTR [rsp+0x95c]
     93b:	d9 9c 24 5c 01 00 00 	fstp   DWORD PTR [rsp+0x15c]
     942:	d9 84 24 60 05 00 00 	fld    DWORD PTR [rsp+0x560]
     949:	d8 84 24 60 09 00 00 	fadd   DWORD PTR [rsp+0x960]
     950:	d9 9c 24 60 01 00 00 	fstp   DWORD PTR [rsp+0x160]
     957:	d9 84 24 64 05 00 00 	fld    DWORD PTR [rsp+0x564]
     95e:	d8 84 24 64 09 00 00 	fadd   DWORD PTR [rsp+0x964]
     965:	d9 9c 24 64 01 00 00 	fstp   DWORD PTR [rsp+0x164]
     96c:	d9 84 24 68 05 00 00 	fld    DWORD PTR [rsp+0x568]
     973:	d8 84 24 68 09 00 00 	fadd   DWORD PTR [rsp+0x968]
     97a:	d9 9c 24 68 01 00 00 	fstp   DWORD PTR [rsp+0x168]
     981:	d9 84 24 6c 05 00 00 	fld    DWORD PTR [rsp+0x56c]
     988:	d8 84 24 6c 09 00 00 	fadd   DWORD PTR [rsp+0x96c]
     98f:	d9 9c 24 6c 01 00 00 	fstp   DWORD PTR [rsp+0x16c]
     996:	d9 84 24 70 05 00 00 	fld    DWORD PTR [rsp+0x570]
     99d:	d8 84 24 70 09 00 00 	fadd   DWORD PTR [rsp+0x970]
     9a4:	d9 9c 24 70 01 00 00 	fstp   DWORD PTR [rsp+0x170]
     9ab:	d9 84 24 74 05 00 00 	fld    DWORD PTR [rsp+0x574]
     9b2:	d8 84 24 74 09 00 00 	fadd   DWORD PTR [rsp+0x974]
     9b9:	d9 9c 24 74 01 00 00 	fstp   DWORD PTR [rsp+0x174]
     9c0:	d9 84 24 78 05 00 00 	fld    DWORD PTR [rsp+0x578]
     9c7:	d8 84 24 78 09 00 00 	fadd   DWORD PTR [rsp+0x978]
     9ce:	d9 9c 24 78 01 00 00 	fstp   DWORD PTR [rsp+0x178]
     9d5:	d9 84 24 7c 05 00 00 	fld    DWORD PTR [rsp+0x57c]
     9dc:	d8 84 24 7c 09 00 00 	fadd   DWORD PTR [rsp+0x97c]
     9e3:	d9 9c 24 7c 01 00 00 	fstp   DWORD PTR [rsp+0x17c]
     9ea:	d9 84 24 80 05 00 00 	fld    DWORD PTR [rsp+0x580]
     9f1:	d8 84 24 80 09 00 00 	fadd   DWORD PTR [rsp+0x980]
     9f8:	d9 9c 24 80 01 00 00 	fstp   DWORD PTR [rsp+0x180]
     9ff:	d9 84 24 84 05 00 00 	fld    DWORD PTR [rsp+0x584]
     a06:	d8 84 24 84 09 00 00 	fadd   DWORD PTR [rsp+0x984]
     a0d:	d9 9c 24 84 01 00 00 	fstp   DWORD PTR [rsp+0x184]
     a14:	d9 84 24 88 05 00 00 	fld    DWORD PTR [rsp+0x588]
     a1b:	d8 84 24 88 09 00 00 	fadd   DWORD PTR [rsp+0x988]
     a22:	d9 9c 24 88 01 00 00 	fstp   DWORD PTR [rsp+0x188]
     a29:	d9 84 24 8c 05 00 00 	fld    DWORD PTR [rsp+0x58c]
     a30:	d8 84 24 8c 09 00 00 	fadd   DWORD PTR [rsp+0x98c]
     a37:	d9 9c 24 8c 01 00 00 	fstp   DWORD PTR [rsp+0x18c]
     a3e:	d9 84 24 90 05 00 00 	fld    DWORD PTR [rsp+0x590]
     a45:	d8 84 24 90 09 00 00 	fadd   DWORD PTR [rsp+0x990]
     a4c:	d9 9c 24 90 01 00 00 	fstp   DWORD PTR [rsp+0x190]
     a53:	d9 84 24 94 05 00 00 	fld    DWORD PTR [rsp+0x594]
     a5a:	d8 84 24 94 09 00 00 	fadd   DWORD PTR [rsp+0x994]
     a61:	d9 9c 24 94 01 00 00 	fstp   DWORD PTR [rsp+0x194]
     a68:	d9 84 24 98 05 00 00 	fld    DWORD PTR [rsp+0x598]
     a6f:	d8 84 24 98 09 00 00 	fadd   DWORD PTR [rsp+0x998]
     a76:	d9 9c 24 98 01 00 00 	fstp   DWORD PTR [rsp+0x198]
     a7d:	d9 84 24 9c 05 00 00 	fld    DWORD PTR [rsp+0x59c]
     a84:	d8 84 24 9c 09 00 00 	fadd   DWORD PTR [rsp+0x99c]
     a8b:	d9 9c 24 9c 01 00 00 	fstp   DWORD PTR [rsp+0x19c]
     a92:	d9 84 24 a0 05 00 00 	fld    DWORD PTR [rsp+0x5a0]
     a99:	d8 84 24 a0 09 00 00 	fadd   DWORD PTR [rsp+0x9a0]
     aa0:	d9 9c 24 a0 01 00 00 	fstp   DWORD PTR [rsp+0x1a0]
     aa7:	d9 84 24 a4 05 00 00 	fld    DWORD PTR [rsp+0x5a4]
     aae:	d8 84 24 a4 09 00 00 	fadd   DWORD PTR [rsp+0x9a4]
     ab5:	d9 9c 24 a4 01 00 00 	fstp   DWORD PTR [rsp+0x1a4]
     abc:	d9 84 24 a8 05 00 00 	fld    DWORD PTR [rsp+0x5a8]
     ac3:	d8 84 24 a8 09 00 00 	fadd   DWORD PTR [rsp+0x9a8]
     aca:	d9 9c 24 a8 01 00 00 	fstp   DWORD PTR [rsp+0x1a8]
     ad1:	d9 84 24 ac 05 00 00 	fld    DWORD PTR [rsp+0x5ac]
     ad8:	d8 84 24 ac 09 00 00 	fadd   DWORD PTR [rsp+0x9ac]
     adf:	d9 9c 24 ac 01 00 00 	fstp   DWORD PTR [rsp+0x1ac]
     ae6:	d9 84 24 b0 05 00 00 	fld    DWORD PTR [rsp+0x5b0]
     aed:	d8 84 24 b0 09 00 00 	fadd   DWORD PTR [rsp+0x9b0]
     af4:	d9 9c 24 b0 01 00 00 	fstp   DWORD PTR [rsp+0x1b0]
     afb:	d9 84 24 b4 05 00 00 	fld    DWORD PTR [rsp+0x5b4]
     b02:	d8 84 24 b4 09 00 00 	fadd   DWORD PTR [rsp+0x9b4]
     b09:	d9 9c 24 b4 01 00 00 	fstp   DWORD PTR [rsp+0x1b4]
     b10:	d9 84 24 b8 05 00 00 	fld    DWORD PTR [rsp+0x5b8]
     b17:	d8 84 24 b8 09 00 00 	fadd   DWORD PTR [rsp+0x9b8]
     b1e:	d9 9c 24 b8 01 00 00 	fstp   DWORD PTR [rsp+0x1b8]
     b25:	d9 84 24 bc 05 00 00 	fld    DWORD PTR [rsp+0x5bc]
     b2c:	d8 84 24 bc 09 00 00 	fadd   DWORD PTR [rsp+0x9bc]
     b33:	d9 9c 24 bc 01 00 00 	fstp   DWORD PTR [rsp+0x1bc]
     b3a:	d9 84 24 c0 05 00 00 	fld    DWORD PTR [rsp+0x5c0]
     b41:	d8 84 24 c0 09 00 00 	fadd   DWORD PTR [rsp+0x9c0]
     b48:	d9 9c 24 c0 01 00 00 	fstp   DWORD PTR [rsp+0x1c0]
     b4f:	d9 84 24 c4 05 00 00 	fld    DWORD PTR [rsp+0x5c4]
     b56:	d8 84 24 c4 09 00 00 	fadd   DWORD PTR [rsp+0x9c4]
     b5d:	d9 9c 24 c4 01 00 00 	fstp   DWORD PTR [rsp+0x1c4]
     b64:	d9 84 24 c8 05 00 00 	fld    DWORD PTR [rsp+0x5c8]
     b6b:	d8 84 24 c8 09 00 00 	fadd   DWORD PTR [rsp+0x9c8]
     b72:	d9 9c 24 c8 01 00 00 	fstp   DWORD PTR [rsp+0x1c8]
     b79:	d9 84 24 cc 05 00 00 	fld    DWORD PTR [rsp+0x5cc]
     b80:	d8 84 24 cc 09 00 00 	fadd   DWORD PTR [rsp+0x9cc]
     b87:	d9 9c 24 cc 01 00 00 	fstp   DWORD PTR [rsp+0x1cc]
     b8e:	d9 84 24 d0 05 00 00 	fld    DWORD PTR [rsp+0x5d0]
     b95:	d8 84 24 d0 09 00 00 	fadd   DWORD PTR [rsp+0x9d0]
     b9c:	d9 9c 24 d0 01 00 00 	fstp   DWORD PTR [rsp+0x1d0]
     ba3:	d9 84 24 d4 05 00 00 	fld    DWORD PTR [rsp+0x5d4]
     baa:	d8 84 24 d4 09 00 00 	fadd   DWORD PTR [rsp+0x9d4]
     bb1:	d9 9c 24 d4 01 00 00 	fstp   DWORD PTR [rsp+0x1d4]
     bb8:	d9 84 24 d8 05 00 00 	fld    DWORD PTR [rsp+0x5d8]
     bbf:	d8 84 24 d8 09 00 00 	fadd   DWORD PTR [rsp+0x9d8]
     bc6:	d9 9c 24 d8 01 00 00 	fstp   DWORD PTR [rsp+0x1d8]
     bcd:	d9 84 24 dc 05 00 00 	fld    DWORD PTR [rsp+0x5dc]
     bd4:	d8 84 24 dc 09 00 00 	fadd   DWORD PTR [rsp+0x9dc]
     bdb:	d9 9c 24 dc 01 00 00 	fstp   DWORD PTR [rsp+0x1dc]
     be2:	d9 84 24 e0 05 00 00 	fld    DWORD PTR [rsp+0x5e0]
     be9:	d8 84 24 e0 09 00 00 	fadd   DWORD PTR [rsp+0x9e0]
     bf0:	d9 9c 24 e0 01 00 00 	fstp   DWORD PTR [rsp+0x1e0]
     bf7:	d9 84 24 e4 05 00 00 	fld    DWORD PTR [rsp+0x5e4]
     bfe:	d8 84 24 e4 09 00 00 	fadd   DWORD PTR [rsp+0x9e4]
     c05:	d9 9c 24 e4 01 00 00 	fstp   DWORD PTR [rsp+0x1e4]
     c0c:	d9 84 24 e8 05 00 00 	fld    DWORD PTR [rsp+0x5e8]
     c13:	d8 84 24 e8 09 00 00 	fadd   DWORD PTR [rsp+0x9e8]
     c1a:	d9 9c 24 e8 01 00 00 	fstp   DWORD PTR [rsp+0x1e8]
     c21:	d9 84 24 ec 05 00 00 	fld    DWORD PTR [rsp+0x5ec]
     c28:	d8 84 24 ec 09 00 00 	fadd   DWORD PTR [rsp+0x9ec]
     c2f:	d9 9c 24 ec 01 00 00 	fstp   DWORD PTR [rsp+0x1ec]
     c36:	d9 84 24 f0 05 00 00 	fld    DWORD PTR [rsp+0x5f0]
     c3d:	d8 84 24 f0 09 00 00 	fadd   DWORD PTR [rsp+0x9f0]
     c44:	d9 9c 24 f0 01 00 00 	fstp   DWORD PTR [rsp+0x1f0]
     c4b:	d9 84 24 f4 05 00 00 	fld    DWORD PTR [rsp+0x5f4]
     c52:	d8 84 24 f4 09 00 00 	fadd   DWORD PTR [rsp+0x9f4]
     c59:	d9 9c 24 f4 01 00 00 	fstp   DWORD PTR [rsp+0x1f4]
     c60:	d9 84 24 f8 05 00 00 	fld    DWORD PTR [rsp+0x5f8]
     c67:	d8 84 24 f8 09 00 00 	fadd   DWORD PTR [rsp+0x9f8]
     c6e:	d9 9c 24 f8 01 00 00 	fstp   DWORD PTR [rsp+0x1f8]
     c75:	d9 84 24 fc 05 00 00 	fld    DWORD PTR [rsp+0x5fc]
     c7c:	d8 84 24 fc 09 00 00 	fadd   DWORD PTR [rsp+0x9fc]
     c83:	d9 9c 24 fc 01 00 00 	fstp   DWORD PTR [rsp+0x1fc]
     c8a:	d9 84 24 00 06 00 00 	fld    DWORD PTR [rsp+0x600]
     c91:	d8 84 24 00 0a 00 00 	fadd   DWORD PTR [rsp+0xa00]
     c98:	d9 9c 24 00 02 00 00 	fstp   DWORD PTR [rsp+0x200]
     c9f:	d9 84 24 04 06 00 00 	fld    DWORD PTR [rsp+0x604]
     ca6:	d8 84 24 04 0a 00 00 	fadd   DWORD PTR [rsp+0xa04]
     cad:	d9 9c 24 04 02 00 00 	fstp   DWORD PTR [rsp+0x204]
     cb4:	d9 84 24 08 06 00 00 	fld    DWORD PTR [rsp+0x608]
     cbb:	d8 84 24 08 0a 00 00 	fadd   DWORD PTR [rsp+0xa08]
     cc2:	d9 9c 24 08 02 00 00 	fstp   DWORD PTR [rsp+0x208]
     cc9:	d9 84 24 0c 06 00 00 	fld    DWORD PTR [rsp+0x60c]
     cd0:	d8 84 24 0c 0a 00 00 	fadd   DWORD PTR [rsp+0xa0c]
     cd7:	d9 9c 24 0c 02 00 00 	fstp   DWORD PTR [rsp+0x20c]
     cde:	d9 84 24 10 06 00 00 	fld    DWORD PTR [rsp+0x610]
     ce5:	d8 84 24 10 0a 00 00 	fadd   DWORD PTR [rsp+0xa10]
     cec:	d9 9c 24 10 02 00 00 	fstp   DWORD PTR [rsp+0x210]
     cf3:	d9 84 24 14 06 00 00 	fld    DWORD PTR [rsp+0x614]
     cfa:	d8 84 24 14 0a 00 00 	fadd   DWORD PTR [rsp+0xa14]
     d01:	d9 9c 24 14 02 00 00 	fstp   DWORD PTR [rsp+0x214]
     d08:	d9 84 24 18 06 00 00 	fld    DWORD PTR [rsp+0x618]
     d0f:	d8 84 24 18 0a 00 00 	fadd   DWORD PTR [rsp+0xa18]
     d16:	d9 9c 24 18 02 00 00 	fstp   DWORD PTR [rsp+0x218]
     d1d:	d9 84 24 1c 06 00 00 	fld    DWORD PTR [rsp+0x61c]
     d24:	d8 84 24 1c 0a 00 00 	fadd   DWORD PTR [rsp+0xa1c]
     d2b:	d9 9c 24 1c 02 00 00 	fstp   DWORD PTR [rsp+0x21c]
     d32:	d9 84 24 20 06 00 00 	fld    DWORD PTR [rsp+0x620]
     d39:	d8 84 24 20 0a 00 00 	fadd   DWORD PTR [rsp+0xa20]
     d40:	d9 9c 24 20 02 00 00 	fstp   DWORD PTR [rsp+0x220]
     d47:	d9 84 24 24 06 00 00 	fld    DWORD PTR [rsp+0x624]
     d4e:	d8 84 24 24 0a 00 00 	fadd   DWORD PTR [rsp+0xa24]
     d55:	d9 9c 24 24 02 00 00 	fstp   DWORD PTR [rsp+0x224]
     d5c:	d9 84 24 28 06 00 00 	fld    DWORD PTR [rsp+0x628]
     d63:	d8 84 24 28 0a 00 00 	fadd   DWORD PTR [rsp+0xa28]
     d6a:	d9 9c 24 28 02 00 00 	fstp   DWORD PTR [rsp+0x228]
     d71:	d9 84 24 2c 06 00 00 	fld    DWORD PTR [rsp+0x62c]
     d78:	d8 84 24 2c 0a 00 00 	fadd   DWORD PTR [rsp+0xa2c]
     d7f:	d9 9c 24 2c 02 00 00 	fstp   DWORD PTR [rsp+0x22c]
     d86:	d9 84 24 30 06 00 00 	fld    DWORD PTR [rsp+0x630]
     d8d:	d8 84 24 30 0a 00 00 	fadd   DWORD PTR [rsp+0xa30]
     d94:	d9 9c 24 30 02 00 00 	fstp   DWORD PTR [rsp+0x230]
     d9b:	d9 84 24 34 06 00 00 	fld    DWORD PTR [rsp+0x634]
     da2:	d8 84 24 34 0a 00 00 	fadd   DWORD PTR [rsp+0xa34]
     da9:	d9 9c 24 34 02 00 00 	fstp   DWORD PTR [rsp+0x234]
     db0:	d9 84 24 38 06 00 00 	fld    DWORD PTR [rsp+0x638]
     db7:	d8 84 24 38 0a 00 00 	fadd   DWORD PTR [rsp+0xa38]
     dbe:	d9 9c 24 38 02 00 00 	fstp   DWORD PTR [rsp+0x238]
     dc5:	d9 84 24 3c 06 00 00 	fld    DWORD PTR [rsp+0x63c]
     dcc:	d8 84 24 3c 0a 00 00 	fadd   DWORD PTR [rsp+0xa3c]
     dd3:	d9 9c 24 3c 02 00 00 	fstp   DWORD PTR [rsp+0x23c]
     dda:	d9 84 24 40 06 00 00 	fld    DWORD PTR [rsp+0x640]
     de1:	d8 84 24 40 0a 00 00 	fadd   DWORD PTR [rsp+0xa40]
     de8:	d9 9c 24 40 02 00 00 	fstp   DWORD PTR [rsp+0x240]
     def:	d9 84 24 44 06 00 00 	fld    DWORD PTR [rsp+0x644]
     df6:	d8 84 24 44 0a 00 00 	fadd   DWORD PTR [rsp+0xa44]
     dfd:	d9 9c 24 44 02 00 00 	fstp   DWORD PTR [rsp+0x244]
     e04:	d9 84 24 48 06 00 00 	fld    DWORD PTR [rsp+0x648]
     e0b:	d8 84 24 48 0a 00 00 	fadd   DWORD PTR [rsp+0xa48]
     e12:	d9 9c 24 48 02 00 00 	fstp   DWORD PTR [rsp+0x248]
     e19:	d9 84 24 4c 06 00 00 	fld    DWORD PTR [rsp+0x64c]
     e20:	d8 84 24 4c 0a 00 00 	fadd   DWORD PTR [rsp+0xa4c]
     e27:	d9 9c 24 4c 02 00 00 	fstp   DWORD PTR [rsp+0x24c]
     e2e:	d9 84 24 50 06 00 00 	fld    DWORD PTR [rsp+0x650]
     e35:	d8 84 24 50 0a 00 00 	fadd   DWORD PTR [rsp+0xa50]
     e3c:	d9 9c 24 50 02 00 00 	fstp   DWORD PTR [rsp+0x250]
     e43:	d9 84 24 54 06 00 00 	fld    DWORD PTR [rsp+0x654]
     e4a:	d8 84 24 54 0a 00 00 	fadd   DWORD PTR [rsp+0xa54]
     e51:	d9 9c 24 54 02 00 00 	fstp   DWORD PTR [rsp+0x254]
     e58:	d9 84 24 58 06 00 00 	fld    DWORD PTR [rsp+0x658]
     e5f:	d8 84 24 58 0a 00 00 	fadd   DWORD PTR [rsp+0xa58]
     e66:	d9 9c 24 58 02 00 00 	fstp   DWORD PTR [rsp+0x258]
     e6d:	d9 84 24 5c 06 00 00 	fld    DWORD PTR [rsp+0x65c]
     e74:	d8 84 24 5c 0a 00 00 	fadd   DWORD PTR [rsp+0xa5c]
     e7b:	d9 9c 24 5c 02 00 00 	fstp   DWORD PTR [rsp+0x25c]
     e82:	d9 84 24 60 06 00 00 	fld    DWORD PTR [rsp+0x660]
     e89:	d8 84 24 60 0a 00 00 	fadd   DWORD PTR [rsp+0xa60]
     e90:	d9 9c 24 60 02 00 00 	fstp   DWORD PTR [rsp+0x260]
     e97:	d9 84 24 64 06 00 00 	fld    DWORD PTR [rsp+0x664]
     e9e:	d8 84 24 64 0a 00 00 	fadd   DWORD PTR [rsp+0xa64]
     ea5:	d9 9c 24 64 02 00 00 	fstp   DWORD PTR [rsp+0x264]
     eac:	d9 84 24 68 06 00 00 	fld    DWORD PTR [rsp+0x668]
     eb3:	d8 84 24 68 0a 00 00 	fadd   DWORD PTR [rsp+0xa68]
     eba:	d9 9c 24 68 02 00 00 	fstp   DWORD PTR [rsp+0x268]
     ec1:	d9 84 24 6c 06 00 00 	fld    DWORD PTR [rsp+0x66c]
     ec8:	d8 84 24 6c 0a 00 00 	fadd   DWORD PTR [rsp+0xa6c]
     ecf:	d9 9c 24 6c 02 00 00 	fstp   DWORD PTR [rsp+0x26c]
     ed6:	d9 84 24 70 06 00 00 	fld    DWORD PTR [rsp+0x670]
     edd:	d8 84 24 70 0a 00 00 	fadd   DWORD PTR [rsp+0xa70]
     ee4:	d9 9c 24 70 02 00 00 	fstp   DWORD PTR [rsp+0x270]
     eeb:	d9 84 24 74 06 00 00 	fld    DWORD PTR [rsp+0x674]
     ef2:	d8 84 24 74 0a 00 00 	fadd   DWORD PTR [rsp+0xa74]
     ef9:	d9 9c 24 74 02 00 00 	fstp   DWORD PTR [rsp+0x274]
     f00:	d9 84 24 78 06 00 00 	fld    DWORD PTR [rsp+0x678]
     f07:	d8 84 24 78 0a 00 00 	fadd   DWORD PTR [rsp+0xa78]
     f0e:	d9 9c 24 78 02 00 00 	fstp   DWORD PTR [rsp+0x278]
     f15:	d9 84 24 7c 06 00 00 	fld    DWORD PTR [rsp+0x67c]
     f1c:	d8 84 24 7c 0a 00 00 	fadd   DWORD PTR [rsp+0xa7c]
     f23:	d9 9c 24 7c 02 00 00 	fstp   DWORD PTR [rsp+0x27c]
     f2a:	d9 84 24 80 06 00 00 	fld    DWORD PTR [rsp+0x680]
     f31:	d8 84 24 80 0a 00 00 	fadd   DWORD PTR [rsp+0xa80]
     f38:	d9 9c 24 80 02 00 00 	fstp   DWORD PTR [rsp+0x280]
     f3f:	d9 84 24 84 06 00 00 	fld    DWORD PTR [rsp+0x684]
     f46:	d8 84 24 84 0a 00 00 	fadd   DWORD PTR [rsp+0xa84]
     f4d:	d9 9c 24 84 02 00 00 	fstp   DWORD PTR [rsp+0x284]
     f54:	d9 84 24 88 06 00 00 	fld    DWORD PTR [rsp+0x688]
     f5b:	d8 84 24 88 0a 00 00 	fadd   DWORD PTR [rsp+0xa88]
     f62:	d9 9c 24 88 02 00 00 	fstp   DWORD PTR [rsp+0x288]
     f69:	d9 84 24 8c 06 00 00 	fld    DWORD PTR [rsp+0x68c]
     f70:	d8 84 24 8c 0a 00 00 	fadd   DWORD PTR [rsp+0xa8c]
     f77:	d9 9c 24 8c 02 00 00 	fstp   DWORD PTR [rsp+0x28c]
     f7e:	d9 84 24 90 06 00 00 	fld    DWORD PTR [rsp+0x690]
     f85:	d8 84 24 90 0a 00 00 	fadd   DWORD PTR [rsp+0xa90]
     f8c:	d9 9c 24 90 02 00 00 	fstp   DWORD PTR [rsp+0x290]
     f93:	d9 84 24 94 06 00 00 	fld    DWORD PTR [rsp+0x694]
     f9a:	d8 84 24 94 0a 00 00 	fadd   DWORD PTR [rsp+0xa94]
     fa1:	d9 9c 24 94 02 00 00 	fstp   DWORD PTR [rsp+0x294]
     fa8:	d9 84 24 98 06 00 00 	fld    DWORD PTR [rsp+0x698]
     faf:	d8 84 24 98 0a 00 00 	fadd   DWORD PTR [rsp+0xa98]
     fb6:	d9 9c 24 98 02 00 00 	fstp   DWORD PTR [rsp+0x298]
     fbd:	d9 84 24 9c 06 00 00 	fld    DWORD PTR [rsp+0x69c]
     fc4:	d8 84 24 9c 0a 00 00 	fadd   DWORD PTR [rsp+0xa9c]
     fcb:	d9 9c 24 9c 02 00 00 	fstp   DWORD PTR [rsp+0x29c]
     fd2:	d9 84 24 a0 06 00 00 	fld    DWORD PTR [rsp+0x6a0]
     fd9:	d8 84 24 a0 0a 00 00 	fadd   DWORD PTR [rsp+0xaa0]
     fe0:	d9 9c 24 a0 02 00 00 	fstp   DWORD PTR [rsp+0x2a0]
     fe7:	d9 84 24 a4 06 00 00 	fld    DWORD PTR [rsp+0x6a4]
     fee:	d8 84 24 a4 0a 00 00 	fadd   DWORD PTR [rsp+0xaa4]
     ff5:	d9 9c 24 a4 02 00 00 	fstp   DWORD PTR [rsp+0x2a4]
     ffc:	d9 84 24 a8 06 00 00 	fld    DWORD PTR [rsp+0x6a8]
    1003:	d8 84 24 a8 0a 00 00 	fadd   DWORD PTR [rsp+0xaa8]
    100a:	d9 9c 24 a8 02 00 00 	fstp   DWORD PTR [rsp+0x2a8]
    1011:	d9 84 24 ac 06 00 00 	fld    DWORD PTR [rsp+0x6ac]
    1018:	d8 84 24 ac 0a 00 00 	fadd   DWORD PTR [rsp+0xaac]
    101f:	d9 9c 24 ac 02 00 00 	fstp   DWORD PTR [rsp+0x2ac]
    1026:	d9 84 24 b0 06 00 00 	fld    DWORD PTR [rsp+0x6b0]
    102d:	d8 84 24 b0 0a 00 00 	fadd   DWORD PTR [rsp+0xab0]
    1034:	d9 9c 24 b0 02 00 00 	fstp   DWORD PTR [rsp+0x2b0]
    103b:	d9 84 24 b4 06 00 00 	fld    DWORD PTR [rsp+0x6b4]
    1042:	d8 84 24 b4 0a 00 00 	fadd   DWORD PTR [rsp+0xab4]
    1049:	d9 9c 24 b4 02 00 00 	fstp   DWORD PTR [rsp+0x2b4]
    1050:	d9 84 24 b8 06 00 00 	fld    DWORD PTR [rsp+0x6b8]
    1057:	d8 84 24 b8 0a 00 00 	fadd   DWORD PTR [rsp+0xab8]
    105e:	d9 9c 24 b8 02 00 00 	fstp   DWORD PTR [rsp+0x2b8]
    1065:	d9 84 24 bc 06 00 00 	fld    DWORD PTR [rsp+0x6bc]
    106c:	d8 84 24 bc 0a 00 00 	fadd   DWORD PTR [rsp+0xabc]
    1073:	d9 9c 24 bc 02 00 00 	fstp   DWORD PTR [rsp+0x2bc]
    107a:	d9 84 24 c0 06 00 00 	fld    DWORD PTR [rsp+0x6c0]
    1081:	d8 84 24 c0 0a 00 00 	fadd   DWORD PTR [rsp+0xac0]
    1088:	d9 9c 24 c0 02 00 00 	fstp   DWORD PTR [rsp+0x2c0]
    108f:	d9 84 24 c4 06 00 00 	fld    DWORD PTR [rsp+0x6c4]
    1096:	d8 84 24 c4 0a 00 00 	fadd   DWORD PTR [rsp+0xac4]
    109d:	d9 9c 24 c4 02 00 00 	fstp   DWORD PTR [rsp+0x2c4]
    10a4:	d9 84 24 c8 06 00 00 	fld    DWORD PTR [rsp+0x6c8]
    10ab:	d8 84 24 c8 0a 00 00 	fadd   DWORD PTR [rsp+0xac8]
    10b2:	d9 9c 24 c8 02 00 00 	fstp   DWORD PTR [rsp+0x2c8]
    10b9:	d9 84 24 cc 06 00 00 	fld    DWORD PTR [rsp+0x6cc]
    10c0:	d8 84 24 cc 0a 00 00 	fadd   DWORD PTR [rsp+0xacc]
    10c7:	d9 9c 24 cc 02 00 00 	fstp   DWORD PTR [rsp+0x2cc]
    10ce:	d9 84 24 d0 06 00 00 	fld    DWORD PTR [rsp+0x6d0]
    10d5:	d8 84 24 d0 0a 00 00 	fadd   DWORD PTR [rsp+0xad0]
    10dc:	d9 9c 24 d0 02 00 00 	fstp   DWORD PTR [rsp+0x2d0]
    10e3:	d9 84 24 d4 06 00 00 	fld    DWORD PTR [rsp+0x6d4]
    10ea:	d8 84 24 d4 0a 00 00 	fadd   DWORD PTR [rsp+0xad4]
    10f1:	d9 9c 24 d4 02 00 00 	fstp   DWORD PTR [rsp+0x2d4]
    10f8:	d9 84 24 d8 06 00 00 	fld    DWORD PTR [rsp+0x6d8]
    10ff:	d8 84 24 d8 0a 00 00 	fadd   DWORD PTR [rsp+0xad8]
    1106:	d9 9c 24 d8 02 00 00 	fstp   DWORD PTR [rsp+0x2d8]
    110d:	d9 84 24 dc 06 00 00 	fld    DWORD PTR [rsp+0x6dc]
    1114:	d8 84 24 dc 0a 00 00 	fadd   DWORD PTR [rsp+0xadc]
    111b:	d9 9c 24 dc 02 00 00 	fstp   DWORD PTR [rsp+0x2dc]
    1122:	d9 84 24 e0 06 00 00 	fld    DWORD PTR [rsp+0x6e0]
    1129:	d8 84 24 e0 0a 00 00 	fadd   DWORD PTR [rsp+0xae0]
    1130:	d9 9c 24 e0 02 00 00 	fstp   DWORD PTR [rsp+0x2e0]
    1137:	d9 84 24 e4 06 00 00 	fld    DWORD PTR [rsp+0x6e4]
    113e:	d8 84 24 e4 0a 00 00 	fadd   DWORD PTR [rsp+0xae4]
    1145:	d9 9c 24 e4 02 00 00 	fstp   DWORD PTR [rsp+0x2e4]
    114c:	d9 84 24 e8 06 00 00 	fld    DWORD PTR [rsp+0x6e8]
    1153:	d8 84 24 e8 0a 00 00 	fadd   DWORD PTR [rsp+0xae8]
    115a:	d9 9c 24 e8 02 00 00 	fstp   DWORD PTR [rsp+0x2e8]
    1161:	d9 84 24 ec 06 00 00 	fld    DWORD PTR [rsp+0x6ec]
    1168:	d8 84 24 ec 0a 00 00 	fadd   DWORD PTR [rsp+0xaec]
    116f:	d9 9c 24 ec 02 00 00 	fstp   DWORD PTR [rsp+0x2ec]
    1176:	d9 84 24 f0 06 00 00 	fld    DWORD PTR [rsp+0x6f0]
    117d:	d8 84 24 f0 0a 00 00 	fadd   DWORD PTR [rsp+0xaf0]
    1184:	d9 9c 24 f0 02 00 00 	fstp   DWORD PTR [rsp+0x2f0]
    118b:	d9 84 24 f4 06 00 00 	fld    DWORD PTR [rsp+0x6f4]
    1192:	d8 84 24 f4 0a 00 00 	fadd   DWORD PTR [rsp+0xaf4]
    1199:	d9 9c 24 f4 02 00 00 	fstp   DWORD PTR [rsp+0x2f4]
    11a0:	d9 84 24 f8 06 00 00 	fld    DWORD PTR [rsp+0x6f8]
    11a7:	d8 84 24 f8 0a 00 00 	fadd   DWORD PTR [rsp+0xaf8]
    11ae:	d9 9c 24 f8 02 00 00 	fstp   DWORD PTR [rsp+0x2f8]
    11b5:	d9 84 24 fc 06 00 00 	fld    DWORD PTR [rsp+0x6fc]
    11bc:	d8 84 24 fc 0a 00 00 	fadd   DWORD PTR [rsp+0xafc]
    11c3:	d9 9c 24 fc 02 00 00 	fstp   DWORD PTR [rsp+0x2fc]
    11ca:	d9 84 24 00 07 00 00 	fld    DWORD PTR [rsp+0x700]
    11d1:	d8 84 24 00 0b 00 00 	fadd   DWORD PTR [rsp+0xb00]
    11d8:	d9 9c 24 00 03 00 00 	fstp   DWORD PTR [rsp+0x300]
    11df:	d9 84 24 04 07 00 00 	fld    DWORD PTR [rsp+0x704]
    11e6:	d8 84 24 04 0b 00 00 	fadd   DWORD PTR [rsp+0xb04]
    11ed:	d9 9c 24 04 03 00 00 	fstp   DWORD PTR [rsp+0x304]
    11f4:	d9 84 24 08 07 00 00 	fld    DWORD PTR [rsp+0x708]
    11fb:	d8 84 24 08 0b 00 00 	fadd   DWORD PTR [rsp+0xb08]
    1202:	d9 9c 24 08 03 00 00 	fstp   DWORD PTR [rsp+0x308]
    1209:	d9 84 24 0c 07 00 00 	fld    DWORD PTR [rsp+0x70c]
    1210:	d8 84 24 0c 0b 00 00 	fadd   DWORD PTR [rsp+0xb0c]
    1217:	d9 9c 24 0c 03 00 00 	fstp   DWORD PTR [rsp+0x30c]
    121e:	d9 84 24 10 07 00 00 	fld    DWORD PTR [rsp+0x710]
    1225:	d8 84 24 10 0b 00 00 	fadd   DWORD PTR [rsp+0xb10]
    122c:	d9 9c 24 10 03 00 00 	fstp   DWORD PTR [rsp+0x310]
    1233:	d9 84 24 14 07 00 00 	fld    DWORD PTR [rsp+0x714]
    123a:	d8 84 24 14 0b 00 00 	fadd   DWORD PTR [rsp+0xb14]
    1241:	d9 9c 24 14 03 00 00 	fstp   DWORD PTR [rsp+0x314]
    1248:	d9 84 24 18 07 00 00 	fld    DWORD PTR [rsp+0x718]
    124f:	d8 84 24 18 0b 00 00 	fadd   DWORD PTR [rsp+0xb18]
    1256:	d9 9c 24 18 03 00 00 	fstp   DWORD PTR [rsp+0x318]
    125d:	d9 84 24 1c 07 00 00 	fld    DWORD PTR [rsp+0x71c]
    1264:	d8 84 24 1c 0b 00 00 	fadd   DWORD PTR [rsp+0xb1c]
    126b:	d9 9c 24 1c 03 00 00 	fstp   DWORD PTR [rsp+0x31c]
    1272:	d9 84 24 20 07 00 00 	fld    DWORD PTR [rsp+0x720]
    1279:	d8 84 24 20 0b 00 00 	fadd   DWORD PTR [rsp+0xb20]
    1280:	d9 9c 24 20 03 00 00 	fstp   DWORD PTR [rsp+0x320]
    1287:	d9 84 24 24 07 00 00 	fld    DWORD PTR [rsp+0x724]
    128e:	d8 84 24 24 0b 00 00 	fadd   DWORD PTR [rsp+0xb24]
    1295:	d9 9c 24 24 03 00 00 	fstp   DWORD PTR [rsp+0x324]
    129c:	d9 84 24 28 07 00 00 	fld    DWORD PTR [rsp+0x728]
    12a3:	d8 84 24 28 0b 00 00 	fadd   DWORD PTR [rsp+0xb28]
    12aa:	d9 9c 24 28 03 00 00 	fstp   DWORD PTR [rsp+0x328]
    12b1:	d9 84 24 2c 07 00 00 	fld    DWORD PTR [rsp+0x72c]
    12b8:	d8 84 24 2c 0b 00 00 	fadd   DWORD PTR [rsp+0xb2c]
    12bf:	d9 9c 24 2c 03 00 00 	fstp   DWORD PTR [rsp+0x32c]
    12c6:	d9 84 24 30 07 00 00 	fld    DWORD PTR [rsp+0x730]
    12cd:	d8 84 24 30 0b 00 00 	fadd   DWORD PTR [rsp+0xb30]
    12d4:	d9 9c 24 30 03 00 00 	fstp   DWORD PTR [rsp+0x330]
    12db:	d9 84 24 34 07 00 00 	fld    DWORD PTR [rsp+0x734]
    12e2:	d8 84 24 34 0b 00 00 	fadd   DWORD PTR [rsp+0xb34]
    12e9:	d9 9c 24 34 03 00 00 	fstp   DWORD PTR [rsp+0x334]
    12f0:	d9 84 24 38 07 00 00 	fld    DWORD PTR [rsp+0x738]
    12f7:	d8 84 24 38 0b 00 00 	fadd   DWORD PTR [rsp+0xb38]
    12fe:	d9 9c 24 38 03 00 00 	fstp   DWORD PTR [rsp+0x338]
    1305:	d9 84 24 3c 07 00 00 	fld    DWORD PTR [rsp+0x73c]
    130c:	d8 84 24 3c 0b 00 00 	fadd   DWORD PTR [rsp+0xb3c]
    1313:	d9 9c 24 3c 03 00 00 	fstp   DWORD PTR [rsp+0x33c]
    131a:	d9 84 24 40 07 00 00 	fld    DWORD PTR [rsp+0x740]
    1321:	d8 84 24 40 0b 00 00 	fadd   DWORD PTR [rsp+0xb40]
    1328:	d9 9c 24 40 03 00 00 	fstp   DWORD PTR [rsp+0x340]
    132f:	d9 84 24 44 07 00 00 	fld    DWORD PTR [rsp+0x744]
    1336:	d8 84 24 44 0b 00 00 	fadd   DWORD PTR [rsp+0xb44]
    133d:	d9 9c 24 44 03 00 00 	fstp   DWORD PTR [rsp+0x344]
    1344:	d9 84 24 48 07 00 00 	fld    DWORD PTR [rsp+0x748]
    134b:	d8 84 24 48 0b 00 00 	fadd   DWORD PTR [rsp+0xb48]
    1352:	d9 9c 24 48 03 00 00 	fstp   DWORD PTR [rsp+0x348]
    1359:	d9 84 24 4c 07 00 00 	fld    DWORD PTR [rsp+0x74c]
    1360:	d8 84 24 4c 0b 00 00 	fadd   DWORD PTR [rsp+0xb4c]
    1367:	d9 9c 24 4c 03 00 00 	fstp   DWORD PTR [rsp+0x34c]
    136e:	d9 84 24 50 07 00 00 	fld    DWORD PTR [rsp+0x750]
    1375:	d8 84 24 50 0b 00 00 	fadd   DWORD PTR [rsp+0xb50]
    137c:	d9 9c 24 50 03 00 00 	fstp   DWORD PTR [rsp+0x350]
    1383:	d9 84 24 54 07 00 00 	fld    DWORD PTR [rsp+0x754]
    138a:	d8 84 24 54 0b 00 00 	fadd   DWORD PTR [rsp+0xb54]
    1391:	d9 9c 24 54 03 00 00 	fstp   DWORD PTR [rsp+0x354]
    1398:	d9 84 24 58 07 00 00 	fld    DWORD PTR [rsp+0x758]
    139f:	d8 84 24 58 0b 00 00 	fadd   DWORD PTR [rsp+0xb58]
    13a6:	d9 9c 24 58 03 00 00 	fstp   DWORD PTR [rsp+0x358]
    13ad:	d9 84 24 5c 07 00 00 	fld    DWORD PTR [rsp+0x75c]
    13b4:	d8 84 24 5c 0b 00 00 	fadd   DWORD PTR [rsp+0xb5c]
    13bb:	d9 9c 24 5c 03 00 00 	fstp   DWORD PTR [rsp+0x35c]
    13c2:	d9 84 24 60 07 00 00 	fld    DWORD PTR [rsp+0x760]
    13c9:	d8 84 24 60 0b 00 00 	fadd   DWORD PTR [rsp+0xb60]
    13d0:	d9 9c 24 60 03 00 00 	fstp   DWORD PTR [rsp+0x360]
    13d7:	d9 84 24 64 07 00 00 	fld    DWORD PTR [rsp+0x764]
    13de:	d8 84 24 64 0b 00 00 	fadd   DWORD PTR [rsp+0xb64]
    13e5:	d9 9c 24 64 03 00 00 	fstp   DWORD PTR [rsp+0x364]
    13ec:	d9 84 24 68 07 00 00 	fld    DWORD PTR [rsp+0x768]
    13f3:	d8 84 24 68 0b 00 00 	fadd   DWORD PTR [rsp+0xb68]
    13fa:	d9 9c 24 68 03 00 00 	fstp   DWORD PTR [rsp+0x368]
    1401:	d9 84 24 6c 07 00 00 	fld    DWORD PTR [rsp+0x76c]
    1408:	d8 84 24 6c 0b 00 00 	fadd   DWORD PTR [rsp+0xb6c]
    140f:	d9 9c 24 6c 03 00 00 	fstp   DWORD PTR [rsp+0x36c]
    1416:	d9 84 24 70 07 00 00 	fld    DWORD PTR [rsp+0x770]
    141d:	d8 84 24 70 0b 00 00 	fadd   DWORD PTR [rsp+0xb70]
    1424:	d9 9c 24 70 03 00 00 	fstp   DWORD PTR [rsp+0x370]
    142b:	d9 84 24 74 07 00 00 	fld    DWORD PTR [rsp+0x774]
    1432:	d8 84 24 74 0b 00 00 	fadd   DWORD PTR [rsp+0xb74]
    1439:	d9 9c 24 74 03 00 00 	fstp   DWORD PTR [rsp+0x374]
    1440:	d9 84 24 78 07 00 00 	fld    DWORD PTR [rsp+0x778]
    1447:	d8 84 24 78 0b 00 00 	fadd   DWORD PTR [rsp+0xb78]
    144e:	d9 9c 24 78 03 00 00 	fstp   DWORD PTR [rsp+0x378]
    1455:	d9 84 24 7c 07 00 00 	fld    DWORD PTR [rsp+0x77c]
    145c:	d8 84 24 7c 0b 00 00 	fadd   DWORD PTR [rsp+0xb7c]
    1463:	d9 9c 24 7c 03 00 00 	fstp   DWORD PTR [rsp+0x37c]
    146a:	d9 84 24 80 07 00 00 	fld    DWORD PTR [rsp+0x780]
    1471:	d8 84 24 80 0b 00 00 	fadd   DWORD PTR [rsp+0xb80]
    1478:	d9 9c 24 80 03 00 00 	fstp   DWORD PTR [rsp+0x380]
    147f:	d9 84 24 84 07 00 00 	fld    DWORD PTR [rsp+0x784]
    1486:	d8 84 24 84 0b 00 00 	fadd   DWORD PTR [rsp+0xb84]
    148d:	d9 9c 24 84 03 00 00 	fstp   DWORD PTR [rsp+0x384]
    1494:	f3 48 a5             	rep movs QWORD PTR es:[rdi],QWORD PTR ds:[rsi]
}
    1497:	c9                   	leave  
    1498:	c3                   	ret    

Disassembly of section .text.startup:

0000000000000000 <main>:

int main(void)
{
   0:	f3 0f 1e fa          	endbr64 
    v1024f z;

    addVectors(&x, &y, &z);

    return 0;
}
   4:	31 c0                	xor    eax,eax
   6:	c3                   	ret    
