
simd16_4.o:     file format elf64-littleaarch64


Disassembly of section .text:

0000000000000000 <addVectors>:
typedef float v1024f __attribute__((vector_size(1024)));

void addVectors(v1024f * x, v1024f * y, v1024f * z)
{
   0:	d10a03ff 	sub	sp, sp, #0x280
    *z = *x + *y;
   4:	ad40f41f 	ldp	q31, q29, [x0, #16]
   8:	ad40f03e 	ldp	q30, q28, [x1, #16]
{
   c:	6d0027e8 	stp	d8, d9, [sp]
    *z = *x + *y;
  10:	ad41e41b 	ldp	q27, q25, [x0, #48]
{
  14:	6d012fea 	stp	d10, d11, [sp, #16]
    *z = *x + *y;
  18:	ad41e03a 	ldp	q26, q24, [x1, #48]
{
  1c:	6d0237ec 	stp	d12, d13, [sp, #32]
    *z = *x + *y;
  20:	ad42d417 	ldp	q23, q21, [x0, #80]
{
  24:	6d033fee 	stp	d14, d15, [sp, #48]
    *z = *x + *y;
  28:	ad42d036 	ldp	q22, q20, [x1, #80]
  2c:	ad43c032 	ldp	q18, q16, [x1, #112]
  30:	ad43c413 	ldp	q19, q17, [x0, #112]
  34:	ad44b40f 	ldp	q15, q13, [x0, #144]
  38:	ad44b02e 	ldp	q14, q12, [x1, #144]
  3c:	ad45a40b 	ldp	q11, q9, [x0, #176]
  40:	ad45a02a 	ldp	q10, q8, [x1, #176]
  44:	ad469407 	ldp	q7, q5, [x0, #208]
  48:	ad469026 	ldp	q6, q4, [x1, #208]
  4c:	ad478403 	ldp	q3, q1, [x0, #240]
  50:	ad478022 	ldp	q2, q0, [x1, #240]
  54:	4e26d4e6 	fadd	v6.4s, v7.4s, v6.4s
  58:	3dc04427 	ldr	q7, [x1, #272]
  5c:	4e22d462 	fadd	v2.4s, v3.4s, v2.4s
  60:	3dc04403 	ldr	q3, [x0, #272]
  64:	4e28d528 	fadd	v8.4s, v9.4s, v8.4s
  68:	3dc04829 	ldr	q9, [x1, #288]
  6c:	4e27d463 	fadd	v3.4s, v3.4s, v7.4s
  70:	3dc04807 	ldr	q7, [x0, #288]
  74:	ad031be8 	stp	q8, q6, [sp, #96]
  78:	4e3cd7bc 	fadd	v28.4s, v29.4s, v28.4s
  7c:	4e38d738 	fadd	v24.4s, v25.4s, v24.4s
  80:	4e20d420 	fadd	v0.4s, v1.4s, v0.4s
  84:	4e29d4e7 	fadd	v7.4s, v7.4s, v9.4s
  88:	3dc04c09 	ldr	q9, [x0, #304]
  8c:	ad0263fc 	stp	q28, q24, [sp, #64]
  90:	ad51e03c 	ldp	q28, q24, [x1, #560]
  94:	ad0403e2 	stp	q2, q0, [sp, #128]
  98:	3dc0a81d 	ldr	q29, [x0, #672]
  9c:	ad051fe3 	stp	q3, q7, [sp, #160]
  a0:	3dc0ac02 	ldr	q2, [x0, #688]
  a4:	3dc0ac23 	ldr	q3, [x1, #688]
  a8:	4e3ed7fe 	fadd	v30.4s, v31.4s, v30.4s
  ac:	3dc0a01f 	ldr	q31, [x0, #640]
  b0:	4e34d6b4 	fadd	v20.4s, v21.4s, v20.4s
  b4:	4e32d673 	fadd	v19.4s, v19.4s, v18.4s
  b8:	3dc09812 	ldr	q18, [x0, #608]
  bc:	4e30d631 	fadd	v17.4s, v17.4s, v16.4s
  c0:	3dc09830 	ldr	q16, [x1, #608]
  c4:	4e2ed5ee 	fadd	v14.4s, v15.4s, v14.4s
  c8:	4e2cd5ac 	fadd	v12.4s, v13.4s, v12.4s
  cc:	3dc0a02d 	ldr	q13, [x1, #640]
  d0:	4e24d4a5 	fadd	v5.4s, v5.4s, v4.4s
  d4:	ad548424 	ldp	q4, q1, [x1, #656]
  d8:	ad49d42f 	ldp	q15, q21, [x1, #304]
  dc:	4e36d6f6 	fadd	v22.4s, v23.4s, v22.4s
  e0:	ad4ae437 	ldp	q23, q25, [x1, #336]
  e4:	4e2fd529 	fadd	v9.4s, v9.4s, v15.4s
  e8:	3dc0500f 	ldr	q15, [x0, #320]
  ec:	3dc05c20 	ldr	q0, [x1, #368]
  f0:	4e35d5ef 	fadd	v15.4s, v15.4s, v21.4s
  f4:	3dc05415 	ldr	q21, [x0, #336]
  f8:	4e3ad77a 	fadd	v26.4s, v27.4s, v26.4s
  fc:	ad063fe9 	stp	q9, q15, [sp, #192]
 100:	4e37d6b5 	fadd	v21.4s, v21.4s, v23.4s
 104:	3dc05817 	ldr	q23, [x0, #352]
 108:	ad561c1b 	ldp	q27, q7, [x0, #704]
 10c:	4e39d6f7 	fadd	v23.4s, v23.4s, v25.4s
 110:	3dc05c19 	ldr	q25, [x0, #368]
 114:	3dc0b42f 	ldr	q15, [x1, #720]
 118:	ad075ff5 	stp	q21, q23, [sp, #224]
 11c:	ad4c5429 	ldp	q9, q21, [x1, #384]
 120:	4e20d739 	fadd	v25.4s, v25.4s, v0.4s
 124:	3dc06000 	ldr	q0, [x0, #384]
 128:	3dc06837 	ldr	q23, [x1, #416]
 12c:	3d8043f9 	str	q25, [sp, #256]
 130:	4e29d400 	fadd	v0.4s, v0.4s, v9.4s
 134:	3dc06409 	ldr	q9, [x0, #400]
 138:	3dc0b819 	ldr	q25, [x0, #736]
 13c:	4e35d529 	fadd	v9.4s, v9.4s, v21.4s
 140:	3dc06815 	ldr	q21, [x0, #416]
 144:	4e2ad56a 	fadd	v10.4s, v11.4s, v10.4s
 148:	4e21d7bd 	fadd	v29.4s, v29.4s, v1.4s
 14c:	ad08a7e0 	stp	q0, q9, [sp, #272]
 150:	3dc06c20 	ldr	q0, [x1, #432]
 154:	4e37d6b5 	fadd	v21.4s, v21.4s, v23.4s
 158:	3dc06c17 	ldr	q23, [x0, #432]
 15c:	4e23d441 	fadd	v1.4s, v2.4s, v3.4s
 160:	4e2dd7ff 	fadd	v31.4s, v31.4s, v13.4s
 164:	3d804ff5 	str	q21, [sp, #304]
 168:	4e20d6f7 	fadd	v23.4s, v23.4s, v0.4s
 16c:	3dc07000 	ldr	q0, [x0, #448]
 170:	3d8053f7 	str	q23, [sp, #320]
 174:	3dc0c017 	ldr	q23, [x0, #768]
 178:	ad4e2c29 	ldp	q9, q11, [x1, #448]
 17c:	3dc07835 	ldr	q21, [x1, #480]
 180:	4e29d400 	fadd	v0.4s, v0.4s, v9.4s
 184:	3dc07409 	ldr	q9, [x0, #464]
 188:	3dc08826 	ldr	q6, [x1, #544]
 18c:	4e2bd529 	fadd	v9.4s, v9.4s, v11.4s
 190:	3dc0780b 	ldr	q11, [x0, #480]
 194:	ad0aa7e0 	stp	q0, q9, [sp, #336]
 198:	3dc07c20 	ldr	q0, [x1, #496]
 19c:	4e35d56b 	fadd	v11.4s, v11.4s, v21.4s
 1a0:	3dc07c15 	ldr	q21, [x0, #496]
 1a4:	3dc08009 	ldr	q9, [x0, #512]
 1a8:	3d805feb 	str	q11, [sp, #368]
 1ac:	4e20d6b5 	fadd	v21.4s, v21.4s, v0.4s
 1b0:	3dc0000b 	ldr	q11, [x0]
 1b4:	3dc00020 	ldr	q0, [x1]
 1b8:	3d8063f5 	str	q21, [sp, #384]
 1bc:	3dc08035 	ldr	q21, [x1, #512]
 1c0:	4e20d56b 	fadd	v11.4s, v11.4s, v0.4s
 1c4:	3dc0c800 	ldr	q0, [x0, #800]
 1c8:	4e35d529 	fadd	v9.4s, v9.4s, v21.4s
 1cc:	3dc08415 	ldr	q21, [x0, #528]
 1d0:	3d8067e9 	str	q9, [sp, #400]
 1d4:	3dc08429 	ldr	q9, [x1, #528]
 1d8:	4e29d6b5 	fadd	v21.4s, v21.4s, v9.4s
 1dc:	3dc08809 	ldr	q9, [x0, #544]
 1e0:	4e26d529 	fadd	v9.4s, v9.4s, v6.4s
 1e4:	3dc08c06 	ldr	q6, [x0, #560]
 1e8:	ad0d27f5 	stp	q21, q9, [sp, #416]
 1ec:	4e3cd4dc 	fadd	v28.4s, v6.4s, v28.4s
 1f0:	3dc09006 	ldr	q6, [x0, #576]
 1f4:	3dc09429 	ldr	q9, [x1, #592]
 1f8:	4e38d4d8 	fadd	v24.4s, v6.4s, v24.4s
 1fc:	3dc09406 	ldr	q6, [x0, #592]
 200:	3dc0c835 	ldr	q21, [x1, #800]
 204:	4e29d4c6 	fadd	v6.4s, v6.4s, v9.4s
 208:	4e30d649 	fadd	v9.4s, v18.4s, v16.4s
 20c:	3dc09c10 	ldr	q16, [x0, #624]
 210:	3d8073e6 	str	q6, [sp, #448]
 214:	3dc09c26 	ldr	q6, [x1, #624]
 218:	3dc0d412 	ldr	q18, [x0, #848]
 21c:	4e26d610 	fadd	v16.4s, v16.4s, v6.4s
 220:	4e35d415 	fadd	v21.4s, v0.4s, v21.4s
 224:	3d8077f0 	str	q16, [sp, #464]
 228:	ad570c22 	ldp	q2, q3, [x1, #736]
 22c:	3d807fe1 	str	q1, [sp, #496]
 230:	3dc0a406 	ldr	q6, [x0, #656]
 234:	4e22d739 	fadd	v25.4s, v25.4s, v2.4s
 238:	3dc0bc02 	ldr	q2, [x0, #752]
 23c:	4e24d4c4 	fadd	v4.4s, v6.4s, v4.4s
 240:	3dc0b026 	ldr	q6, [x1, #704]
 244:	4e23d442 	fadd	v2.4s, v2.4s, v3.4s
 248:	3dc0c023 	ldr	q3, [x1, #768]
 24c:	3d807be4 	str	q4, [sp, #480]
 250:	3dc0c424 	ldr	q4, [x1, #784]
 254:	4e23d6f7 	fadd	v23.4s, v23.4s, v3.4s
 258:	3dc0c403 	ldr	q3, [x0, #784]
 25c:	4e26d77b 	fadd	v27.4s, v27.4s, v6.4s
 260:	4e2fd4e6 	fadd	v6.4s, v7.4s, v15.4s
 264:	4e24d463 	fadd	v3.4s, v3.4s, v4.4s
 268:	ad5b400d 	ldp	q13, q16, [x0, #864]
 26c:	ad100be6 	stp	q6, q2, [sp, #512]
 270:	3dc0cc02 	ldr	q2, [x0, #816]
 274:	3d808be3 	str	q3, [sp, #544]
 278:	3dc0cc23 	ldr	q3, [x1, #816]
 27c:	3dc0d026 	ldr	q6, [x1, #832]
 280:	4e23d442 	fadd	v2.4s, v2.4s, v3.4s
 284:	3dc0d003 	ldr	q3, [x0, #832]
 288:	3dc0dc21 	ldr	q1, [x1, #880]
 28c:	4e26d463 	fadd	v3.4s, v3.4s, v6.4s
 290:	3dc0d426 	ldr	q6, [x1, #848]
 294:	4e21d610 	fadd	v16.4s, v16.4s, v1.4s
 298:	ad5e042f 	ldp	q15, q1, [x1, #960]
 29c:	ad118fe2 	stp	q2, q3, [sp, #560]
 2a0:	4e26d652 	fadd	v18.4s, v18.4s, v6.4s
 2a4:	3dc0d826 	ldr	q6, [x1, #864]
 2a8:	3dc0e027 	ldr	q7, [x1, #896]
 2ac:	4e26d5ad 	fadd	v13.4s, v13.4s, v6.4s
 2b0:	4ea11c26 	mov	v6.16b, v1.16b
 2b4:	3dc0e001 	ldr	q1, [x0, #896]
 2b8:	3dc0ec04 	ldr	q4, [x0, #944]
 2bc:	3d8097ed 	str	q13, [sp, #592]
 2c0:	ad5e0803 	ldp	q3, q2, [x0, #960]
 2c4:	4e27d427 	fadd	v7.4s, v1.4s, v7.4s
 2c8:	3dc0f801 	ldr	q1, [x0, #992]
 2cc:	ad5ca020 	ldp	q0, q8, [x1, #912]
 2d0:	3dc0e40d 	ldr	q13, [x0, #912]
 2d4:	4e26d442 	fadd	v2.4s, v2.4s, v6.4s
 2d8:	4e2fd463 	fadd	v3.4s, v3.4s, v15.4s
 2dc:	4e20d5ad 	fadd	v13.4s, v13.4s, v0.4s
 2e0:	3dc0e800 	ldr	q0, [x0, #928]
 2e4:	4e28d400 	fadd	v0.4s, v0.4s, v8.4s
 2e8:	3dc0ec28 	ldr	q8, [x1, #944]
 2ec:	ad1303ed 	stp	q13, q0, [sp, #608]
 2f0:	3dc0f82d 	ldr	q13, [x1, #992]
 2f4:	3dc0fc00 	ldr	q0, [x0, #1008]
 2f8:	4e28d484 	fadd	v4.4s, v4.4s, v8.4s
 2fc:	3dc0fc28 	ldr	q8, [x1, #1008]
 300:	ad00784b 	stp	q11, q30, [x2]
 304:	3dc013eb 	ldr	q11, [sp, #64]
 308:	3d803845 	str	q5, [x2, #224]
 30c:	ad4397e6 	ldp	q6, q5, [sp, #112]
 310:	3d80084b 	str	q11, [x2, #32]
 314:	3dc017eb 	ldr	q11, [sp, #80]
 318:	3d800c5a 	str	q26, [x2, #48]
 31c:	4e28d400 	fadd	v0.4s, v0.4s, v8.4s
 320:	ad02d056 	stp	q22, q20, [x2, #80]
 324:	3dc01be8 	ldr	q8, [sp, #96]
 328:	3d80104b 	str	q11, [x2, #64]
 32c:	ad03c453 	stp	q19, q17, [x2, #112]
 330:	ad04b04e 	stp	q14, q12, [x2, #144]
 334:	ad05a04a 	stp	q10, q8, [x2, #176]
 338:	3d803446 	str	q6, [x2, #208]
 33c:	4e2dd421 	fadd	v1.4s, v1.4s, v13.4s
 340:	3d803c45 	str	q5, [x2, #240]
 344:	3dc027e5 	ldr	q5, [sp, #144]
 348:	3dc037ef 	ldr	q15, [sp, #208]
 34c:	3d804045 	str	q5, [x2, #256]
 350:	3dc02be5 	ldr	q5, [sp, #160]
 354:	3d80504f 	str	q15, [x2, #320]
 358:	3dc05feb 	ldr	q11, [sp, #368]
 35c:	3d804445 	str	q5, [x2, #272]
 360:	3dc02fe5 	ldr	q5, [sp, #176]
 364:	3d80784b 	str	q11, [x2, #480]
 368:	3d804845 	str	q5, [x2, #288]
 36c:	3dc033e5 	ldr	q5, [sp, #192]
 370:	3d804c45 	str	q5, [x2, #304]
 374:	3dc03be5 	ldr	q5, [sp, #224]
 378:	3d805445 	str	q5, [x2, #336]
 37c:	3dc03fe5 	ldr	q5, [sp, #240]
 380:	3d805845 	str	q5, [x2, #352]
 384:	3dc043e5 	ldr	q5, [sp, #256]
 388:	3d805c45 	str	q5, [x2, #368]
 38c:	3dc047e5 	ldr	q5, [sp, #272]
 390:	3d806045 	str	q5, [x2, #384]
 394:	3dc04be5 	ldr	q5, [sp, #288]
 398:	3d806445 	str	q5, [x2, #400]
 39c:	3dc04fe5 	ldr	q5, [sp, #304]
 3a0:	3d806845 	str	q5, [x2, #416]
 3a4:	3dc053e5 	ldr	q5, [sp, #320]
 3a8:	3d806c45 	str	q5, [x2, #432]
 3ac:	3dc057e5 	ldr	q5, [sp, #336]
 3b0:	3d807045 	str	q5, [x2, #448]
 3b4:	3dc05be5 	ldr	q5, [sp, #352]
 3b8:	3d807445 	str	q5, [x2, #464]
 3bc:	3dc063e5 	ldr	q5, [sp, #384]
 3c0:	3d807c45 	str	q5, [x2, #496]
 3c4:	3dc067e5 	ldr	q5, [sp, #400]
 3c8:	ad11e05c 	stp	q28, q24, [x2, #560]
 3cc:	3dc073e6 	ldr	q6, [sp, #448]
 3d0:	3d808045 	str	q5, [x2, #512]
 3d4:	3dc06be5 	ldr	q5, [sp, #416]
 3d8:	ad12a446 	stp	q6, q9, [x2, #592]
 3dc:	3dc083e6 	ldr	q6, [sp, #512]
 3e0:	3d808445 	str	q5, [x2, #528]
 3e4:	3dc06fe5 	ldr	q5, [sp, #432]
 3e8:	3d80a05f 	str	q31, [x2, #640]
 3ec:	3d80a85d 	str	q29, [x2, #672]
 3f0:	3d808845 	str	q5, [x2, #544]
 3f4:	3dc077e5 	ldr	q5, [sp, #464]
 3f8:	3d80b05b 	str	q27, [x2, #704]
 3fc:	3d80b446 	str	q6, [x2, #720]
 400:	3d809c45 	str	q5, [x2, #624]
 404:	3dc07be5 	ldr	q5, [sp, #480]
 408:	3d80b859 	str	q25, [x2, #736]
 40c:	3d80c057 	str	q23, [x2, #768]
 410:	3d80a445 	str	q5, [x2, #656]
 414:	3dc07fe5 	ldr	q5, [sp, #496]
 418:	3d80c855 	str	q21, [x2, #800]
 41c:	3d80ac45 	str	q5, [x2, #688]
 420:	3dc087e5 	ldr	q5, [sp, #528]
 424:	3d80bc45 	str	q5, [x2, #752]
 428:	3dc08be5 	ldr	q5, [sp, #544]
 42c:	3d80c445 	str	q5, [x2, #784]
 430:	3dc08fe5 	ldr	q5, [sp, #560]
 434:	3d80cc45 	str	q5, [x2, #816]
 438:	3dc093e5 	ldr	q5, [sp, #576]
 43c:	ad1a4845 	stp	q5, q18, [x2, #832]
 440:	3dc097ed 	ldr	q13, [sp, #592]
 444:	ad1b9c50 	stp	q16, q7, [x2, #880]
 448:	3dc09fe5 	ldr	q5, [sp, #624]
 44c:	3d80d84d 	str	q13, [x2, #864]
 450:	3dc09bed 	ldr	q13, [sp, #608]
 454:	3d80e845 	str	q5, [x2, #928]
 458:	ad1d8c44 	stp	q4, q3, [x2, #944]
 45c:	3d80e44d 	str	q13, [x2, #912]
 460:	ad1e8442 	stp	q2, q1, [x2, #976]
 464:	3d80fc40 	str	q0, [x2, #1008]
}
 468:	6d4027e8 	ldp	d8, d9, [sp]
 46c:	6d412fea 	ldp	d10, d11, [sp, #16]
 470:	6d4237ec 	ldp	d12, d13, [sp, #32]
 474:	6d433fee 	ldp	d14, d15, [sp, #48]
 478:	910a03ff 	add	sp, sp, #0x280
 47c:	d65f03c0 	ret

Disassembly of section .text.startup:

0000000000000000 <main>:
    v1024f z;

    addVectors(&x, &y, &z);

    return 0;
}
   0:	52800000 	mov	w0, #0x0                   	// #0
   4:	d65f03c0 	ret
