
simd16_1.o:     file format elf64-littleaarch64


Disassembly of section .text:

0000000000000000 <addVectors>:
typedef float v1024f __attribute__((vector_size(1024)));

void addVectors(v1024f * x, v1024f * y, v1024f * z)
{
       0:	d282800c 	mov	x12, #0x1400                	// #5120
       4:	cb2c63ff 	sub	sp, sp, x12
       8:	a9007bfd 	stp	x29, x30, [sp]
       c:	910003fd 	mov	x29, sp
      10:	6d0127e8 	stp	d8, d9, [sp, #16]
      14:	6d022fea 	stp	d10, d11, [sp, #32]
      18:	6d0337ec 	stp	d12, d13, [sp, #48]
      1c:	6d043fee 	stp	d14, d15, [sp, #64]
      20:	f903ffe0 	str	x0, [sp, #2040]
      24:	f903fbe1 	str	x1, [sp, #2032]
      28:	f903f7e2 	str	x2, [sp, #2024]
    *z = *x + *y;
      2c:	f943ffe1 	ldr	x1, [sp, #2040]
      30:	914007e0 	add	x0, sp, #0x1, lsl #12
      34:	aa0103e3 	mov	x3, x1
      38:	d2808001 	mov	x1, #0x400                 	// #1024
      3c:	aa0103e2 	mov	x2, x1
      40:	aa0303e1 	mov	x1, x3
      44:	94000000 	bl	0 <memcpy>
      48:	f943fbe1 	ldr	x1, [sp, #2032]
      4c:	913003e0 	add	x0, sp, #0xc00
      50:	aa0103e3 	mov	x3, x1
      54:	d2808001 	mov	x1, #0x400                 	// #1024
      58:	aa0103e2 	mov	x2, x1
      5c:	aa0303e1 	mov	x1, x3
      60:	94000000 	bl	0 <memcpy>
      64:	bd5003e1 	ldr	s1, [sp, #4096]
      68:	bd4c03e0 	ldr	s0, [sp, #3072]
      6c:	1e202820 	fadd	s0, s1, s0
      70:	bd005fe0 	str	s0, [sp, #92]
      74:	bd5007e1 	ldr	s1, [sp, #4100]
      78:	bd4c07e0 	ldr	s0, [sp, #3076]
      7c:	1e202822 	fadd	s2, s1, s0
      80:	bd0063e2 	str	s2, [sp, #96]
      84:	bd500be1 	ldr	s1, [sp, #4104]
      88:	bd4c0be0 	ldr	s0, [sp, #3080]
      8c:	1e202823 	fadd	s3, s1, s0
      90:	bd0067e3 	str	s3, [sp, #100]
      94:	bd500fe1 	ldr	s1, [sp, #4108]
      98:	bd4c0fe0 	ldr	s0, [sp, #3084]
      9c:	1e202824 	fadd	s4, s1, s0
      a0:	bd006be4 	str	s4, [sp, #104]
      a4:	bd5013e1 	ldr	s1, [sp, #4112]
      a8:	bd4c13e0 	ldr	s0, [sp, #3088]
      ac:	1e202825 	fadd	s5, s1, s0
      b0:	bd006fe5 	str	s5, [sp, #108]
      b4:	bd5017e1 	ldr	s1, [sp, #4116]
      b8:	bd4c17e0 	ldr	s0, [sp, #3092]
      bc:	1e202826 	fadd	s6, s1, s0
      c0:	bd0073e6 	str	s6, [sp, #112]
      c4:	bd501be1 	ldr	s1, [sp, #4120]
      c8:	bd4c1be0 	ldr	s0, [sp, #3096]
      cc:	1e202827 	fadd	s7, s1, s0
      d0:	bd0077e7 	str	s7, [sp, #116]
      d4:	bd501fe1 	ldr	s1, [sp, #4124]
      d8:	bd4c1fe0 	ldr	s0, [sp, #3100]
      dc:	1e202828 	fadd	s8, s1, s0
      e0:	bd007be8 	str	s8, [sp, #120]
      e4:	bd5023e1 	ldr	s1, [sp, #4128]
      e8:	bd4c23e0 	ldr	s0, [sp, #3104]
      ec:	1e202829 	fadd	s9, s1, s0
      f0:	bd007fe9 	str	s9, [sp, #124]
      f4:	bd5027e1 	ldr	s1, [sp, #4132]
      f8:	bd4c27e0 	ldr	s0, [sp, #3108]
      fc:	1e20282a 	fadd	s10, s1, s0
     100:	bd0083ea 	str	s10, [sp, #128]
     104:	bd502be1 	ldr	s1, [sp, #4136]
     108:	bd4c2be0 	ldr	s0, [sp, #3112]
     10c:	1e20282b 	fadd	s11, s1, s0
     110:	bd0087eb 	str	s11, [sp, #132]
     114:	bd502fe1 	ldr	s1, [sp, #4140]
     118:	bd4c2fe0 	ldr	s0, [sp, #3116]
     11c:	1e20282c 	fadd	s12, s1, s0
     120:	bd008bec 	str	s12, [sp, #136]
     124:	bd5033e1 	ldr	s1, [sp, #4144]
     128:	bd4c33e0 	ldr	s0, [sp, #3120]
     12c:	1e20282d 	fadd	s13, s1, s0
     130:	bd008fed 	str	s13, [sp, #140]
     134:	bd5037e1 	ldr	s1, [sp, #4148]
     138:	bd4c37e0 	ldr	s0, [sp, #3124]
     13c:	1e20282e 	fadd	s14, s1, s0
     140:	bd0093ee 	str	s14, [sp, #144]
     144:	bd503be1 	ldr	s1, [sp, #4152]
     148:	bd4c3be0 	ldr	s0, [sp, #3128]
     14c:	1e20282f 	fadd	s15, s1, s0
     150:	bd0097ef 	str	s15, [sp, #148]
     154:	bd503fe1 	ldr	s1, [sp, #4156]
     158:	bd4c3fe0 	ldr	s0, [sp, #3132]
     15c:	1e202830 	fadd	s16, s1, s0
     160:	bd009bf0 	str	s16, [sp, #152]
     164:	bd5043e1 	ldr	s1, [sp, #4160]
     168:	bd4c43e0 	ldr	s0, [sp, #3136]
     16c:	1e202831 	fadd	s17, s1, s0
     170:	bd009ff1 	str	s17, [sp, #156]
     174:	bd5047e1 	ldr	s1, [sp, #4164]
     178:	bd4c47e0 	ldr	s0, [sp, #3140]
     17c:	1e202832 	fadd	s18, s1, s0
     180:	bd00a3f2 	str	s18, [sp, #160]
     184:	bd504be1 	ldr	s1, [sp, #4168]
     188:	bd4c4be0 	ldr	s0, [sp, #3144]
     18c:	1e202833 	fadd	s19, s1, s0
     190:	bd00a7f3 	str	s19, [sp, #164]
     194:	bd504fe1 	ldr	s1, [sp, #4172]
     198:	bd4c4fe0 	ldr	s0, [sp, #3148]
     19c:	1e202834 	fadd	s20, s1, s0
     1a0:	bd00abf4 	str	s20, [sp, #168]
     1a4:	bd5053e1 	ldr	s1, [sp, #4176]
     1a8:	bd4c53e0 	ldr	s0, [sp, #3152]
     1ac:	1e202835 	fadd	s21, s1, s0
     1b0:	bd00aff5 	str	s21, [sp, #172]
     1b4:	bd5057e1 	ldr	s1, [sp, #4180]
     1b8:	bd4c57e0 	ldr	s0, [sp, #3156]
     1bc:	1e202836 	fadd	s22, s1, s0
     1c0:	bd00b3f6 	str	s22, [sp, #176]
     1c4:	bd505be1 	ldr	s1, [sp, #4184]
     1c8:	bd4c5be0 	ldr	s0, [sp, #3160]
     1cc:	1e202837 	fadd	s23, s1, s0
     1d0:	bd00b7f7 	str	s23, [sp, #180]
     1d4:	bd505fe1 	ldr	s1, [sp, #4188]
     1d8:	bd4c5fe0 	ldr	s0, [sp, #3164]
     1dc:	1e202838 	fadd	s24, s1, s0
     1e0:	bd00bbf8 	str	s24, [sp, #184]
     1e4:	bd5063e1 	ldr	s1, [sp, #4192]
     1e8:	bd4c63e0 	ldr	s0, [sp, #3168]
     1ec:	1e202839 	fadd	s25, s1, s0
     1f0:	bd00bff9 	str	s25, [sp, #188]
     1f4:	bd5067e1 	ldr	s1, [sp, #4196]
     1f8:	bd4c67e0 	ldr	s0, [sp, #3172]
     1fc:	1e20283a 	fadd	s26, s1, s0
     200:	bd00c3fa 	str	s26, [sp, #192]
     204:	bd506be1 	ldr	s1, [sp, #4200]
     208:	bd4c6be0 	ldr	s0, [sp, #3176]
     20c:	1e20283b 	fadd	s27, s1, s0
     210:	bd00c7fb 	str	s27, [sp, #196]
     214:	bd506fe1 	ldr	s1, [sp, #4204]
     218:	bd4c6fe0 	ldr	s0, [sp, #3180]
     21c:	1e20283c 	fadd	s28, s1, s0
     220:	bd00cbfc 	str	s28, [sp, #200]
     224:	bd5073e1 	ldr	s1, [sp, #4208]
     228:	bd4c73e0 	ldr	s0, [sp, #3184]
     22c:	1e20283d 	fadd	s29, s1, s0
     230:	bd00cffd 	str	s29, [sp, #204]
     234:	bd5077e1 	ldr	s1, [sp, #4212]
     238:	bd4c77e0 	ldr	s0, [sp, #3188]
     23c:	1e20283e 	fadd	s30, s1, s0
     240:	bd00d3fe 	str	s30, [sp, #208]
     244:	bd507be1 	ldr	s1, [sp, #4216]
     248:	bd4c7be0 	ldr	s0, [sp, #3192]
     24c:	1e20283f 	fadd	s31, s1, s0
     250:	bd00d7ff 	str	s31, [sp, #212]
     254:	bd507fe1 	ldr	s1, [sp, #4220]
     258:	bd4c7fe0 	ldr	s0, [sp, #3196]
     25c:	1e202820 	fadd	s0, s1, s0
     260:	bd00dbe0 	str	s0, [sp, #216]
     264:	bd5083e1 	ldr	s1, [sp, #4224]
     268:	bd4c83e0 	ldr	s0, [sp, #3200]
     26c:	1e202822 	fadd	s2, s1, s0
     270:	bd00dfe2 	str	s2, [sp, #220]
     274:	bd5087e1 	ldr	s1, [sp, #4228]
     278:	bd4c87e0 	ldr	s0, [sp, #3204]
     27c:	1e202823 	fadd	s3, s1, s0
     280:	bd00e3e3 	str	s3, [sp, #224]
     284:	bd508be1 	ldr	s1, [sp, #4232]
     288:	bd4c8be0 	ldr	s0, [sp, #3208]
     28c:	1e202824 	fadd	s4, s1, s0
     290:	bd00e7e4 	str	s4, [sp, #228]
     294:	bd508fe1 	ldr	s1, [sp, #4236]
     298:	bd4c8fe0 	ldr	s0, [sp, #3212]
     29c:	1e202825 	fadd	s5, s1, s0
     2a0:	bd00ebe5 	str	s5, [sp, #232]
     2a4:	bd5093e1 	ldr	s1, [sp, #4240]
     2a8:	bd4c93e0 	ldr	s0, [sp, #3216]
     2ac:	1e202826 	fadd	s6, s1, s0
     2b0:	bd00efe6 	str	s6, [sp, #236]
     2b4:	bd5097e1 	ldr	s1, [sp, #4244]
     2b8:	bd4c97e0 	ldr	s0, [sp, #3220]
     2bc:	1e202827 	fadd	s7, s1, s0
     2c0:	bd00f3e7 	str	s7, [sp, #240]
     2c4:	bd509be1 	ldr	s1, [sp, #4248]
     2c8:	bd4c9be0 	ldr	s0, [sp, #3224]
     2cc:	1e202828 	fadd	s8, s1, s0
     2d0:	bd00f7e8 	str	s8, [sp, #244]
     2d4:	bd509fe1 	ldr	s1, [sp, #4252]
     2d8:	bd4c9fe0 	ldr	s0, [sp, #3228]
     2dc:	1e202829 	fadd	s9, s1, s0
     2e0:	bd00fbe9 	str	s9, [sp, #248]
     2e4:	bd50a3e1 	ldr	s1, [sp, #4256]
     2e8:	bd4ca3e0 	ldr	s0, [sp, #3232]
     2ec:	1e20282a 	fadd	s10, s1, s0
     2f0:	bd00ffea 	str	s10, [sp, #252]
     2f4:	bd50a7e1 	ldr	s1, [sp, #4260]
     2f8:	bd4ca7e0 	ldr	s0, [sp, #3236]
     2fc:	1e20282b 	fadd	s11, s1, s0
     300:	bd0103eb 	str	s11, [sp, #256]
     304:	bd50abe1 	ldr	s1, [sp, #4264]
     308:	bd4cabe0 	ldr	s0, [sp, #3240]
     30c:	1e20282c 	fadd	s12, s1, s0
     310:	bd0107ec 	str	s12, [sp, #260]
     314:	bd50afe1 	ldr	s1, [sp, #4268]
     318:	bd4cafe0 	ldr	s0, [sp, #3244]
     31c:	1e20282d 	fadd	s13, s1, s0
     320:	bd010bed 	str	s13, [sp, #264]
     324:	bd50b3e1 	ldr	s1, [sp, #4272]
     328:	bd4cb3e0 	ldr	s0, [sp, #3248]
     32c:	1e20282e 	fadd	s14, s1, s0
     330:	bd010fee 	str	s14, [sp, #268]
     334:	bd50b7e1 	ldr	s1, [sp, #4276]
     338:	bd4cb7e0 	ldr	s0, [sp, #3252]
     33c:	1e20282f 	fadd	s15, s1, s0
     340:	bd0113ef 	str	s15, [sp, #272]
     344:	bd50bbe1 	ldr	s1, [sp, #4280]
     348:	bd4cbbe0 	ldr	s0, [sp, #3256]
     34c:	1e202830 	fadd	s16, s1, s0
     350:	bd0117f0 	str	s16, [sp, #276]
     354:	bd50bfe1 	ldr	s1, [sp, #4284]
     358:	bd4cbfe0 	ldr	s0, [sp, #3260]
     35c:	1e202831 	fadd	s17, s1, s0
     360:	bd011bf1 	str	s17, [sp, #280]
     364:	bd50c3e1 	ldr	s1, [sp, #4288]
     368:	bd4cc3e0 	ldr	s0, [sp, #3264]
     36c:	1e202832 	fadd	s18, s1, s0
     370:	bd011ff2 	str	s18, [sp, #284]
     374:	bd50c7e1 	ldr	s1, [sp, #4292]
     378:	bd4cc7e0 	ldr	s0, [sp, #3268]
     37c:	1e202833 	fadd	s19, s1, s0
     380:	bd0123f3 	str	s19, [sp, #288]
     384:	bd50cbe1 	ldr	s1, [sp, #4296]
     388:	bd4ccbe0 	ldr	s0, [sp, #3272]
     38c:	1e202834 	fadd	s20, s1, s0
     390:	bd0127f4 	str	s20, [sp, #292]
     394:	bd50cfe1 	ldr	s1, [sp, #4300]
     398:	bd4ccfe0 	ldr	s0, [sp, #3276]
     39c:	1e202835 	fadd	s21, s1, s0
     3a0:	bd012bf5 	str	s21, [sp, #296]
     3a4:	bd50d3e1 	ldr	s1, [sp, #4304]
     3a8:	bd4cd3e0 	ldr	s0, [sp, #3280]
     3ac:	1e202836 	fadd	s22, s1, s0
     3b0:	bd012ff6 	str	s22, [sp, #300]
     3b4:	bd50d7e1 	ldr	s1, [sp, #4308]
     3b8:	bd4cd7e0 	ldr	s0, [sp, #3284]
     3bc:	1e202837 	fadd	s23, s1, s0
     3c0:	bd0133f7 	str	s23, [sp, #304]
     3c4:	bd50dbe1 	ldr	s1, [sp, #4312]
     3c8:	bd4cdbe0 	ldr	s0, [sp, #3288]
     3cc:	1e202838 	fadd	s24, s1, s0
     3d0:	bd0137f8 	str	s24, [sp, #308]
     3d4:	bd50dfe1 	ldr	s1, [sp, #4316]
     3d8:	bd4cdfe0 	ldr	s0, [sp, #3292]
     3dc:	1e202839 	fadd	s25, s1, s0
     3e0:	bd013bf9 	str	s25, [sp, #312]
     3e4:	bd50e3e1 	ldr	s1, [sp, #4320]
     3e8:	bd4ce3e0 	ldr	s0, [sp, #3296]
     3ec:	1e20283a 	fadd	s26, s1, s0
     3f0:	bd013ffa 	str	s26, [sp, #316]
     3f4:	bd50e7e1 	ldr	s1, [sp, #4324]
     3f8:	bd4ce7e0 	ldr	s0, [sp, #3300]
     3fc:	1e20283b 	fadd	s27, s1, s0
     400:	bd0143fb 	str	s27, [sp, #320]
     404:	bd50ebe1 	ldr	s1, [sp, #4328]
     408:	bd4cebe0 	ldr	s0, [sp, #3304]
     40c:	1e20283c 	fadd	s28, s1, s0
     410:	bd0147fc 	str	s28, [sp, #324]
     414:	bd50efe1 	ldr	s1, [sp, #4332]
     418:	bd4cefe0 	ldr	s0, [sp, #3308]
     41c:	1e20283d 	fadd	s29, s1, s0
     420:	bd014bfd 	str	s29, [sp, #328]
     424:	bd50f3e1 	ldr	s1, [sp, #4336]
     428:	bd4cf3e0 	ldr	s0, [sp, #3312]
     42c:	1e20283e 	fadd	s30, s1, s0
     430:	bd014ffe 	str	s30, [sp, #332]
     434:	bd50f7e1 	ldr	s1, [sp, #4340]
     438:	bd4cf7e0 	ldr	s0, [sp, #3316]
     43c:	1e20283f 	fadd	s31, s1, s0
     440:	bd0153ff 	str	s31, [sp, #336]
     444:	bd50fbe1 	ldr	s1, [sp, #4344]
     448:	bd4cfbe0 	ldr	s0, [sp, #3320]
     44c:	1e202820 	fadd	s0, s1, s0
     450:	bd0157e0 	str	s0, [sp, #340]
     454:	bd50ffe1 	ldr	s1, [sp, #4348]
     458:	bd4cffe0 	ldr	s0, [sp, #3324]
     45c:	1e202822 	fadd	s2, s1, s0
     460:	bd015be2 	str	s2, [sp, #344]
     464:	bd5103e1 	ldr	s1, [sp, #4352]
     468:	bd4d03e0 	ldr	s0, [sp, #3328]
     46c:	1e202823 	fadd	s3, s1, s0
     470:	bd015fe3 	str	s3, [sp, #348]
     474:	bd5107e1 	ldr	s1, [sp, #4356]
     478:	bd4d07e0 	ldr	s0, [sp, #3332]
     47c:	1e202824 	fadd	s4, s1, s0
     480:	bd0163e4 	str	s4, [sp, #352]
     484:	bd510be1 	ldr	s1, [sp, #4360]
     488:	bd4d0be0 	ldr	s0, [sp, #3336]
     48c:	1e202825 	fadd	s5, s1, s0
     490:	bd0167e5 	str	s5, [sp, #356]
     494:	bd510fe1 	ldr	s1, [sp, #4364]
     498:	bd4d0fe0 	ldr	s0, [sp, #3340]
     49c:	1e202826 	fadd	s6, s1, s0
     4a0:	bd016be6 	str	s6, [sp, #360]
     4a4:	bd5113e1 	ldr	s1, [sp, #4368]
     4a8:	bd4d13e0 	ldr	s0, [sp, #3344]
     4ac:	1e202827 	fadd	s7, s1, s0
     4b0:	bd016fe7 	str	s7, [sp, #364]
     4b4:	bd5117e1 	ldr	s1, [sp, #4372]
     4b8:	bd4d17e0 	ldr	s0, [sp, #3348]
     4bc:	1e202828 	fadd	s8, s1, s0
     4c0:	bd0173e8 	str	s8, [sp, #368]
     4c4:	bd511be1 	ldr	s1, [sp, #4376]
     4c8:	bd4d1be0 	ldr	s0, [sp, #3352]
     4cc:	1e202829 	fadd	s9, s1, s0
     4d0:	bd0177e9 	str	s9, [sp, #372]
     4d4:	bd511fe1 	ldr	s1, [sp, #4380]
     4d8:	bd4d1fe0 	ldr	s0, [sp, #3356]
     4dc:	1e20282a 	fadd	s10, s1, s0
     4e0:	bd017bea 	str	s10, [sp, #376]
     4e4:	bd5123e1 	ldr	s1, [sp, #4384]
     4e8:	bd4d23e0 	ldr	s0, [sp, #3360]
     4ec:	1e20282b 	fadd	s11, s1, s0
     4f0:	bd017feb 	str	s11, [sp, #380]
     4f4:	bd5127e1 	ldr	s1, [sp, #4388]
     4f8:	bd4d27e0 	ldr	s0, [sp, #3364]
     4fc:	1e20282c 	fadd	s12, s1, s0
     500:	bd0183ec 	str	s12, [sp, #384]
     504:	bd512be1 	ldr	s1, [sp, #4392]
     508:	bd4d2be0 	ldr	s0, [sp, #3368]
     50c:	1e20282d 	fadd	s13, s1, s0
     510:	bd0187ed 	str	s13, [sp, #388]
     514:	bd512fe1 	ldr	s1, [sp, #4396]
     518:	bd4d2fe0 	ldr	s0, [sp, #3372]
     51c:	1e20282e 	fadd	s14, s1, s0
     520:	bd018bee 	str	s14, [sp, #392]
     524:	bd5133e1 	ldr	s1, [sp, #4400]
     528:	bd4d33e0 	ldr	s0, [sp, #3376]
     52c:	1e20282f 	fadd	s15, s1, s0
     530:	bd018fef 	str	s15, [sp, #396]
     534:	bd5137e1 	ldr	s1, [sp, #4404]
     538:	bd4d37e0 	ldr	s0, [sp, #3380]
     53c:	1e202830 	fadd	s16, s1, s0
     540:	bd0193f0 	str	s16, [sp, #400]
     544:	bd513be1 	ldr	s1, [sp, #4408]
     548:	bd4d3be0 	ldr	s0, [sp, #3384]
     54c:	1e202831 	fadd	s17, s1, s0
     550:	bd0197f1 	str	s17, [sp, #404]
     554:	bd513fe1 	ldr	s1, [sp, #4412]
     558:	bd4d3fe0 	ldr	s0, [sp, #3388]
     55c:	1e202832 	fadd	s18, s1, s0
     560:	bd019bf2 	str	s18, [sp, #408]
     564:	bd5143e1 	ldr	s1, [sp, #4416]
     568:	bd4d43e0 	ldr	s0, [sp, #3392]
     56c:	1e202833 	fadd	s19, s1, s0
     570:	bd019ff3 	str	s19, [sp, #412]
     574:	bd5147e1 	ldr	s1, [sp, #4420]
     578:	bd4d47e0 	ldr	s0, [sp, #3396]
     57c:	1e202834 	fadd	s20, s1, s0
     580:	bd01a3f4 	str	s20, [sp, #416]
     584:	bd514be1 	ldr	s1, [sp, #4424]
     588:	bd4d4be0 	ldr	s0, [sp, #3400]
     58c:	1e202835 	fadd	s21, s1, s0
     590:	bd01a7f5 	str	s21, [sp, #420]
     594:	bd514fe1 	ldr	s1, [sp, #4428]
     598:	bd4d4fe0 	ldr	s0, [sp, #3404]
     59c:	1e202836 	fadd	s22, s1, s0
     5a0:	bd01abf6 	str	s22, [sp, #424]
     5a4:	bd5153e1 	ldr	s1, [sp, #4432]
     5a8:	bd4d53e0 	ldr	s0, [sp, #3408]
     5ac:	1e202837 	fadd	s23, s1, s0
     5b0:	bd01aff7 	str	s23, [sp, #428]
     5b4:	bd5157e1 	ldr	s1, [sp, #4436]
     5b8:	bd4d57e0 	ldr	s0, [sp, #3412]
     5bc:	1e202838 	fadd	s24, s1, s0
     5c0:	bd01b3f8 	str	s24, [sp, #432]
     5c4:	bd515be1 	ldr	s1, [sp, #4440]
     5c8:	bd4d5be0 	ldr	s0, [sp, #3416]
     5cc:	1e202839 	fadd	s25, s1, s0
     5d0:	bd01b7f9 	str	s25, [sp, #436]
     5d4:	bd515fe1 	ldr	s1, [sp, #4444]
     5d8:	bd4d5fe0 	ldr	s0, [sp, #3420]
     5dc:	1e20283a 	fadd	s26, s1, s0
     5e0:	bd01bbfa 	str	s26, [sp, #440]
     5e4:	bd5163e1 	ldr	s1, [sp, #4448]
     5e8:	bd4d63e0 	ldr	s0, [sp, #3424]
     5ec:	1e20283b 	fadd	s27, s1, s0
     5f0:	bd01bffb 	str	s27, [sp, #444]
     5f4:	bd5167e1 	ldr	s1, [sp, #4452]
     5f8:	bd4d67e0 	ldr	s0, [sp, #3428]
     5fc:	1e20283c 	fadd	s28, s1, s0
     600:	bd01c3fc 	str	s28, [sp, #448]
     604:	bd516be1 	ldr	s1, [sp, #4456]
     608:	bd4d6be0 	ldr	s0, [sp, #3432]
     60c:	1e20283d 	fadd	s29, s1, s0
     610:	bd01c7fd 	str	s29, [sp, #452]
     614:	bd516fe1 	ldr	s1, [sp, #4460]
     618:	bd4d6fe0 	ldr	s0, [sp, #3436]
     61c:	1e20283e 	fadd	s30, s1, s0
     620:	bd01cbfe 	str	s30, [sp, #456]
     624:	bd5173e1 	ldr	s1, [sp, #4464]
     628:	bd4d73e0 	ldr	s0, [sp, #3440]
     62c:	1e20283f 	fadd	s31, s1, s0
     630:	bd01cfff 	str	s31, [sp, #460]
     634:	bd5177e1 	ldr	s1, [sp, #4468]
     638:	bd4d77e0 	ldr	s0, [sp, #3444]
     63c:	1e202820 	fadd	s0, s1, s0
     640:	bd01d3e0 	str	s0, [sp, #464]
     644:	bd517be1 	ldr	s1, [sp, #4472]
     648:	bd4d7be0 	ldr	s0, [sp, #3448]
     64c:	1e202822 	fadd	s2, s1, s0
     650:	bd01d7e2 	str	s2, [sp, #468]
     654:	bd517fe1 	ldr	s1, [sp, #4476]
     658:	bd4d7fe0 	ldr	s0, [sp, #3452]
     65c:	1e202823 	fadd	s3, s1, s0
     660:	bd01dbe3 	str	s3, [sp, #472]
     664:	bd5183e1 	ldr	s1, [sp, #4480]
     668:	bd4d83e0 	ldr	s0, [sp, #3456]
     66c:	1e202824 	fadd	s4, s1, s0
     670:	bd01dfe4 	str	s4, [sp, #476]
     674:	bd5187e1 	ldr	s1, [sp, #4484]
     678:	bd4d87e0 	ldr	s0, [sp, #3460]
     67c:	1e202825 	fadd	s5, s1, s0
     680:	bd01e3e5 	str	s5, [sp, #480]
     684:	bd518be1 	ldr	s1, [sp, #4488]
     688:	bd4d8be0 	ldr	s0, [sp, #3464]
     68c:	1e202826 	fadd	s6, s1, s0
     690:	bd01e7e6 	str	s6, [sp, #484]
     694:	bd518fe1 	ldr	s1, [sp, #4492]
     698:	bd4d8fe0 	ldr	s0, [sp, #3468]
     69c:	1e202827 	fadd	s7, s1, s0
     6a0:	bd01ebe7 	str	s7, [sp, #488]
     6a4:	bd5193e1 	ldr	s1, [sp, #4496]
     6a8:	bd4d93e0 	ldr	s0, [sp, #3472]
     6ac:	1e202828 	fadd	s8, s1, s0
     6b0:	bd01efe8 	str	s8, [sp, #492]
     6b4:	bd5197e1 	ldr	s1, [sp, #4500]
     6b8:	bd4d97e0 	ldr	s0, [sp, #3476]
     6bc:	1e202829 	fadd	s9, s1, s0
     6c0:	bd01f3e9 	str	s9, [sp, #496]
     6c4:	bd519be1 	ldr	s1, [sp, #4504]
     6c8:	bd4d9be0 	ldr	s0, [sp, #3480]
     6cc:	1e20282a 	fadd	s10, s1, s0
     6d0:	bd01f7ea 	str	s10, [sp, #500]
     6d4:	bd519fe1 	ldr	s1, [sp, #4508]
     6d8:	bd4d9fe0 	ldr	s0, [sp, #3484]
     6dc:	1e20282b 	fadd	s11, s1, s0
     6e0:	bd01fbeb 	str	s11, [sp, #504]
     6e4:	bd51a3e1 	ldr	s1, [sp, #4512]
     6e8:	bd4da3e0 	ldr	s0, [sp, #3488]
     6ec:	1e20282c 	fadd	s12, s1, s0
     6f0:	bd01ffec 	str	s12, [sp, #508]
     6f4:	bd51a7e1 	ldr	s1, [sp, #4516]
     6f8:	bd4da7e0 	ldr	s0, [sp, #3492]
     6fc:	1e20282d 	fadd	s13, s1, s0
     700:	bd0203ed 	str	s13, [sp, #512]
     704:	bd51abe1 	ldr	s1, [sp, #4520]
     708:	bd4dabe0 	ldr	s0, [sp, #3496]
     70c:	1e20282e 	fadd	s14, s1, s0
     710:	bd0207ee 	str	s14, [sp, #516]
     714:	bd51afe1 	ldr	s1, [sp, #4524]
     718:	bd4dafe0 	ldr	s0, [sp, #3500]
     71c:	1e20282f 	fadd	s15, s1, s0
     720:	bd020bef 	str	s15, [sp, #520]
     724:	bd51b3e1 	ldr	s1, [sp, #4528]
     728:	bd4db3e0 	ldr	s0, [sp, #3504]
     72c:	1e202830 	fadd	s16, s1, s0
     730:	bd020ff0 	str	s16, [sp, #524]
     734:	bd51b7e1 	ldr	s1, [sp, #4532]
     738:	bd4db7e0 	ldr	s0, [sp, #3508]
     73c:	1e202831 	fadd	s17, s1, s0
     740:	bd0213f1 	str	s17, [sp, #528]
     744:	bd51bbe1 	ldr	s1, [sp, #4536]
     748:	bd4dbbe0 	ldr	s0, [sp, #3512]
     74c:	1e202832 	fadd	s18, s1, s0
     750:	bd0217f2 	str	s18, [sp, #532]
     754:	bd51bfe1 	ldr	s1, [sp, #4540]
     758:	bd4dbfe0 	ldr	s0, [sp, #3516]
     75c:	1e202833 	fadd	s19, s1, s0
     760:	bd021bf3 	str	s19, [sp, #536]
     764:	bd51c3e1 	ldr	s1, [sp, #4544]
     768:	bd4dc3e0 	ldr	s0, [sp, #3520]
     76c:	1e202834 	fadd	s20, s1, s0
     770:	bd021ff4 	str	s20, [sp, #540]
     774:	bd51c7e1 	ldr	s1, [sp, #4548]
     778:	bd4dc7e0 	ldr	s0, [sp, #3524]
     77c:	1e202835 	fadd	s21, s1, s0
     780:	bd0223f5 	str	s21, [sp, #544]
     784:	bd51cbe1 	ldr	s1, [sp, #4552]
     788:	bd4dcbe0 	ldr	s0, [sp, #3528]
     78c:	1e202836 	fadd	s22, s1, s0
     790:	bd0227f6 	str	s22, [sp, #548]
     794:	bd51cfe1 	ldr	s1, [sp, #4556]
     798:	bd4dcfe0 	ldr	s0, [sp, #3532]
     79c:	1e202837 	fadd	s23, s1, s0
     7a0:	bd022bf7 	str	s23, [sp, #552]
     7a4:	bd51d3e1 	ldr	s1, [sp, #4560]
     7a8:	bd4dd3e0 	ldr	s0, [sp, #3536]
     7ac:	1e202838 	fadd	s24, s1, s0
     7b0:	bd022ff8 	str	s24, [sp, #556]
     7b4:	bd51d7e1 	ldr	s1, [sp, #4564]
     7b8:	bd4dd7e0 	ldr	s0, [sp, #3540]
     7bc:	1e202839 	fadd	s25, s1, s0
     7c0:	bd0233f9 	str	s25, [sp, #560]
     7c4:	bd51dbe1 	ldr	s1, [sp, #4568]
     7c8:	bd4ddbe0 	ldr	s0, [sp, #3544]
     7cc:	1e20283a 	fadd	s26, s1, s0
     7d0:	bd0237fa 	str	s26, [sp, #564]
     7d4:	bd51dfe1 	ldr	s1, [sp, #4572]
     7d8:	bd4ddfe0 	ldr	s0, [sp, #3548]
     7dc:	1e20283b 	fadd	s27, s1, s0
     7e0:	bd023bfb 	str	s27, [sp, #568]
     7e4:	bd51e3e1 	ldr	s1, [sp, #4576]
     7e8:	bd4de3e0 	ldr	s0, [sp, #3552]
     7ec:	1e20283c 	fadd	s28, s1, s0
     7f0:	bd023ffc 	str	s28, [sp, #572]
     7f4:	bd51e7e1 	ldr	s1, [sp, #4580]
     7f8:	bd4de7e0 	ldr	s0, [sp, #3556]
     7fc:	1e20283d 	fadd	s29, s1, s0
     800:	bd0243fd 	str	s29, [sp, #576]
     804:	bd51ebe1 	ldr	s1, [sp, #4584]
     808:	bd4debe0 	ldr	s0, [sp, #3560]
     80c:	1e20283e 	fadd	s30, s1, s0
     810:	bd0247fe 	str	s30, [sp, #580]
     814:	bd51efe1 	ldr	s1, [sp, #4588]
     818:	bd4defe0 	ldr	s0, [sp, #3564]
     81c:	1e20283f 	fadd	s31, s1, s0
     820:	bd024bff 	str	s31, [sp, #584]
     824:	bd51f3e1 	ldr	s1, [sp, #4592]
     828:	bd4df3e0 	ldr	s0, [sp, #3568]
     82c:	1e202820 	fadd	s0, s1, s0
     830:	bd024fe0 	str	s0, [sp, #588]
     834:	bd51f7e1 	ldr	s1, [sp, #4596]
     838:	bd4df7e0 	ldr	s0, [sp, #3572]
     83c:	1e202822 	fadd	s2, s1, s0
     840:	bd0253e2 	str	s2, [sp, #592]
     844:	bd51fbe1 	ldr	s1, [sp, #4600]
     848:	bd4dfbe0 	ldr	s0, [sp, #3576]
     84c:	1e202823 	fadd	s3, s1, s0
     850:	bd0257e3 	str	s3, [sp, #596]
     854:	bd51ffe1 	ldr	s1, [sp, #4604]
     858:	bd4dffe0 	ldr	s0, [sp, #3580]
     85c:	1e202824 	fadd	s4, s1, s0
     860:	bd025be4 	str	s4, [sp, #600]
     864:	bd5203e1 	ldr	s1, [sp, #4608]
     868:	bd4e03e0 	ldr	s0, [sp, #3584]
     86c:	1e202825 	fadd	s5, s1, s0
     870:	bd025fe5 	str	s5, [sp, #604]
     874:	bd5207e1 	ldr	s1, [sp, #4612]
     878:	bd4e07e0 	ldr	s0, [sp, #3588]
     87c:	1e202826 	fadd	s6, s1, s0
     880:	bd0263e6 	str	s6, [sp, #608]
     884:	bd520be1 	ldr	s1, [sp, #4616]
     888:	bd4e0be0 	ldr	s0, [sp, #3592]
     88c:	1e202827 	fadd	s7, s1, s0
     890:	bd0267e7 	str	s7, [sp, #612]
     894:	bd520fe1 	ldr	s1, [sp, #4620]
     898:	bd4e0fe0 	ldr	s0, [sp, #3596]
     89c:	1e202828 	fadd	s8, s1, s0
     8a0:	bd026be8 	str	s8, [sp, #616]
     8a4:	bd5213e1 	ldr	s1, [sp, #4624]
     8a8:	bd4e13e0 	ldr	s0, [sp, #3600]
     8ac:	1e202829 	fadd	s9, s1, s0
     8b0:	bd026fe9 	str	s9, [sp, #620]
     8b4:	bd5217e1 	ldr	s1, [sp, #4628]
     8b8:	bd4e17e0 	ldr	s0, [sp, #3604]
     8bc:	1e20282a 	fadd	s10, s1, s0
     8c0:	bd0273ea 	str	s10, [sp, #624]
     8c4:	bd521be1 	ldr	s1, [sp, #4632]
     8c8:	bd4e1be0 	ldr	s0, [sp, #3608]
     8cc:	1e20282b 	fadd	s11, s1, s0
     8d0:	bd0277eb 	str	s11, [sp, #628]
     8d4:	bd521fe1 	ldr	s1, [sp, #4636]
     8d8:	bd4e1fe0 	ldr	s0, [sp, #3612]
     8dc:	1e20282c 	fadd	s12, s1, s0
     8e0:	bd027bec 	str	s12, [sp, #632]
     8e4:	bd5223e1 	ldr	s1, [sp, #4640]
     8e8:	bd4e23e0 	ldr	s0, [sp, #3616]
     8ec:	1e20282d 	fadd	s13, s1, s0
     8f0:	bd027fed 	str	s13, [sp, #636]
     8f4:	bd5227e1 	ldr	s1, [sp, #4644]
     8f8:	bd4e27e0 	ldr	s0, [sp, #3620]
     8fc:	1e20282e 	fadd	s14, s1, s0
     900:	bd0283ee 	str	s14, [sp, #640]
     904:	bd522be1 	ldr	s1, [sp, #4648]
     908:	bd4e2be0 	ldr	s0, [sp, #3624]
     90c:	1e20282f 	fadd	s15, s1, s0
     910:	bd0287ef 	str	s15, [sp, #644]
     914:	bd522fe1 	ldr	s1, [sp, #4652]
     918:	bd4e2fe0 	ldr	s0, [sp, #3628]
     91c:	1e202830 	fadd	s16, s1, s0
     920:	bd028bf0 	str	s16, [sp, #648]
     924:	bd5233e1 	ldr	s1, [sp, #4656]
     928:	bd4e33e0 	ldr	s0, [sp, #3632]
     92c:	1e202831 	fadd	s17, s1, s0
     930:	bd028ff1 	str	s17, [sp, #652]
     934:	bd5237e1 	ldr	s1, [sp, #4660]
     938:	bd4e37e0 	ldr	s0, [sp, #3636]
     93c:	1e202832 	fadd	s18, s1, s0
     940:	bd0293f2 	str	s18, [sp, #656]
     944:	bd523be1 	ldr	s1, [sp, #4664]
     948:	bd4e3be0 	ldr	s0, [sp, #3640]
     94c:	1e202833 	fadd	s19, s1, s0
     950:	bd0297f3 	str	s19, [sp, #660]
     954:	bd523fe1 	ldr	s1, [sp, #4668]
     958:	bd4e3fe0 	ldr	s0, [sp, #3644]
     95c:	1e202834 	fadd	s20, s1, s0
     960:	bd029bf4 	str	s20, [sp, #664]
     964:	bd5243e1 	ldr	s1, [sp, #4672]
     968:	bd4e43e0 	ldr	s0, [sp, #3648]
     96c:	1e202835 	fadd	s21, s1, s0
     970:	bd029ff5 	str	s21, [sp, #668]
     974:	bd5247e1 	ldr	s1, [sp, #4676]
     978:	bd4e47e0 	ldr	s0, [sp, #3652]
     97c:	1e202836 	fadd	s22, s1, s0
     980:	bd02a3f6 	str	s22, [sp, #672]
     984:	bd524be1 	ldr	s1, [sp, #4680]
     988:	bd4e4be0 	ldr	s0, [sp, #3656]
     98c:	1e202837 	fadd	s23, s1, s0
     990:	bd02a7f7 	str	s23, [sp, #676]
     994:	bd524fe1 	ldr	s1, [sp, #4684]
     998:	bd4e4fe0 	ldr	s0, [sp, #3660]
     99c:	1e202838 	fadd	s24, s1, s0
     9a0:	bd02abf8 	str	s24, [sp, #680]
     9a4:	bd5253e1 	ldr	s1, [sp, #4688]
     9a8:	bd4e53e0 	ldr	s0, [sp, #3664]
     9ac:	1e202839 	fadd	s25, s1, s0
     9b0:	bd02aff9 	str	s25, [sp, #684]
     9b4:	bd5257e1 	ldr	s1, [sp, #4692]
     9b8:	bd4e57e0 	ldr	s0, [sp, #3668]
     9bc:	1e20283a 	fadd	s26, s1, s0
     9c0:	bd02b3fa 	str	s26, [sp, #688]
     9c4:	bd525be1 	ldr	s1, [sp, #4696]
     9c8:	bd4e5be0 	ldr	s0, [sp, #3672]
     9cc:	1e20283b 	fadd	s27, s1, s0
     9d0:	bd02b7fb 	str	s27, [sp, #692]
     9d4:	bd525fe1 	ldr	s1, [sp, #4700]
     9d8:	bd4e5fe0 	ldr	s0, [sp, #3676]
     9dc:	1e20283c 	fadd	s28, s1, s0
     9e0:	bd02bbfc 	str	s28, [sp, #696]
     9e4:	bd5263e1 	ldr	s1, [sp, #4704]
     9e8:	bd4e63e0 	ldr	s0, [sp, #3680]
     9ec:	1e20283d 	fadd	s29, s1, s0
     9f0:	bd02bffd 	str	s29, [sp, #700]
     9f4:	bd5267e1 	ldr	s1, [sp, #4708]
     9f8:	bd4e67e0 	ldr	s0, [sp, #3684]
     9fc:	1e20283e 	fadd	s30, s1, s0
     a00:	bd02c3fe 	str	s30, [sp, #704]
     a04:	bd526be1 	ldr	s1, [sp, #4712]
     a08:	bd4e6be0 	ldr	s0, [sp, #3688]
     a0c:	1e20283f 	fadd	s31, s1, s0
     a10:	bd02c7ff 	str	s31, [sp, #708]
     a14:	bd526fe1 	ldr	s1, [sp, #4716]
     a18:	bd4e6fe0 	ldr	s0, [sp, #3692]
     a1c:	1e202820 	fadd	s0, s1, s0
     a20:	bd02cbe0 	str	s0, [sp, #712]
     a24:	bd5273e1 	ldr	s1, [sp, #4720]
     a28:	bd4e73e0 	ldr	s0, [sp, #3696]
     a2c:	1e202822 	fadd	s2, s1, s0
     a30:	bd02cfe2 	str	s2, [sp, #716]
     a34:	bd5277e1 	ldr	s1, [sp, #4724]
     a38:	bd4e77e0 	ldr	s0, [sp, #3700]
     a3c:	1e202823 	fadd	s3, s1, s0
     a40:	bd02d3e3 	str	s3, [sp, #720]
     a44:	bd527be1 	ldr	s1, [sp, #4728]
     a48:	bd4e7be0 	ldr	s0, [sp, #3704]
     a4c:	1e202824 	fadd	s4, s1, s0
     a50:	bd02d7e4 	str	s4, [sp, #724]
     a54:	bd527fe1 	ldr	s1, [sp, #4732]
     a58:	bd4e7fe0 	ldr	s0, [sp, #3708]
     a5c:	1e202825 	fadd	s5, s1, s0
     a60:	bd02dbe5 	str	s5, [sp, #728]
     a64:	bd5283e1 	ldr	s1, [sp, #4736]
     a68:	bd4e83e0 	ldr	s0, [sp, #3712]
     a6c:	1e202826 	fadd	s6, s1, s0
     a70:	bd02dfe6 	str	s6, [sp, #732]
     a74:	bd5287e1 	ldr	s1, [sp, #4740]
     a78:	bd4e87e0 	ldr	s0, [sp, #3716]
     a7c:	1e202827 	fadd	s7, s1, s0
     a80:	bd02e3e7 	str	s7, [sp, #736]
     a84:	bd528be1 	ldr	s1, [sp, #4744]
     a88:	bd4e8be0 	ldr	s0, [sp, #3720]
     a8c:	1e202828 	fadd	s8, s1, s0
     a90:	bd02e7e8 	str	s8, [sp, #740]
     a94:	bd528fe1 	ldr	s1, [sp, #4748]
     a98:	bd4e8fe0 	ldr	s0, [sp, #3724]
     a9c:	1e202829 	fadd	s9, s1, s0
     aa0:	bd02ebe9 	str	s9, [sp, #744]
     aa4:	bd5293e1 	ldr	s1, [sp, #4752]
     aa8:	bd4e93e0 	ldr	s0, [sp, #3728]
     aac:	1e20282a 	fadd	s10, s1, s0
     ab0:	bd02efea 	str	s10, [sp, #748]
     ab4:	bd5297e1 	ldr	s1, [sp, #4756]
     ab8:	bd4e97e0 	ldr	s0, [sp, #3732]
     abc:	1e20282b 	fadd	s11, s1, s0
     ac0:	bd02f3eb 	str	s11, [sp, #752]
     ac4:	bd529be1 	ldr	s1, [sp, #4760]
     ac8:	bd4e9be0 	ldr	s0, [sp, #3736]
     acc:	1e20282c 	fadd	s12, s1, s0
     ad0:	bd02f7ec 	str	s12, [sp, #756]
     ad4:	bd529fe1 	ldr	s1, [sp, #4764]
     ad8:	bd4e9fe0 	ldr	s0, [sp, #3740]
     adc:	1e20282d 	fadd	s13, s1, s0
     ae0:	bd02fbed 	str	s13, [sp, #760]
     ae4:	bd52a3e1 	ldr	s1, [sp, #4768]
     ae8:	bd4ea3e0 	ldr	s0, [sp, #3744]
     aec:	1e20282e 	fadd	s14, s1, s0
     af0:	bd02ffee 	str	s14, [sp, #764]
     af4:	bd52a7e1 	ldr	s1, [sp, #4772]
     af8:	bd4ea7e0 	ldr	s0, [sp, #3748]
     afc:	1e20282f 	fadd	s15, s1, s0
     b00:	bd0303ef 	str	s15, [sp, #768]
     b04:	bd52abe1 	ldr	s1, [sp, #4776]
     b08:	bd4eabe0 	ldr	s0, [sp, #3752]
     b0c:	1e202830 	fadd	s16, s1, s0
     b10:	bd0307f0 	str	s16, [sp, #772]
     b14:	bd52afe1 	ldr	s1, [sp, #4780]
     b18:	bd4eafe0 	ldr	s0, [sp, #3756]
     b1c:	1e202831 	fadd	s17, s1, s0
     b20:	bd030bf1 	str	s17, [sp, #776]
     b24:	bd52b3e1 	ldr	s1, [sp, #4784]
     b28:	bd4eb3e0 	ldr	s0, [sp, #3760]
     b2c:	1e202832 	fadd	s18, s1, s0
     b30:	bd030ff2 	str	s18, [sp, #780]
     b34:	bd52b7e1 	ldr	s1, [sp, #4788]
     b38:	bd4eb7e0 	ldr	s0, [sp, #3764]
     b3c:	1e202833 	fadd	s19, s1, s0
     b40:	bd0313f3 	str	s19, [sp, #784]
     b44:	bd52bbe1 	ldr	s1, [sp, #4792]
     b48:	bd4ebbe0 	ldr	s0, [sp, #3768]
     b4c:	1e202834 	fadd	s20, s1, s0
     b50:	bd0317f4 	str	s20, [sp, #788]
     b54:	bd52bfe1 	ldr	s1, [sp, #4796]
     b58:	bd4ebfe0 	ldr	s0, [sp, #3772]
     b5c:	1e202835 	fadd	s21, s1, s0
     b60:	bd031bf5 	str	s21, [sp, #792]
     b64:	bd52c3e1 	ldr	s1, [sp, #4800]
     b68:	bd4ec3e0 	ldr	s0, [sp, #3776]
     b6c:	1e202836 	fadd	s22, s1, s0
     b70:	bd031ff6 	str	s22, [sp, #796]
     b74:	bd52c7e1 	ldr	s1, [sp, #4804]
     b78:	bd4ec7e0 	ldr	s0, [sp, #3780]
     b7c:	1e202837 	fadd	s23, s1, s0
     b80:	bd0323f7 	str	s23, [sp, #800]
     b84:	bd52cbe1 	ldr	s1, [sp, #4808]
     b88:	bd4ecbe0 	ldr	s0, [sp, #3784]
     b8c:	1e202838 	fadd	s24, s1, s0
     b90:	bd0327f8 	str	s24, [sp, #804]
     b94:	bd52cfe1 	ldr	s1, [sp, #4812]
     b98:	bd4ecfe0 	ldr	s0, [sp, #3788]
     b9c:	1e202839 	fadd	s25, s1, s0
     ba0:	bd032bf9 	str	s25, [sp, #808]
     ba4:	bd52d3e1 	ldr	s1, [sp, #4816]
     ba8:	bd4ed3e0 	ldr	s0, [sp, #3792]
     bac:	1e20283a 	fadd	s26, s1, s0
     bb0:	bd032ffa 	str	s26, [sp, #812]
     bb4:	bd52d7e1 	ldr	s1, [sp, #4820]
     bb8:	bd4ed7e0 	ldr	s0, [sp, #3796]
     bbc:	1e20283b 	fadd	s27, s1, s0
     bc0:	bd0333fb 	str	s27, [sp, #816]
     bc4:	bd52dbe1 	ldr	s1, [sp, #4824]
     bc8:	bd4edbe0 	ldr	s0, [sp, #3800]
     bcc:	1e20283c 	fadd	s28, s1, s0
     bd0:	bd0337fc 	str	s28, [sp, #820]
     bd4:	bd52dfe1 	ldr	s1, [sp, #4828]
     bd8:	bd4edfe0 	ldr	s0, [sp, #3804]
     bdc:	1e20283d 	fadd	s29, s1, s0
     be0:	bd033bfd 	str	s29, [sp, #824]
     be4:	bd52e3e1 	ldr	s1, [sp, #4832]
     be8:	bd4ee3e0 	ldr	s0, [sp, #3808]
     bec:	1e20283e 	fadd	s30, s1, s0
     bf0:	bd033ffe 	str	s30, [sp, #828]
     bf4:	bd52e7e1 	ldr	s1, [sp, #4836]
     bf8:	bd4ee7e0 	ldr	s0, [sp, #3812]
     bfc:	1e20283f 	fadd	s31, s1, s0
     c00:	bd0343ff 	str	s31, [sp, #832]
     c04:	bd52ebe1 	ldr	s1, [sp, #4840]
     c08:	bd4eebe0 	ldr	s0, [sp, #3816]
     c0c:	1e202820 	fadd	s0, s1, s0
     c10:	bd0347e0 	str	s0, [sp, #836]
     c14:	bd52efe1 	ldr	s1, [sp, #4844]
     c18:	bd4eefe0 	ldr	s0, [sp, #3820]
     c1c:	1e202822 	fadd	s2, s1, s0
     c20:	bd034be2 	str	s2, [sp, #840]
     c24:	bd52f3e1 	ldr	s1, [sp, #4848]
     c28:	bd4ef3e0 	ldr	s0, [sp, #3824]
     c2c:	1e202823 	fadd	s3, s1, s0
     c30:	bd034fe3 	str	s3, [sp, #844]
     c34:	bd52f7e1 	ldr	s1, [sp, #4852]
     c38:	bd4ef7e0 	ldr	s0, [sp, #3828]
     c3c:	1e202824 	fadd	s4, s1, s0
     c40:	bd0353e4 	str	s4, [sp, #848]
     c44:	bd52fbe1 	ldr	s1, [sp, #4856]
     c48:	bd4efbe0 	ldr	s0, [sp, #3832]
     c4c:	1e202825 	fadd	s5, s1, s0
     c50:	bd0357e5 	str	s5, [sp, #852]
     c54:	bd52ffe1 	ldr	s1, [sp, #4860]
     c58:	bd4effe0 	ldr	s0, [sp, #3836]
     c5c:	1e202826 	fadd	s6, s1, s0
     c60:	bd035be6 	str	s6, [sp, #856]
     c64:	bd5303e1 	ldr	s1, [sp, #4864]
     c68:	bd4f03e0 	ldr	s0, [sp, #3840]
     c6c:	1e202827 	fadd	s7, s1, s0
     c70:	bd035fe7 	str	s7, [sp, #860]
     c74:	bd5307e1 	ldr	s1, [sp, #4868]
     c78:	bd4f07e0 	ldr	s0, [sp, #3844]
     c7c:	1e202828 	fadd	s8, s1, s0
     c80:	bd0363e8 	str	s8, [sp, #864]
     c84:	bd530be1 	ldr	s1, [sp, #4872]
     c88:	bd4f0be0 	ldr	s0, [sp, #3848]
     c8c:	1e202829 	fadd	s9, s1, s0
     c90:	bd0367e9 	str	s9, [sp, #868]
     c94:	bd530fe1 	ldr	s1, [sp, #4876]
     c98:	bd4f0fe0 	ldr	s0, [sp, #3852]
     c9c:	1e20282a 	fadd	s10, s1, s0
     ca0:	bd036bea 	str	s10, [sp, #872]
     ca4:	bd5313e1 	ldr	s1, [sp, #4880]
     ca8:	bd4f13e0 	ldr	s0, [sp, #3856]
     cac:	1e20282b 	fadd	s11, s1, s0
     cb0:	bd036feb 	str	s11, [sp, #876]
     cb4:	bd5317e1 	ldr	s1, [sp, #4884]
     cb8:	bd4f17e0 	ldr	s0, [sp, #3860]
     cbc:	1e20282c 	fadd	s12, s1, s0
     cc0:	bd0373ec 	str	s12, [sp, #880]
     cc4:	bd531be1 	ldr	s1, [sp, #4888]
     cc8:	bd4f1be0 	ldr	s0, [sp, #3864]
     ccc:	1e20282d 	fadd	s13, s1, s0
     cd0:	bd0377ed 	str	s13, [sp, #884]
     cd4:	bd531fe1 	ldr	s1, [sp, #4892]
     cd8:	bd4f1fe0 	ldr	s0, [sp, #3868]
     cdc:	1e20282e 	fadd	s14, s1, s0
     ce0:	bd037bee 	str	s14, [sp, #888]
     ce4:	bd5323e1 	ldr	s1, [sp, #4896]
     ce8:	bd4f23e0 	ldr	s0, [sp, #3872]
     cec:	1e20282f 	fadd	s15, s1, s0
     cf0:	bd037fef 	str	s15, [sp, #892]
     cf4:	bd5327e1 	ldr	s1, [sp, #4900]
     cf8:	bd4f27e0 	ldr	s0, [sp, #3876]
     cfc:	1e202830 	fadd	s16, s1, s0
     d00:	bd0383f0 	str	s16, [sp, #896]
     d04:	bd532be1 	ldr	s1, [sp, #4904]
     d08:	bd4f2be0 	ldr	s0, [sp, #3880]
     d0c:	1e202831 	fadd	s17, s1, s0
     d10:	bd0387f1 	str	s17, [sp, #900]
     d14:	bd532fe1 	ldr	s1, [sp, #4908]
     d18:	bd4f2fe0 	ldr	s0, [sp, #3884]
     d1c:	1e202832 	fadd	s18, s1, s0
     d20:	bd038bf2 	str	s18, [sp, #904]
     d24:	bd5333e1 	ldr	s1, [sp, #4912]
     d28:	bd4f33e0 	ldr	s0, [sp, #3888]
     d2c:	1e202833 	fadd	s19, s1, s0
     d30:	bd038ff3 	str	s19, [sp, #908]
     d34:	bd5337e1 	ldr	s1, [sp, #4916]
     d38:	bd4f37e0 	ldr	s0, [sp, #3892]
     d3c:	1e202834 	fadd	s20, s1, s0
     d40:	bd0393f4 	str	s20, [sp, #912]
     d44:	bd533be1 	ldr	s1, [sp, #4920]
     d48:	bd4f3be0 	ldr	s0, [sp, #3896]
     d4c:	1e202835 	fadd	s21, s1, s0
     d50:	bd0397f5 	str	s21, [sp, #916]
     d54:	bd533fe1 	ldr	s1, [sp, #4924]
     d58:	bd4f3fe0 	ldr	s0, [sp, #3900]
     d5c:	1e202836 	fadd	s22, s1, s0
     d60:	bd039bf6 	str	s22, [sp, #920]
     d64:	bd5343e1 	ldr	s1, [sp, #4928]
     d68:	bd4f43e0 	ldr	s0, [sp, #3904]
     d6c:	1e202837 	fadd	s23, s1, s0
     d70:	bd039ff7 	str	s23, [sp, #924]
     d74:	bd5347e1 	ldr	s1, [sp, #4932]
     d78:	bd4f47e0 	ldr	s0, [sp, #3908]
     d7c:	1e202838 	fadd	s24, s1, s0
     d80:	bd03a3f8 	str	s24, [sp, #928]
     d84:	bd534be1 	ldr	s1, [sp, #4936]
     d88:	bd4f4be0 	ldr	s0, [sp, #3912]
     d8c:	1e202839 	fadd	s25, s1, s0
     d90:	bd03a7f9 	str	s25, [sp, #932]
     d94:	bd534fe1 	ldr	s1, [sp, #4940]
     d98:	bd4f4fe0 	ldr	s0, [sp, #3916]
     d9c:	1e20283a 	fadd	s26, s1, s0
     da0:	bd03abfa 	str	s26, [sp, #936]
     da4:	bd5353e1 	ldr	s1, [sp, #4944]
     da8:	bd4f53e0 	ldr	s0, [sp, #3920]
     dac:	1e20283b 	fadd	s27, s1, s0
     db0:	bd03affb 	str	s27, [sp, #940]
     db4:	bd5357e1 	ldr	s1, [sp, #4948]
     db8:	bd4f57e0 	ldr	s0, [sp, #3924]
     dbc:	1e20283c 	fadd	s28, s1, s0
     dc0:	bd03b3fc 	str	s28, [sp, #944]
     dc4:	bd535be1 	ldr	s1, [sp, #4952]
     dc8:	bd4f5be0 	ldr	s0, [sp, #3928]
     dcc:	1e20283d 	fadd	s29, s1, s0
     dd0:	bd03b7fd 	str	s29, [sp, #948]
     dd4:	bd535fe1 	ldr	s1, [sp, #4956]
     dd8:	bd4f5fe0 	ldr	s0, [sp, #3932]
     ddc:	1e20283e 	fadd	s30, s1, s0
     de0:	bd03bbfe 	str	s30, [sp, #952]
     de4:	bd5363e1 	ldr	s1, [sp, #4960]
     de8:	bd4f63e0 	ldr	s0, [sp, #3936]
     dec:	1e20283f 	fadd	s31, s1, s0
     df0:	bd03bfff 	str	s31, [sp, #956]
     df4:	bd5367e1 	ldr	s1, [sp, #4964]
     df8:	bd4f67e0 	ldr	s0, [sp, #3940]
     dfc:	1e202820 	fadd	s0, s1, s0
     e00:	bd03c3e0 	str	s0, [sp, #960]
     e04:	bd536be1 	ldr	s1, [sp, #4968]
     e08:	bd4f6be0 	ldr	s0, [sp, #3944]
     e0c:	1e202822 	fadd	s2, s1, s0
     e10:	bd03c7e2 	str	s2, [sp, #964]
     e14:	bd536fe1 	ldr	s1, [sp, #4972]
     e18:	bd4f6fe0 	ldr	s0, [sp, #3948]
     e1c:	1e202823 	fadd	s3, s1, s0
     e20:	bd03cbe3 	str	s3, [sp, #968]
     e24:	bd5373e1 	ldr	s1, [sp, #4976]
     e28:	bd4f73e0 	ldr	s0, [sp, #3952]
     e2c:	1e202824 	fadd	s4, s1, s0
     e30:	bd03cfe4 	str	s4, [sp, #972]
     e34:	bd5377e1 	ldr	s1, [sp, #4980]
     e38:	bd4f77e0 	ldr	s0, [sp, #3956]
     e3c:	1e202825 	fadd	s5, s1, s0
     e40:	bd03d3e5 	str	s5, [sp, #976]
     e44:	bd537be1 	ldr	s1, [sp, #4984]
     e48:	bd4f7be0 	ldr	s0, [sp, #3960]
     e4c:	1e202826 	fadd	s6, s1, s0
     e50:	bd03d7e6 	str	s6, [sp, #980]
     e54:	bd537fe1 	ldr	s1, [sp, #4988]
     e58:	bd4f7fe0 	ldr	s0, [sp, #3964]
     e5c:	1e202827 	fadd	s7, s1, s0
     e60:	bd03dbe7 	str	s7, [sp, #984]
     e64:	bd5383e1 	ldr	s1, [sp, #4992]
     e68:	bd4f83e0 	ldr	s0, [sp, #3968]
     e6c:	1e202828 	fadd	s8, s1, s0
     e70:	bd03dfe8 	str	s8, [sp, #988]
     e74:	bd5387e1 	ldr	s1, [sp, #4996]
     e78:	bd4f87e0 	ldr	s0, [sp, #3972]
     e7c:	1e20283f 	fadd	s31, s1, s0
     e80:	bd538be1 	ldr	s1, [sp, #5000]
     e84:	bd4f8be0 	ldr	s0, [sp, #3976]
     e88:	1e20283e 	fadd	s30, s1, s0
     e8c:	bd538fe1 	ldr	s1, [sp, #5004]
     e90:	bd4f8fe0 	ldr	s0, [sp, #3980]
     e94:	1e20283d 	fadd	s29, s1, s0
     e98:	bd5393e1 	ldr	s1, [sp, #5008]
     e9c:	bd4f93e0 	ldr	s0, [sp, #3984]
     ea0:	1e20283c 	fadd	s28, s1, s0
     ea4:	bd5397e1 	ldr	s1, [sp, #5012]
     ea8:	bd4f97e0 	ldr	s0, [sp, #3988]
     eac:	1e20283b 	fadd	s27, s1, s0
     eb0:	bd539be1 	ldr	s1, [sp, #5016]
     eb4:	bd4f9be0 	ldr	s0, [sp, #3992]
     eb8:	1e20283a 	fadd	s26, s1, s0
     ebc:	bd539fe1 	ldr	s1, [sp, #5020]
     ec0:	bd4f9fe0 	ldr	s0, [sp, #3996]
     ec4:	1e202839 	fadd	s25, s1, s0
     ec8:	bd53a3e1 	ldr	s1, [sp, #5024]
     ecc:	bd4fa3e0 	ldr	s0, [sp, #4000]
     ed0:	1e202838 	fadd	s24, s1, s0
     ed4:	bd53a7e1 	ldr	s1, [sp, #5028]
     ed8:	bd4fa7e0 	ldr	s0, [sp, #4004]
     edc:	1e202837 	fadd	s23, s1, s0
     ee0:	bd53abe1 	ldr	s1, [sp, #5032]
     ee4:	bd4fabe0 	ldr	s0, [sp, #4008]
     ee8:	1e202836 	fadd	s22, s1, s0
     eec:	bd53afe1 	ldr	s1, [sp, #5036]
     ef0:	bd4fafe0 	ldr	s0, [sp, #4012]
     ef4:	1e202835 	fadd	s21, s1, s0
     ef8:	bd53b3e1 	ldr	s1, [sp, #5040]
     efc:	bd4fb3e0 	ldr	s0, [sp, #4016]
     f00:	1e202834 	fadd	s20, s1, s0
     f04:	bd53b7e1 	ldr	s1, [sp, #5044]
     f08:	bd4fb7e0 	ldr	s0, [sp, #4020]
     f0c:	1e202833 	fadd	s19, s1, s0
     f10:	bd53bbe1 	ldr	s1, [sp, #5048]
     f14:	bd4fbbe0 	ldr	s0, [sp, #4024]
     f18:	1e202832 	fadd	s18, s1, s0
     f1c:	bd53bfe1 	ldr	s1, [sp, #5052]
     f20:	bd4fbfe0 	ldr	s0, [sp, #4028]
     f24:	1e202831 	fadd	s17, s1, s0
     f28:	bd53c3e1 	ldr	s1, [sp, #5056]
     f2c:	bd4fc3e0 	ldr	s0, [sp, #4032]
     f30:	1e202830 	fadd	s16, s1, s0
     f34:	bd53c7e1 	ldr	s1, [sp, #5060]
     f38:	bd4fc7e0 	ldr	s0, [sp, #4036]
     f3c:	1e20282f 	fadd	s15, s1, s0
     f40:	bd53cbe1 	ldr	s1, [sp, #5064]
     f44:	bd4fcbe0 	ldr	s0, [sp, #4040]
     f48:	1e20282e 	fadd	s14, s1, s0
     f4c:	bd53cfe1 	ldr	s1, [sp, #5068]
     f50:	bd4fcfe0 	ldr	s0, [sp, #4044]
     f54:	1e20282d 	fadd	s13, s1, s0
     f58:	bd53d3e1 	ldr	s1, [sp, #5072]
     f5c:	bd4fd3e0 	ldr	s0, [sp, #4048]
     f60:	1e20282c 	fadd	s12, s1, s0
     f64:	bd53d7e1 	ldr	s1, [sp, #5076]
     f68:	bd4fd7e0 	ldr	s0, [sp, #4052]
     f6c:	1e20282b 	fadd	s11, s1, s0
     f70:	bd53dbe1 	ldr	s1, [sp, #5080]
     f74:	bd4fdbe0 	ldr	s0, [sp, #4056]
     f78:	1e20282a 	fadd	s10, s1, s0
     f7c:	bd53dfe1 	ldr	s1, [sp, #5084]
     f80:	bd4fdfe0 	ldr	s0, [sp, #4060]
     f84:	1e202829 	fadd	s9, s1, s0
     f88:	bd53e3e1 	ldr	s1, [sp, #5088]
     f8c:	bd4fe3e0 	ldr	s0, [sp, #4064]
     f90:	1e202828 	fadd	s8, s1, s0
     f94:	bd53e7e1 	ldr	s1, [sp, #5092]
     f98:	bd4fe7e0 	ldr	s0, [sp, #4068]
     f9c:	1e202827 	fadd	s7, s1, s0
     fa0:	bd53ebe1 	ldr	s1, [sp, #5096]
     fa4:	bd4febe0 	ldr	s0, [sp, #4072]
     fa8:	1e202826 	fadd	s6, s1, s0
     fac:	bd53efe1 	ldr	s1, [sp, #5100]
     fb0:	bd4fefe0 	ldr	s0, [sp, #4076]
     fb4:	1e202825 	fadd	s5, s1, s0
     fb8:	bd53f3e1 	ldr	s1, [sp, #5104]
     fbc:	bd4ff3e0 	ldr	s0, [sp, #4080]
     fc0:	1e202824 	fadd	s4, s1, s0
     fc4:	bd53f7e1 	ldr	s1, [sp, #5108]
     fc8:	bd4ff7e0 	ldr	s0, [sp, #4084]
     fcc:	1e202823 	fadd	s3, s1, s0
     fd0:	bd53fbe1 	ldr	s1, [sp, #5112]
     fd4:	bd4ffbe0 	ldr	s0, [sp, #4088]
     fd8:	1e202822 	fadd	s2, s1, s0
     fdc:	bd53ffe1 	ldr	s1, [sp, #5116]
     fe0:	bd4fffe0 	ldr	s0, [sp, #4092]
     fe4:	1e202820 	fadd	s0, s1, s0
     fe8:	bd405fe1 	ldr	s1, [sp, #92]
     fec:	bd03e3e1 	str	s1, [sp, #992]
     ff0:	bd4063e1 	ldr	s1, [sp, #96]
     ff4:	bd03e7e1 	str	s1, [sp, #996]
     ff8:	bd4067e1 	ldr	s1, [sp, #100]
     ffc:	bd03ebe1 	str	s1, [sp, #1000]
    1000:	bd406be1 	ldr	s1, [sp, #104]
    1004:	bd03efe1 	str	s1, [sp, #1004]
    1008:	bd406fe1 	ldr	s1, [sp, #108]
    100c:	bd03f3e1 	str	s1, [sp, #1008]
    1010:	bd4073e1 	ldr	s1, [sp, #112]
    1014:	bd03f7e1 	str	s1, [sp, #1012]
    1018:	bd4077e1 	ldr	s1, [sp, #116]
    101c:	bd03fbe1 	str	s1, [sp, #1016]
    1020:	bd407be1 	ldr	s1, [sp, #120]
    1024:	bd03ffe1 	str	s1, [sp, #1020]
    1028:	bd407fe1 	ldr	s1, [sp, #124]
    102c:	bd0403e1 	str	s1, [sp, #1024]
    1030:	bd4083e1 	ldr	s1, [sp, #128]
    1034:	bd0407e1 	str	s1, [sp, #1028]
    1038:	bd4087e1 	ldr	s1, [sp, #132]
    103c:	bd040be1 	str	s1, [sp, #1032]
    1040:	bd408be1 	ldr	s1, [sp, #136]
    1044:	bd040fe1 	str	s1, [sp, #1036]
    1048:	bd408fe1 	ldr	s1, [sp, #140]
    104c:	bd0413e1 	str	s1, [sp, #1040]
    1050:	bd4093e1 	ldr	s1, [sp, #144]
    1054:	bd0417e1 	str	s1, [sp, #1044]
    1058:	bd4097e1 	ldr	s1, [sp, #148]
    105c:	bd041be1 	str	s1, [sp, #1048]
    1060:	bd409be1 	ldr	s1, [sp, #152]
    1064:	bd041fe1 	str	s1, [sp, #1052]
    1068:	bd409fe1 	ldr	s1, [sp, #156]
    106c:	bd0423e1 	str	s1, [sp, #1056]
    1070:	bd40a3e1 	ldr	s1, [sp, #160]
    1074:	bd0427e1 	str	s1, [sp, #1060]
    1078:	bd40a7e1 	ldr	s1, [sp, #164]
    107c:	bd042be1 	str	s1, [sp, #1064]
    1080:	bd40abe1 	ldr	s1, [sp, #168]
    1084:	bd042fe1 	str	s1, [sp, #1068]
    1088:	bd40afe1 	ldr	s1, [sp, #172]
    108c:	bd0433e1 	str	s1, [sp, #1072]
    1090:	bd40b3e1 	ldr	s1, [sp, #176]
    1094:	bd0437e1 	str	s1, [sp, #1076]
    1098:	bd40b7e1 	ldr	s1, [sp, #180]
    109c:	bd043be1 	str	s1, [sp, #1080]
    10a0:	bd40bbe1 	ldr	s1, [sp, #184]
    10a4:	bd043fe1 	str	s1, [sp, #1084]
    10a8:	bd40bfe1 	ldr	s1, [sp, #188]
    10ac:	bd0443e1 	str	s1, [sp, #1088]
    10b0:	bd40c3e1 	ldr	s1, [sp, #192]
    10b4:	bd0447e1 	str	s1, [sp, #1092]
    10b8:	bd40c7e1 	ldr	s1, [sp, #196]
    10bc:	bd044be1 	str	s1, [sp, #1096]
    10c0:	bd40cbe1 	ldr	s1, [sp, #200]
    10c4:	bd044fe1 	str	s1, [sp, #1100]
    10c8:	bd40cfe1 	ldr	s1, [sp, #204]
    10cc:	bd0453e1 	str	s1, [sp, #1104]
    10d0:	bd40d3e1 	ldr	s1, [sp, #208]
    10d4:	bd0457e1 	str	s1, [sp, #1108]
    10d8:	bd40d7e1 	ldr	s1, [sp, #212]
    10dc:	bd045be1 	str	s1, [sp, #1112]
    10e0:	bd40dbe1 	ldr	s1, [sp, #216]
    10e4:	bd045fe1 	str	s1, [sp, #1116]
    10e8:	bd40dfe1 	ldr	s1, [sp, #220]
    10ec:	bd0463e1 	str	s1, [sp, #1120]
    10f0:	bd40e3e1 	ldr	s1, [sp, #224]
    10f4:	bd0467e1 	str	s1, [sp, #1124]
    10f8:	bd40e7e1 	ldr	s1, [sp, #228]
    10fc:	bd046be1 	str	s1, [sp, #1128]
    1100:	bd40ebe1 	ldr	s1, [sp, #232]
    1104:	bd046fe1 	str	s1, [sp, #1132]
    1108:	bd40efe1 	ldr	s1, [sp, #236]
    110c:	bd0473e1 	str	s1, [sp, #1136]
    1110:	bd40f3e1 	ldr	s1, [sp, #240]
    1114:	bd0477e1 	str	s1, [sp, #1140]
    1118:	bd40f7e1 	ldr	s1, [sp, #244]
    111c:	bd047be1 	str	s1, [sp, #1144]
    1120:	bd40fbe1 	ldr	s1, [sp, #248]
    1124:	bd047fe1 	str	s1, [sp, #1148]
    1128:	bd40ffe1 	ldr	s1, [sp, #252]
    112c:	bd0483e1 	str	s1, [sp, #1152]
    1130:	bd4103e1 	ldr	s1, [sp, #256]
    1134:	bd0487e1 	str	s1, [sp, #1156]
    1138:	bd4107e1 	ldr	s1, [sp, #260]
    113c:	bd048be1 	str	s1, [sp, #1160]
    1140:	bd410be1 	ldr	s1, [sp, #264]
    1144:	bd048fe1 	str	s1, [sp, #1164]
    1148:	bd410fe1 	ldr	s1, [sp, #268]
    114c:	bd0493e1 	str	s1, [sp, #1168]
    1150:	bd4113e1 	ldr	s1, [sp, #272]
    1154:	bd0497e1 	str	s1, [sp, #1172]
    1158:	bd4117e1 	ldr	s1, [sp, #276]
    115c:	bd049be1 	str	s1, [sp, #1176]
    1160:	bd411be1 	ldr	s1, [sp, #280]
    1164:	bd049fe1 	str	s1, [sp, #1180]
    1168:	bd411fe1 	ldr	s1, [sp, #284]
    116c:	bd04a3e1 	str	s1, [sp, #1184]
    1170:	bd4123e1 	ldr	s1, [sp, #288]
    1174:	bd04a7e1 	str	s1, [sp, #1188]
    1178:	bd4127e1 	ldr	s1, [sp, #292]
    117c:	bd04abe1 	str	s1, [sp, #1192]
    1180:	bd412be1 	ldr	s1, [sp, #296]
    1184:	bd04afe1 	str	s1, [sp, #1196]
    1188:	bd412fe1 	ldr	s1, [sp, #300]
    118c:	bd04b3e1 	str	s1, [sp, #1200]
    1190:	bd4133e1 	ldr	s1, [sp, #304]
    1194:	bd04b7e1 	str	s1, [sp, #1204]
    1198:	bd4137e1 	ldr	s1, [sp, #308]
    119c:	bd04bbe1 	str	s1, [sp, #1208]
    11a0:	bd413be1 	ldr	s1, [sp, #312]
    11a4:	bd04bfe1 	str	s1, [sp, #1212]
    11a8:	bd413fe1 	ldr	s1, [sp, #316]
    11ac:	bd04c3e1 	str	s1, [sp, #1216]
    11b0:	bd4143e1 	ldr	s1, [sp, #320]
    11b4:	bd04c7e1 	str	s1, [sp, #1220]
    11b8:	bd4147e1 	ldr	s1, [sp, #324]
    11bc:	bd04cbe1 	str	s1, [sp, #1224]
    11c0:	bd414be1 	ldr	s1, [sp, #328]
    11c4:	bd04cfe1 	str	s1, [sp, #1228]
    11c8:	bd414fe1 	ldr	s1, [sp, #332]
    11cc:	bd04d3e1 	str	s1, [sp, #1232]
    11d0:	bd4153e1 	ldr	s1, [sp, #336]
    11d4:	bd04d7e1 	str	s1, [sp, #1236]
    11d8:	bd4157e1 	ldr	s1, [sp, #340]
    11dc:	bd04dbe1 	str	s1, [sp, #1240]
    11e0:	bd415be1 	ldr	s1, [sp, #344]
    11e4:	bd04dfe1 	str	s1, [sp, #1244]
    11e8:	bd415fe1 	ldr	s1, [sp, #348]
    11ec:	bd04e3e1 	str	s1, [sp, #1248]
    11f0:	bd4163e1 	ldr	s1, [sp, #352]
    11f4:	bd04e7e1 	str	s1, [sp, #1252]
    11f8:	bd4167e1 	ldr	s1, [sp, #356]
    11fc:	bd04ebe1 	str	s1, [sp, #1256]
    1200:	bd416be1 	ldr	s1, [sp, #360]
    1204:	bd04efe1 	str	s1, [sp, #1260]
    1208:	bd416fe1 	ldr	s1, [sp, #364]
    120c:	bd04f3e1 	str	s1, [sp, #1264]
    1210:	bd4173e1 	ldr	s1, [sp, #368]
    1214:	bd04f7e1 	str	s1, [sp, #1268]
    1218:	bd4177e1 	ldr	s1, [sp, #372]
    121c:	bd04fbe1 	str	s1, [sp, #1272]
    1220:	bd417be1 	ldr	s1, [sp, #376]
    1224:	bd04ffe1 	str	s1, [sp, #1276]
    1228:	bd417fe1 	ldr	s1, [sp, #380]
    122c:	bd0503e1 	str	s1, [sp, #1280]
    1230:	bd4183e1 	ldr	s1, [sp, #384]
    1234:	bd0507e1 	str	s1, [sp, #1284]
    1238:	bd4187e1 	ldr	s1, [sp, #388]
    123c:	bd050be1 	str	s1, [sp, #1288]
    1240:	bd418be1 	ldr	s1, [sp, #392]
    1244:	bd050fe1 	str	s1, [sp, #1292]
    1248:	bd418fe1 	ldr	s1, [sp, #396]
    124c:	bd0513e1 	str	s1, [sp, #1296]
    1250:	bd4193e1 	ldr	s1, [sp, #400]
    1254:	bd0517e1 	str	s1, [sp, #1300]
    1258:	bd4197e1 	ldr	s1, [sp, #404]
    125c:	bd051be1 	str	s1, [sp, #1304]
    1260:	bd419be1 	ldr	s1, [sp, #408]
    1264:	bd051fe1 	str	s1, [sp, #1308]
    1268:	bd419fe1 	ldr	s1, [sp, #412]
    126c:	bd0523e1 	str	s1, [sp, #1312]
    1270:	bd41a3e1 	ldr	s1, [sp, #416]
    1274:	bd0527e1 	str	s1, [sp, #1316]
    1278:	bd41a7e1 	ldr	s1, [sp, #420]
    127c:	bd052be1 	str	s1, [sp, #1320]
    1280:	bd41abe1 	ldr	s1, [sp, #424]
    1284:	bd052fe1 	str	s1, [sp, #1324]
    1288:	bd41afe1 	ldr	s1, [sp, #428]
    128c:	bd0533e1 	str	s1, [sp, #1328]
    1290:	bd41b3e1 	ldr	s1, [sp, #432]
    1294:	bd0537e1 	str	s1, [sp, #1332]
    1298:	bd41b7e1 	ldr	s1, [sp, #436]
    129c:	bd053be1 	str	s1, [sp, #1336]
    12a0:	bd41bbe1 	ldr	s1, [sp, #440]
    12a4:	bd053fe1 	str	s1, [sp, #1340]
    12a8:	bd41bfe1 	ldr	s1, [sp, #444]
    12ac:	bd0543e1 	str	s1, [sp, #1344]
    12b0:	bd41c3e1 	ldr	s1, [sp, #448]
    12b4:	bd0547e1 	str	s1, [sp, #1348]
    12b8:	bd41c7e1 	ldr	s1, [sp, #452]
    12bc:	bd054be1 	str	s1, [sp, #1352]
    12c0:	bd41cbe1 	ldr	s1, [sp, #456]
    12c4:	bd054fe1 	str	s1, [sp, #1356]
    12c8:	bd41cfe1 	ldr	s1, [sp, #460]
    12cc:	bd0553e1 	str	s1, [sp, #1360]
    12d0:	bd41d3e1 	ldr	s1, [sp, #464]
    12d4:	bd0557e1 	str	s1, [sp, #1364]
    12d8:	bd41d7e1 	ldr	s1, [sp, #468]
    12dc:	bd055be1 	str	s1, [sp, #1368]
    12e0:	bd41dbe1 	ldr	s1, [sp, #472]
    12e4:	bd055fe1 	str	s1, [sp, #1372]
    12e8:	bd41dfe1 	ldr	s1, [sp, #476]
    12ec:	bd0563e1 	str	s1, [sp, #1376]
    12f0:	bd41e3e1 	ldr	s1, [sp, #480]
    12f4:	bd0567e1 	str	s1, [sp, #1380]
    12f8:	bd41e7e1 	ldr	s1, [sp, #484]
    12fc:	bd056be1 	str	s1, [sp, #1384]
    1300:	bd41ebe1 	ldr	s1, [sp, #488]
    1304:	bd056fe1 	str	s1, [sp, #1388]
    1308:	bd41efe1 	ldr	s1, [sp, #492]
    130c:	bd0573e1 	str	s1, [sp, #1392]
    1310:	bd41f3e1 	ldr	s1, [sp, #496]
    1314:	bd0577e1 	str	s1, [sp, #1396]
    1318:	bd41f7e1 	ldr	s1, [sp, #500]
    131c:	bd057be1 	str	s1, [sp, #1400]
    1320:	bd41fbe1 	ldr	s1, [sp, #504]
    1324:	bd057fe1 	str	s1, [sp, #1404]
    1328:	bd41ffe1 	ldr	s1, [sp, #508]
    132c:	bd0583e1 	str	s1, [sp, #1408]
    1330:	bd4203e1 	ldr	s1, [sp, #512]
    1334:	bd0587e1 	str	s1, [sp, #1412]
    1338:	bd4207e1 	ldr	s1, [sp, #516]
    133c:	bd058be1 	str	s1, [sp, #1416]
    1340:	bd420be1 	ldr	s1, [sp, #520]
    1344:	bd058fe1 	str	s1, [sp, #1420]
    1348:	bd420fe1 	ldr	s1, [sp, #524]
    134c:	bd0593e1 	str	s1, [sp, #1424]
    1350:	bd4213e1 	ldr	s1, [sp, #528]
    1354:	bd0597e1 	str	s1, [sp, #1428]
    1358:	bd4217e1 	ldr	s1, [sp, #532]
    135c:	bd059be1 	str	s1, [sp, #1432]
    1360:	bd421be1 	ldr	s1, [sp, #536]
    1364:	bd059fe1 	str	s1, [sp, #1436]
    1368:	bd421fe1 	ldr	s1, [sp, #540]
    136c:	bd05a3e1 	str	s1, [sp, #1440]
    1370:	bd4223e1 	ldr	s1, [sp, #544]
    1374:	bd05a7e1 	str	s1, [sp, #1444]
    1378:	bd4227e1 	ldr	s1, [sp, #548]
    137c:	bd05abe1 	str	s1, [sp, #1448]
    1380:	bd422be1 	ldr	s1, [sp, #552]
    1384:	bd05afe1 	str	s1, [sp, #1452]
    1388:	bd422fe1 	ldr	s1, [sp, #556]
    138c:	bd05b3e1 	str	s1, [sp, #1456]
    1390:	bd4233e1 	ldr	s1, [sp, #560]
    1394:	bd05b7e1 	str	s1, [sp, #1460]
    1398:	bd4237e1 	ldr	s1, [sp, #564]
    139c:	bd05bbe1 	str	s1, [sp, #1464]
    13a0:	bd423be1 	ldr	s1, [sp, #568]
    13a4:	bd05bfe1 	str	s1, [sp, #1468]
    13a8:	bd423fe1 	ldr	s1, [sp, #572]
    13ac:	bd05c3e1 	str	s1, [sp, #1472]
    13b0:	bd4243e1 	ldr	s1, [sp, #576]
    13b4:	bd05c7e1 	str	s1, [sp, #1476]
    13b8:	bd4247e1 	ldr	s1, [sp, #580]
    13bc:	bd05cbe1 	str	s1, [sp, #1480]
    13c0:	bd424be1 	ldr	s1, [sp, #584]
    13c4:	bd05cfe1 	str	s1, [sp, #1484]
    13c8:	bd424fe1 	ldr	s1, [sp, #588]
    13cc:	bd05d3e1 	str	s1, [sp, #1488]
    13d0:	bd4253e1 	ldr	s1, [sp, #592]
    13d4:	bd05d7e1 	str	s1, [sp, #1492]
    13d8:	bd4257e1 	ldr	s1, [sp, #596]
    13dc:	bd05dbe1 	str	s1, [sp, #1496]
    13e0:	bd425be1 	ldr	s1, [sp, #600]
    13e4:	bd05dfe1 	str	s1, [sp, #1500]
    13e8:	bd425fe1 	ldr	s1, [sp, #604]
    13ec:	bd05e3e1 	str	s1, [sp, #1504]
    13f0:	bd4263e1 	ldr	s1, [sp, #608]
    13f4:	bd05e7e1 	str	s1, [sp, #1508]
    13f8:	bd4267e1 	ldr	s1, [sp, #612]
    13fc:	bd05ebe1 	str	s1, [sp, #1512]
    1400:	bd426be1 	ldr	s1, [sp, #616]
    1404:	bd05efe1 	str	s1, [sp, #1516]
    1408:	bd426fe1 	ldr	s1, [sp, #620]
    140c:	bd05f3e1 	str	s1, [sp, #1520]
    1410:	bd4273e1 	ldr	s1, [sp, #624]
    1414:	bd05f7e1 	str	s1, [sp, #1524]
    1418:	bd4277e1 	ldr	s1, [sp, #628]
    141c:	bd05fbe1 	str	s1, [sp, #1528]
    1420:	bd427be1 	ldr	s1, [sp, #632]
    1424:	bd05ffe1 	str	s1, [sp, #1532]
    1428:	bd427fe1 	ldr	s1, [sp, #636]
    142c:	bd0603e1 	str	s1, [sp, #1536]
    1430:	bd4283e1 	ldr	s1, [sp, #640]
    1434:	bd0607e1 	str	s1, [sp, #1540]
    1438:	bd4287e1 	ldr	s1, [sp, #644]
    143c:	bd060be1 	str	s1, [sp, #1544]
    1440:	bd428be1 	ldr	s1, [sp, #648]
    1444:	bd060fe1 	str	s1, [sp, #1548]
    1448:	bd428fe1 	ldr	s1, [sp, #652]
    144c:	bd0613e1 	str	s1, [sp, #1552]
    1450:	bd4293e1 	ldr	s1, [sp, #656]
    1454:	bd0617e1 	str	s1, [sp, #1556]
    1458:	bd4297e1 	ldr	s1, [sp, #660]
    145c:	bd061be1 	str	s1, [sp, #1560]
    1460:	bd429be1 	ldr	s1, [sp, #664]
    1464:	bd061fe1 	str	s1, [sp, #1564]
    1468:	bd429fe1 	ldr	s1, [sp, #668]
    146c:	bd0623e1 	str	s1, [sp, #1568]
    1470:	bd42a3e1 	ldr	s1, [sp, #672]
    1474:	bd0627e1 	str	s1, [sp, #1572]
    1478:	bd42a7e1 	ldr	s1, [sp, #676]
    147c:	bd062be1 	str	s1, [sp, #1576]
    1480:	bd42abe1 	ldr	s1, [sp, #680]
    1484:	bd062fe1 	str	s1, [sp, #1580]
    1488:	bd42afe1 	ldr	s1, [sp, #684]
    148c:	bd0633e1 	str	s1, [sp, #1584]
    1490:	bd42b3e1 	ldr	s1, [sp, #688]
    1494:	bd0637e1 	str	s1, [sp, #1588]
    1498:	bd42b7e1 	ldr	s1, [sp, #692]
    149c:	bd063be1 	str	s1, [sp, #1592]
    14a0:	bd42bbe1 	ldr	s1, [sp, #696]
    14a4:	bd063fe1 	str	s1, [sp, #1596]
    14a8:	bd42bfe1 	ldr	s1, [sp, #700]
    14ac:	bd0643e1 	str	s1, [sp, #1600]
    14b0:	bd42c3e1 	ldr	s1, [sp, #704]
    14b4:	bd0647e1 	str	s1, [sp, #1604]
    14b8:	bd42c7e1 	ldr	s1, [sp, #708]
    14bc:	bd064be1 	str	s1, [sp, #1608]
    14c0:	bd42cbe1 	ldr	s1, [sp, #712]
    14c4:	bd064fe1 	str	s1, [sp, #1612]
    14c8:	bd42cfe1 	ldr	s1, [sp, #716]
    14cc:	bd0653e1 	str	s1, [sp, #1616]
    14d0:	bd42d3e1 	ldr	s1, [sp, #720]
    14d4:	bd0657e1 	str	s1, [sp, #1620]
    14d8:	bd42d7e1 	ldr	s1, [sp, #724]
    14dc:	bd065be1 	str	s1, [sp, #1624]
    14e0:	bd42dbe1 	ldr	s1, [sp, #728]
    14e4:	bd065fe1 	str	s1, [sp, #1628]
    14e8:	bd42dfe1 	ldr	s1, [sp, #732]
    14ec:	bd0663e1 	str	s1, [sp, #1632]
    14f0:	bd42e3e1 	ldr	s1, [sp, #736]
    14f4:	bd0667e1 	str	s1, [sp, #1636]
    14f8:	bd42e7e1 	ldr	s1, [sp, #740]
    14fc:	bd066be1 	str	s1, [sp, #1640]
    1500:	bd42ebe1 	ldr	s1, [sp, #744]
    1504:	bd066fe1 	str	s1, [sp, #1644]
    1508:	bd42efe1 	ldr	s1, [sp, #748]
    150c:	bd0673e1 	str	s1, [sp, #1648]
    1510:	bd42f3e1 	ldr	s1, [sp, #752]
    1514:	bd0677e1 	str	s1, [sp, #1652]
    1518:	bd42f7e1 	ldr	s1, [sp, #756]
    151c:	bd067be1 	str	s1, [sp, #1656]
    1520:	bd42fbe1 	ldr	s1, [sp, #760]
    1524:	bd067fe1 	str	s1, [sp, #1660]
    1528:	bd42ffe1 	ldr	s1, [sp, #764]
    152c:	bd0683e1 	str	s1, [sp, #1664]
    1530:	bd4303e1 	ldr	s1, [sp, #768]
    1534:	bd0687e1 	str	s1, [sp, #1668]
    1538:	bd4307e1 	ldr	s1, [sp, #772]
    153c:	bd068be1 	str	s1, [sp, #1672]
    1540:	bd430be1 	ldr	s1, [sp, #776]
    1544:	bd068fe1 	str	s1, [sp, #1676]
    1548:	bd430fe1 	ldr	s1, [sp, #780]
    154c:	bd0693e1 	str	s1, [sp, #1680]
    1550:	bd4313e1 	ldr	s1, [sp, #784]
    1554:	bd0697e1 	str	s1, [sp, #1684]
    1558:	bd4317e1 	ldr	s1, [sp, #788]
    155c:	bd069be1 	str	s1, [sp, #1688]
    1560:	bd431be1 	ldr	s1, [sp, #792]
    1564:	bd069fe1 	str	s1, [sp, #1692]
    1568:	bd431fe1 	ldr	s1, [sp, #796]
    156c:	bd06a3e1 	str	s1, [sp, #1696]
    1570:	bd4323e1 	ldr	s1, [sp, #800]
    1574:	bd06a7e1 	str	s1, [sp, #1700]
    1578:	bd4327e1 	ldr	s1, [sp, #804]
    157c:	bd06abe1 	str	s1, [sp, #1704]
    1580:	bd432be1 	ldr	s1, [sp, #808]
    1584:	bd06afe1 	str	s1, [sp, #1708]
    1588:	bd432fe1 	ldr	s1, [sp, #812]
    158c:	bd06b3e1 	str	s1, [sp, #1712]
    1590:	bd4333e1 	ldr	s1, [sp, #816]
    1594:	bd06b7e1 	str	s1, [sp, #1716]
    1598:	bd4337e1 	ldr	s1, [sp, #820]
    159c:	bd06bbe1 	str	s1, [sp, #1720]
    15a0:	bd433be1 	ldr	s1, [sp, #824]
    15a4:	bd06bfe1 	str	s1, [sp, #1724]
    15a8:	bd433fe1 	ldr	s1, [sp, #828]
    15ac:	bd06c3e1 	str	s1, [sp, #1728]
    15b0:	bd4343e1 	ldr	s1, [sp, #832]
    15b4:	bd06c7e1 	str	s1, [sp, #1732]
    15b8:	bd4347e1 	ldr	s1, [sp, #836]
    15bc:	bd06cbe1 	str	s1, [sp, #1736]
    15c0:	bd434be1 	ldr	s1, [sp, #840]
    15c4:	bd06cfe1 	str	s1, [sp, #1740]
    15c8:	bd434fe1 	ldr	s1, [sp, #844]
    15cc:	bd06d3e1 	str	s1, [sp, #1744]
    15d0:	bd4353e1 	ldr	s1, [sp, #848]
    15d4:	bd06d7e1 	str	s1, [sp, #1748]
    15d8:	bd4357e1 	ldr	s1, [sp, #852]
    15dc:	bd06dbe1 	str	s1, [sp, #1752]
    15e0:	bd435be1 	ldr	s1, [sp, #856]
    15e4:	bd06dfe1 	str	s1, [sp, #1756]
    15e8:	bd435fe1 	ldr	s1, [sp, #860]
    15ec:	bd06e3e1 	str	s1, [sp, #1760]
    15f0:	bd4363e1 	ldr	s1, [sp, #864]
    15f4:	bd06e7e1 	str	s1, [sp, #1764]
    15f8:	bd4367e1 	ldr	s1, [sp, #868]
    15fc:	bd06ebe1 	str	s1, [sp, #1768]
    1600:	bd436be1 	ldr	s1, [sp, #872]
    1604:	bd06efe1 	str	s1, [sp, #1772]
    1608:	bd436fe1 	ldr	s1, [sp, #876]
    160c:	bd06f3e1 	str	s1, [sp, #1776]
    1610:	bd4373e1 	ldr	s1, [sp, #880]
    1614:	bd06f7e1 	str	s1, [sp, #1780]
    1618:	bd4377e1 	ldr	s1, [sp, #884]
    161c:	bd06fbe1 	str	s1, [sp, #1784]
    1620:	bd437be1 	ldr	s1, [sp, #888]
    1624:	bd06ffe1 	str	s1, [sp, #1788]
    1628:	bd437fe1 	ldr	s1, [sp, #892]
    162c:	bd0703e1 	str	s1, [sp, #1792]
    1630:	bd4383e1 	ldr	s1, [sp, #896]
    1634:	bd0707e1 	str	s1, [sp, #1796]
    1638:	bd4387e1 	ldr	s1, [sp, #900]
    163c:	bd070be1 	str	s1, [sp, #1800]
    1640:	bd438be1 	ldr	s1, [sp, #904]
    1644:	bd070fe1 	str	s1, [sp, #1804]
    1648:	bd438fe1 	ldr	s1, [sp, #908]
    164c:	bd0713e1 	str	s1, [sp, #1808]
    1650:	bd4393e1 	ldr	s1, [sp, #912]
    1654:	bd0717e1 	str	s1, [sp, #1812]
    1658:	bd4397e1 	ldr	s1, [sp, #916]
    165c:	bd071be1 	str	s1, [sp, #1816]
    1660:	bd439be1 	ldr	s1, [sp, #920]
    1664:	bd071fe1 	str	s1, [sp, #1820]
    1668:	bd439fe1 	ldr	s1, [sp, #924]
    166c:	bd0723e1 	str	s1, [sp, #1824]
    1670:	bd43a3e1 	ldr	s1, [sp, #928]
    1674:	bd0727e1 	str	s1, [sp, #1828]
    1678:	bd43a7e1 	ldr	s1, [sp, #932]
    167c:	bd072be1 	str	s1, [sp, #1832]
    1680:	bd43abe1 	ldr	s1, [sp, #936]
    1684:	bd072fe1 	str	s1, [sp, #1836]
    1688:	bd43afe1 	ldr	s1, [sp, #940]
    168c:	bd0733e1 	str	s1, [sp, #1840]
    1690:	bd43b3e1 	ldr	s1, [sp, #944]
    1694:	bd0737e1 	str	s1, [sp, #1844]
    1698:	bd43b7e1 	ldr	s1, [sp, #948]
    169c:	bd073be1 	str	s1, [sp, #1848]
    16a0:	bd43bbe1 	ldr	s1, [sp, #952]
    16a4:	bd073fe1 	str	s1, [sp, #1852]
    16a8:	bd43bfe1 	ldr	s1, [sp, #956]
    16ac:	bd0743e1 	str	s1, [sp, #1856]
    16b0:	bd43c3e1 	ldr	s1, [sp, #960]
    16b4:	bd0747e1 	str	s1, [sp, #1860]
    16b8:	bd43c7e1 	ldr	s1, [sp, #964]
    16bc:	bd074be1 	str	s1, [sp, #1864]
    16c0:	bd43cbe1 	ldr	s1, [sp, #968]
    16c4:	bd074fe1 	str	s1, [sp, #1868]
    16c8:	bd43cfe1 	ldr	s1, [sp, #972]
    16cc:	bd0753e1 	str	s1, [sp, #1872]
    16d0:	bd43d3e1 	ldr	s1, [sp, #976]
    16d4:	bd0757e1 	str	s1, [sp, #1876]
    16d8:	bd43d7e1 	ldr	s1, [sp, #980]
    16dc:	bd075be1 	str	s1, [sp, #1880]
    16e0:	bd43dbe1 	ldr	s1, [sp, #984]
    16e4:	bd075fe1 	str	s1, [sp, #1884]
    16e8:	bd43dfe1 	ldr	s1, [sp, #988]
    16ec:	bd0763e1 	str	s1, [sp, #1888]
    16f0:	bd0767ff 	str	s31, [sp, #1892]
    16f4:	bd076bfe 	str	s30, [sp, #1896]
    16f8:	bd076ffd 	str	s29, [sp, #1900]
    16fc:	bd0773fc 	str	s28, [sp, #1904]
    1700:	bd0777fb 	str	s27, [sp, #1908]
    1704:	bd077bfa 	str	s26, [sp, #1912]
    1708:	bd077ff9 	str	s25, [sp, #1916]
    170c:	bd0783f8 	str	s24, [sp, #1920]
    1710:	bd0787f7 	str	s23, [sp, #1924]
    1714:	bd078bf6 	str	s22, [sp, #1928]
    1718:	bd078ff5 	str	s21, [sp, #1932]
    171c:	bd0793f4 	str	s20, [sp, #1936]
    1720:	bd0797f3 	str	s19, [sp, #1940]
    1724:	bd079bf2 	str	s18, [sp, #1944]
    1728:	bd079ff1 	str	s17, [sp, #1948]
    172c:	bd07a3f0 	str	s16, [sp, #1952]
    1730:	bd07a7ef 	str	s15, [sp, #1956]
    1734:	bd07abee 	str	s14, [sp, #1960]
    1738:	bd07afed 	str	s13, [sp, #1964]
    173c:	bd07b3ec 	str	s12, [sp, #1968]
    1740:	bd07b7eb 	str	s11, [sp, #1972]
    1744:	bd07bbea 	str	s10, [sp, #1976]
    1748:	bd07bfe9 	str	s9, [sp, #1980]
    174c:	bd07c3e8 	str	s8, [sp, #1984]
    1750:	bd07c7e7 	str	s7, [sp, #1988]
    1754:	bd07cbe6 	str	s6, [sp, #1992]
    1758:	bd07cfe5 	str	s5, [sp, #1996]
    175c:	bd07d3e4 	str	s4, [sp, #2000]
    1760:	bd07d7e3 	str	s3, [sp, #2004]
    1764:	bd07dbe2 	str	s2, [sp, #2008]
    1768:	bd07dfe0 	str	s0, [sp, #2012]
    176c:	912003e0 	add	x0, sp, #0x800
    1770:	910f83e1 	add	x1, sp, #0x3e0
    1774:	d2808002 	mov	x2, #0x400                 	// #1024
    1778:	94000000 	bl	0 <memcpy>
    177c:	f943f7e0 	ldr	x0, [sp, #2024]
    1780:	aa0003e3 	mov	x3, x0
    1784:	912003e0 	add	x0, sp, #0x800
    1788:	d2808001 	mov	x1, #0x400                 	// #1024
    178c:	aa0103e2 	mov	x2, x1
    1790:	aa0003e1 	mov	x1, x0
    1794:	aa0303e0 	mov	x0, x3
    1798:	94000000 	bl	0 <memcpy>
}
    179c:	d503201f 	nop
    17a0:	6d4127e8 	ldp	d8, d9, [sp, #16]
    17a4:	6d422fea 	ldp	d10, d11, [sp, #32]
    17a8:	6d4337ec 	ldp	d12, d13, [sp, #48]
    17ac:	6d443fee 	ldp	d14, d15, [sp, #64]
    17b0:	a9407bfd 	ldp	x29, x30, [sp]
    17b4:	d282800c 	mov	x12, #0x1400                	// #5120
    17b8:	8b2c63ff 	add	sp, sp, x12
    17bc:	d65f03c0 	ret

00000000000017c0 <main>:

int main(void)
{
    17c0:	d13043ff 	sub	sp, sp, #0xc10
    17c4:	a9007bfd 	stp	x29, x30, [sp]
    17c8:	910003fd 	mov	x29, sp
    v1024f x = { 1.0 };
    17cc:	912043e0 	add	x0, sp, #0x810
    17d0:	d2808001 	mov	x1, #0x400                 	// #1024
    17d4:	aa0103e2 	mov	x2, x1
    17d8:	52800001 	mov	w1, #0x0                   	// #0
    17dc:	94000000 	bl	0 <memset>
    17e0:	1e2e1000 	fmov	s0, #1.000000000000000000e+00
    17e4:	bd0813e0 	str	s0, [sp, #2064]
    v1024f y = { 1.0 };
    17e8:	911043e0 	add	x0, sp, #0x410
    17ec:	d2808001 	mov	x1, #0x400                 	// #1024
    17f0:	aa0103e2 	mov	x2, x1
    17f4:	52800001 	mov	w1, #0x0                   	// #0
    17f8:	94000000 	bl	0 <memset>
    17fc:	1e2e1000 	fmov	s0, #1.000000000000000000e+00
    1800:	bd0413e0 	str	s0, [sp, #1040]
    v1024f z;

    addVectors(&x, &y, &z);
    1804:	910043e2 	add	x2, sp, #0x10
    1808:	911043e1 	add	x1, sp, #0x410
    180c:	912043e0 	add	x0, sp, #0x810
    1810:	94000000 	bl	0 <addVectors>

    return 0;
    1814:	52800000 	mov	w0, #0x0                   	// #0
}
    1818:	a9407bfd 	ldp	x29, x30, [sp]
    181c:	913043ff 	add	sp, sp, #0xc10
    1820:	d65f03c0 	ret
