
simd16_2.o:     file format elf64-littleaarch64


Disassembly of section .text:

0000000000000000 <addVectors>:
typedef float v1024f __attribute__((vector_size(1024)));

void addVectors(v1024f * x, v1024f * y, v1024f * z)
{
   0:	d282500c 	mov	x12, #0x1280                	// #4736
   4:	cb2c63ff 	sub	sp, sp, x12
   8:	a9007bfd 	stp	x29, x30, [sp]
   c:	910003fd 	mov	x29, sp
  10:	6d0127e8 	stp	d8, d9, [sp, #16]
  14:	6d022fea 	stp	d10, d11, [sp, #32]
  18:	6d0337ec 	stp	d12, d13, [sp, #48]
  1c:	6d043fee 	stp	d14, d15, [sp, #64]
  20:	f9033fe0 	str	x0, [sp, #1656]
  24:	f9033be1 	str	x1, [sp, #1648]
  28:	f90337e2 	str	x2, [sp, #1640]
    *z = *x + *y;
  2c:	f9433fe1 	ldr	x1, [sp, #1656]
  30:	913a03e0 	add	x0, sp, #0xe80
  34:	aa0103e3 	mov	x3, x1
  38:	d2808001 	mov	x1, #0x400                 	// #1024
  3c:	aa0103e2 	mov	x2, x1
  40:	aa0303e1 	mov	x1, x3
  44:	94000000 	bl	0 <memcpy>
  48:	f9433be1 	ldr	x1, [sp, #1648]
  4c:	912a03e0 	add	x0, sp, #0xa80
  50:	aa0103e3 	mov	x3, x1
  54:	d2808001 	mov	x1, #0x400                 	// #1024
  58:	aa0103e2 	mov	x2, x1
  5c:	aa0303e1 	mov	x1, x3
  60:	94000000 	bl	0 <memcpy>
  64:	3dc3a3e1 	ldr	q1, [sp, #3712]
  68:	3dc2a3e0 	ldr	q0, [sp, #2688]
  6c:	4e20d437 	fadd	v23.4s, v1.4s, v0.4s
  70:	3dc3a7e1 	ldr	q1, [sp, #3728]
  74:	3dc2a7e0 	ldr	q0, [sp, #2704]
  78:	4e20d439 	fadd	v25.4s, v1.4s, v0.4s
  7c:	3dc3abe1 	ldr	q1, [sp, #3744]
  80:	3dc2abe0 	ldr	q0, [sp, #2720]
  84:	4e20d43a 	fadd	v26.4s, v1.4s, v0.4s
  88:	3dc3afe1 	ldr	q1, [sp, #3760]
  8c:	3dc2afe0 	ldr	q0, [sp, #2736]
  90:	4e20d43b 	fadd	v27.4s, v1.4s, v0.4s
  94:	3dc3b3e1 	ldr	q1, [sp, #3776]
  98:	3dc2b3e0 	ldr	q0, [sp, #2752]
  9c:	4e20d43d 	fadd	v29.4s, v1.4s, v0.4s
  a0:	3dc3b7e1 	ldr	q1, [sp, #3792]
  a4:	3dc2b7e0 	ldr	q0, [sp, #2768]
  a8:	4e20d43e 	fadd	v30.4s, v1.4s, v0.4s
  ac:	3dc3bbe1 	ldr	q1, [sp, #3808]
  b0:	3dc2bbe0 	ldr	q0, [sp, #2784]
  b4:	4e20d43f 	fadd	v31.4s, v1.4s, v0.4s
  b8:	3dc3bfe1 	ldr	q1, [sp, #3824]
  bc:	3dc2bfe0 	ldr	q0, [sp, #2800]
  c0:	4e20d420 	fadd	v0.4s, v1.4s, v0.4s
  c4:	3d8017e0 	str	q0, [sp, #80]
  c8:	3dc3c3e1 	ldr	q1, [sp, #3840]
  cc:	3dc2c3e0 	ldr	q0, [sp, #2816]
  d0:	4e20d422 	fadd	v2.4s, v1.4s, v0.4s
  d4:	3d801be2 	str	q2, [sp, #96]
  d8:	3dc3c7e1 	ldr	q1, [sp, #3856]
  dc:	3dc2c7e0 	ldr	q0, [sp, #2832]
  e0:	4e20d423 	fadd	v3.4s, v1.4s, v0.4s
  e4:	3d801fe3 	str	q3, [sp, #112]
  e8:	3dc3cbe1 	ldr	q1, [sp, #3872]
  ec:	3dc2cbe0 	ldr	q0, [sp, #2848]
  f0:	4e20d424 	fadd	v4.4s, v1.4s, v0.4s
  f4:	3d8023e4 	str	q4, [sp, #128]
  f8:	3dc3cfe1 	ldr	q1, [sp, #3888]
  fc:	3dc2cfe0 	ldr	q0, [sp, #2864]
 100:	4e20d425 	fadd	v5.4s, v1.4s, v0.4s
 104:	3d8027e5 	str	q5, [sp, #144]
 108:	3dc3d3e1 	ldr	q1, [sp, #3904]
 10c:	3dc2d3e0 	ldr	q0, [sp, #2880]
 110:	4e20d426 	fadd	v6.4s, v1.4s, v0.4s
 114:	3d802be6 	str	q6, [sp, #160]
 118:	3dc3d7e1 	ldr	q1, [sp, #3920]
 11c:	3dc2d7e0 	ldr	q0, [sp, #2896]
 120:	4e20d427 	fadd	v7.4s, v1.4s, v0.4s
 124:	3d802fe7 	str	q7, [sp, #176]
 128:	3dc3dbe1 	ldr	q1, [sp, #3936]
 12c:	3dc2dbe0 	ldr	q0, [sp, #2912]
 130:	4e20d428 	fadd	v8.4s, v1.4s, v0.4s
 134:	3d8033e8 	str	q8, [sp, #192]
 138:	3dc3dfe1 	ldr	q1, [sp, #3952]
 13c:	3dc2dfe0 	ldr	q0, [sp, #2928]
 140:	4e20d429 	fadd	v9.4s, v1.4s, v0.4s
 144:	3d8037e9 	str	q9, [sp, #208]
 148:	3dc3e3e1 	ldr	q1, [sp, #3968]
 14c:	3dc2e3e0 	ldr	q0, [sp, #2944]
 150:	4e20d42a 	fadd	v10.4s, v1.4s, v0.4s
 154:	3d803bea 	str	q10, [sp, #224]
 158:	3dc3e7e1 	ldr	q1, [sp, #3984]
 15c:	3dc2e7e0 	ldr	q0, [sp, #2960]
 160:	4e20d42b 	fadd	v11.4s, v1.4s, v0.4s
 164:	3d803feb 	str	q11, [sp, #240]
 168:	3dc3ebe1 	ldr	q1, [sp, #4000]
 16c:	3dc2ebe0 	ldr	q0, [sp, #2976]
 170:	4e20d42c 	fadd	v12.4s, v1.4s, v0.4s
 174:	3d8043ec 	str	q12, [sp, #256]
 178:	3dc3efe1 	ldr	q1, [sp, #4016]
 17c:	3dc2efe0 	ldr	q0, [sp, #2992]
 180:	4e20d42d 	fadd	v13.4s, v1.4s, v0.4s
 184:	3d8047ed 	str	q13, [sp, #272]
 188:	3dc3f3e1 	ldr	q1, [sp, #4032]
 18c:	3dc2f3e0 	ldr	q0, [sp, #3008]
 190:	4e20d42e 	fadd	v14.4s, v1.4s, v0.4s
 194:	3d804bee 	str	q14, [sp, #288]
 198:	3dc3f7e1 	ldr	q1, [sp, #4048]
 19c:	3dc2f7e0 	ldr	q0, [sp, #3024]
 1a0:	4e20d42f 	fadd	v15.4s, v1.4s, v0.4s
 1a4:	3d804fef 	str	q15, [sp, #304]
 1a8:	3dc3fbe1 	ldr	q1, [sp, #4064]
 1ac:	3dc2fbe0 	ldr	q0, [sp, #3040]
 1b0:	4e20d430 	fadd	v16.4s, v1.4s, v0.4s
 1b4:	3d8053f0 	str	q16, [sp, #320]
 1b8:	3dc3ffe1 	ldr	q1, [sp, #4080]
 1bc:	3dc2ffe0 	ldr	q0, [sp, #3056]
 1c0:	4e20d431 	fadd	v17.4s, v1.4s, v0.4s
 1c4:	3d8057f1 	str	q17, [sp, #336]
 1c8:	3dc403e1 	ldr	q1, [sp, #4096]
 1cc:	3dc303e0 	ldr	q0, [sp, #3072]
 1d0:	4e20d432 	fadd	v18.4s, v1.4s, v0.4s
 1d4:	3d805bf2 	str	q18, [sp, #352]
 1d8:	3dc407e1 	ldr	q1, [sp, #4112]
 1dc:	3dc307e0 	ldr	q0, [sp, #3088]
 1e0:	4e20d433 	fadd	v19.4s, v1.4s, v0.4s
 1e4:	3d805ff3 	str	q19, [sp, #368]
 1e8:	3dc40be1 	ldr	q1, [sp, #4128]
 1ec:	3dc30be0 	ldr	q0, [sp, #3104]
 1f0:	4e20d434 	fadd	v20.4s, v1.4s, v0.4s
 1f4:	3d8063f4 	str	q20, [sp, #384]
 1f8:	3dc40fe1 	ldr	q1, [sp, #4144]
 1fc:	3dc30fe0 	ldr	q0, [sp, #3120]
 200:	4e20d435 	fadd	v21.4s, v1.4s, v0.4s
 204:	3d8067f5 	str	q21, [sp, #400]
 208:	3dc413e1 	ldr	q1, [sp, #4160]
 20c:	3dc313e0 	ldr	q0, [sp, #3136]
 210:	4e20d436 	fadd	v22.4s, v1.4s, v0.4s
 214:	3d806bf6 	str	q22, [sp, #416]
 218:	3dc417e1 	ldr	q1, [sp, #4176]
 21c:	3dc317e0 	ldr	q0, [sp, #3152]
 220:	4e20d438 	fadd	v24.4s, v1.4s, v0.4s
 224:	3d806ff8 	str	q24, [sp, #432]
 228:	3dc41be1 	ldr	q1, [sp, #4192]
 22c:	3dc31be0 	ldr	q0, [sp, #3168]
 230:	4e20d43c 	fadd	v28.4s, v1.4s, v0.4s
 234:	3d8073fc 	str	q28, [sp, #448]
 238:	3dc41fe1 	ldr	q1, [sp, #4208]
 23c:	3dc31fe0 	ldr	q0, [sp, #3184]
 240:	4e20d420 	fadd	v0.4s, v1.4s, v0.4s
 244:	3d8077e0 	str	q0, [sp, #464]
 248:	3dc423e1 	ldr	q1, [sp, #4224]
 24c:	3dc323e0 	ldr	q0, [sp, #3200]
 250:	4e20d422 	fadd	v2.4s, v1.4s, v0.4s
 254:	3d807be2 	str	q2, [sp, #480]
 258:	3dc427e1 	ldr	q1, [sp, #4240]
 25c:	3dc327e0 	ldr	q0, [sp, #3216]
 260:	4e20d423 	fadd	v3.4s, v1.4s, v0.4s
 264:	3d807fe3 	str	q3, [sp, #496]
 268:	3dc42be1 	ldr	q1, [sp, #4256]
 26c:	3dc32be0 	ldr	q0, [sp, #3232]
 270:	4e20d424 	fadd	v4.4s, v1.4s, v0.4s
 274:	3d8083e4 	str	q4, [sp, #512]
 278:	3dc42fe1 	ldr	q1, [sp, #4272]
 27c:	3dc32fe0 	ldr	q0, [sp, #3248]
 280:	4e20d425 	fadd	v5.4s, v1.4s, v0.4s
 284:	3d8087e5 	str	q5, [sp, #528]
 288:	3dc433e1 	ldr	q1, [sp, #4288]
 28c:	3dc333e0 	ldr	q0, [sp, #3264]
 290:	4e20d426 	fadd	v6.4s, v1.4s, v0.4s
 294:	3d808be6 	str	q6, [sp, #544]
 298:	3dc437e1 	ldr	q1, [sp, #4304]
 29c:	3dc337e0 	ldr	q0, [sp, #3280]
 2a0:	4e20d427 	fadd	v7.4s, v1.4s, v0.4s
 2a4:	3d808fe7 	str	q7, [sp, #560]
 2a8:	3dc43be1 	ldr	q1, [sp, #4320]
 2ac:	3dc33be0 	ldr	q0, [sp, #3296]
 2b0:	4e20d428 	fadd	v8.4s, v1.4s, v0.4s
 2b4:	3d8093e8 	str	q8, [sp, #576]
 2b8:	3dc43fe1 	ldr	q1, [sp, #4336]
 2bc:	3dc33fe0 	ldr	q0, [sp, #3312]
 2c0:	4e20d429 	fadd	v9.4s, v1.4s, v0.4s
 2c4:	3d8097e9 	str	q9, [sp, #592]
 2c8:	3dc443e1 	ldr	q1, [sp, #4352]
 2cc:	3dc343e0 	ldr	q0, [sp, #3328]
 2d0:	4e20d43c 	fadd	v28.4s, v1.4s, v0.4s
 2d4:	3dc447e1 	ldr	q1, [sp, #4368]
 2d8:	3dc347e0 	ldr	q0, [sp, #3344]
 2dc:	4e20d438 	fadd	v24.4s, v1.4s, v0.4s
 2e0:	3dc44be1 	ldr	q1, [sp, #4384]
 2e4:	3dc34be0 	ldr	q0, [sp, #3360]
 2e8:	4e20d436 	fadd	v22.4s, v1.4s, v0.4s
 2ec:	3dc44fe1 	ldr	q1, [sp, #4400]
 2f0:	3dc34fe0 	ldr	q0, [sp, #3376]
 2f4:	4e20d435 	fadd	v21.4s, v1.4s, v0.4s
 2f8:	3dc453e1 	ldr	q1, [sp, #4416]
 2fc:	3dc353e0 	ldr	q0, [sp, #3392]
 300:	4e20d434 	fadd	v20.4s, v1.4s, v0.4s
 304:	3dc457e1 	ldr	q1, [sp, #4432]
 308:	3dc357e0 	ldr	q0, [sp, #3408]
 30c:	4e20d433 	fadd	v19.4s, v1.4s, v0.4s
 310:	3dc45be1 	ldr	q1, [sp, #4448]
 314:	3dc35be0 	ldr	q0, [sp, #3424]
 318:	4e20d432 	fadd	v18.4s, v1.4s, v0.4s
 31c:	3dc45fe1 	ldr	q1, [sp, #4464]
 320:	3dc35fe0 	ldr	q0, [sp, #3440]
 324:	4e20d431 	fadd	v17.4s, v1.4s, v0.4s
 328:	3dc463e1 	ldr	q1, [sp, #4480]
 32c:	3dc363e0 	ldr	q0, [sp, #3456]
 330:	4e20d430 	fadd	v16.4s, v1.4s, v0.4s
 334:	3dc467e1 	ldr	q1, [sp, #4496]
 338:	3dc367e0 	ldr	q0, [sp, #3472]
 33c:	4e20d42f 	fadd	v15.4s, v1.4s, v0.4s
 340:	3dc46be1 	ldr	q1, [sp, #4512]
 344:	3dc36be0 	ldr	q0, [sp, #3488]
 348:	4e20d42e 	fadd	v14.4s, v1.4s, v0.4s
 34c:	3dc46fe1 	ldr	q1, [sp, #4528]
 350:	3dc36fe0 	ldr	q0, [sp, #3504]
 354:	4e20d42d 	fadd	v13.4s, v1.4s, v0.4s
 358:	3dc473e1 	ldr	q1, [sp, #4544]
 35c:	3dc373e0 	ldr	q0, [sp, #3520]
 360:	4e20d42c 	fadd	v12.4s, v1.4s, v0.4s
 364:	3dc477e1 	ldr	q1, [sp, #4560]
 368:	3dc377e0 	ldr	q0, [sp, #3536]
 36c:	4e20d42b 	fadd	v11.4s, v1.4s, v0.4s
 370:	3dc47be1 	ldr	q1, [sp, #4576]
 374:	3dc37be0 	ldr	q0, [sp, #3552]
 378:	4e20d42a 	fadd	v10.4s, v1.4s, v0.4s
 37c:	3dc47fe1 	ldr	q1, [sp, #4592]
 380:	3dc37fe0 	ldr	q0, [sp, #3568]
 384:	4e20d429 	fadd	v9.4s, v1.4s, v0.4s
 388:	3dc483e1 	ldr	q1, [sp, #4608]
 38c:	3dc383e0 	ldr	q0, [sp, #3584]
 390:	4e20d428 	fadd	v8.4s, v1.4s, v0.4s
 394:	3dc487e1 	ldr	q1, [sp, #4624]
 398:	3dc387e0 	ldr	q0, [sp, #3600]
 39c:	4e20d427 	fadd	v7.4s, v1.4s, v0.4s
 3a0:	3dc48be1 	ldr	q1, [sp, #4640]
 3a4:	3dc38be0 	ldr	q0, [sp, #3616]
 3a8:	4e20d426 	fadd	v6.4s, v1.4s, v0.4s
 3ac:	3dc48fe1 	ldr	q1, [sp, #4656]
 3b0:	3dc38fe0 	ldr	q0, [sp, #3632]
 3b4:	4e20d425 	fadd	v5.4s, v1.4s, v0.4s
 3b8:	3dc493e1 	ldr	q1, [sp, #4672]
 3bc:	3dc393e0 	ldr	q0, [sp, #3648]
 3c0:	4e20d424 	fadd	v4.4s, v1.4s, v0.4s
 3c4:	3dc497e1 	ldr	q1, [sp, #4688]
 3c8:	3dc397e0 	ldr	q0, [sp, #3664]
 3cc:	4e20d423 	fadd	v3.4s, v1.4s, v0.4s
 3d0:	3dc49be1 	ldr	q1, [sp, #4704]
 3d4:	3dc39be0 	ldr	q0, [sp, #3680]
 3d8:	4e20d422 	fadd	v2.4s, v1.4s, v0.4s
 3dc:	3dc49fe1 	ldr	q1, [sp, #4720]
 3e0:	3dc39fe0 	ldr	q0, [sp, #3696]
 3e4:	4e20d420 	fadd	v0.4s, v1.4s, v0.4s
 3e8:	3d809bf7 	str	q23, [sp, #608]
 3ec:	3d809ff9 	str	q25, [sp, #624]
 3f0:	3d80a3fa 	str	q26, [sp, #640]
 3f4:	3d80a7fb 	str	q27, [sp, #656]
 3f8:	3d80abfd 	str	q29, [sp, #672]
 3fc:	3d80affe 	str	q30, [sp, #688]
 400:	3d80b3ff 	str	q31, [sp, #704]
 404:	3dc017e1 	ldr	q1, [sp, #80]
 408:	3d80b7e1 	str	q1, [sp, #720]
 40c:	3dc01be1 	ldr	q1, [sp, #96]
 410:	3d80bbe1 	str	q1, [sp, #736]
 414:	3dc01fe1 	ldr	q1, [sp, #112]
 418:	3d80bfe1 	str	q1, [sp, #752]
 41c:	3dc023e1 	ldr	q1, [sp, #128]
 420:	3d80c3e1 	str	q1, [sp, #768]
 424:	3dc027e1 	ldr	q1, [sp, #144]
 428:	3d80c7e1 	str	q1, [sp, #784]
 42c:	3dc02be1 	ldr	q1, [sp, #160]
 430:	3d80cbe1 	str	q1, [sp, #800]
 434:	3dc02fe1 	ldr	q1, [sp, #176]
 438:	3d80cfe1 	str	q1, [sp, #816]
 43c:	3dc033e1 	ldr	q1, [sp, #192]
 440:	3d80d3e1 	str	q1, [sp, #832]
 444:	3dc037e1 	ldr	q1, [sp, #208]
 448:	3d80d7e1 	str	q1, [sp, #848]
 44c:	3dc03be1 	ldr	q1, [sp, #224]
 450:	3d80dbe1 	str	q1, [sp, #864]
 454:	3dc03fe1 	ldr	q1, [sp, #240]
 458:	3d80dfe1 	str	q1, [sp, #880]
 45c:	3dc043e1 	ldr	q1, [sp, #256]
 460:	3d80e3e1 	str	q1, [sp, #896]
 464:	3dc047e1 	ldr	q1, [sp, #272]
 468:	3d80e7e1 	str	q1, [sp, #912]
 46c:	3dc04be1 	ldr	q1, [sp, #288]
 470:	3d80ebe1 	str	q1, [sp, #928]
 474:	3dc04fe1 	ldr	q1, [sp, #304]
 478:	3d80efe1 	str	q1, [sp, #944]
 47c:	3dc053e1 	ldr	q1, [sp, #320]
 480:	3d80f3e1 	str	q1, [sp, #960]
 484:	3dc057e1 	ldr	q1, [sp, #336]
 488:	3d80f7e1 	str	q1, [sp, #976]
 48c:	3dc05be1 	ldr	q1, [sp, #352]
 490:	3d80fbe1 	str	q1, [sp, #992]
 494:	3dc05fe1 	ldr	q1, [sp, #368]
 498:	3d80ffe1 	str	q1, [sp, #1008]
 49c:	3dc063e1 	ldr	q1, [sp, #384]
 4a0:	3d8103e1 	str	q1, [sp, #1024]
 4a4:	3dc067e1 	ldr	q1, [sp, #400]
 4a8:	3d8107e1 	str	q1, [sp, #1040]
 4ac:	3dc06be1 	ldr	q1, [sp, #416]
 4b0:	3d810be1 	str	q1, [sp, #1056]
 4b4:	3dc06fe1 	ldr	q1, [sp, #432]
 4b8:	3d810fe1 	str	q1, [sp, #1072]
 4bc:	3dc073e1 	ldr	q1, [sp, #448]
 4c0:	3d8113e1 	str	q1, [sp, #1088]
 4c4:	3dc077e1 	ldr	q1, [sp, #464]
 4c8:	3d8117e1 	str	q1, [sp, #1104]
 4cc:	3dc07be1 	ldr	q1, [sp, #480]
 4d0:	3d811be1 	str	q1, [sp, #1120]
 4d4:	3dc07fe1 	ldr	q1, [sp, #496]
 4d8:	3d811fe1 	str	q1, [sp, #1136]
 4dc:	3dc083e1 	ldr	q1, [sp, #512]
 4e0:	3d8123e1 	str	q1, [sp, #1152]
 4e4:	3dc087e1 	ldr	q1, [sp, #528]
 4e8:	3d8127e1 	str	q1, [sp, #1168]
 4ec:	3dc08be1 	ldr	q1, [sp, #544]
 4f0:	3d812be1 	str	q1, [sp, #1184]
 4f4:	3dc08fe1 	ldr	q1, [sp, #560]
 4f8:	3d812fe1 	str	q1, [sp, #1200]
 4fc:	3dc093e1 	ldr	q1, [sp, #576]
 500:	3d8133e1 	str	q1, [sp, #1216]
 504:	3dc097e1 	ldr	q1, [sp, #592]
 508:	3d8137e1 	str	q1, [sp, #1232]
 50c:	3d813bfc 	str	q28, [sp, #1248]
 510:	3d813ff8 	str	q24, [sp, #1264]
 514:	3d8143f6 	str	q22, [sp, #1280]
 518:	3d8147f5 	str	q21, [sp, #1296]
 51c:	3d814bf4 	str	q20, [sp, #1312]
 520:	3d814ff3 	str	q19, [sp, #1328]
 524:	3d8153f2 	str	q18, [sp, #1344]
 528:	3d8157f1 	str	q17, [sp, #1360]
 52c:	3d815bf0 	str	q16, [sp, #1376]
 530:	3d815fef 	str	q15, [sp, #1392]
 534:	3d8163ee 	str	q14, [sp, #1408]
 538:	3d8167ed 	str	q13, [sp, #1424]
 53c:	3d816bec 	str	q12, [sp, #1440]
 540:	3d816feb 	str	q11, [sp, #1456]
 544:	3d8173ea 	str	q10, [sp, #1472]
 548:	3d8177e9 	str	q9, [sp, #1488]
 54c:	3d817be8 	str	q8, [sp, #1504]
 550:	3d817fe7 	str	q7, [sp, #1520]
 554:	3d8183e6 	str	q6, [sp, #1536]
 558:	3d8187e5 	str	q5, [sp, #1552]
 55c:	3d818be4 	str	q4, [sp, #1568]
 560:	3d818fe3 	str	q3, [sp, #1584]
 564:	3d8193e2 	str	q2, [sp, #1600]
 568:	3d8197e0 	str	q0, [sp, #1616]
 56c:	911a03e0 	add	x0, sp, #0x680
 570:	910983e1 	add	x1, sp, #0x260
 574:	d2808002 	mov	x2, #0x400                 	// #1024
 578:	94000000 	bl	0 <memcpy>
 57c:	f94337e0 	ldr	x0, [sp, #1640]
 580:	aa0003e3 	mov	x3, x0
 584:	911a03e0 	add	x0, sp, #0x680
 588:	d2808001 	mov	x1, #0x400                 	// #1024
 58c:	aa0103e2 	mov	x2, x1
 590:	aa0003e1 	mov	x1, x0
 594:	aa0303e0 	mov	x0, x3
 598:	94000000 	bl	0 <memcpy>
}
 59c:	d503201f 	nop
 5a0:	6d4127e8 	ldp	d8, d9, [sp, #16]
 5a4:	6d422fea 	ldp	d10, d11, [sp, #32]
 5a8:	6d4337ec 	ldp	d12, d13, [sp, #48]
 5ac:	6d443fee 	ldp	d14, d15, [sp, #64]
 5b0:	a9407bfd 	ldp	x29, x30, [sp]
 5b4:	d282500c 	mov	x12, #0x1280                	// #4736
 5b8:	8b2c63ff 	add	sp, sp, x12
 5bc:	d65f03c0 	ret

00000000000005c0 <main>:

int main(void)
{
 5c0:	d13043ff 	sub	sp, sp, #0xc10
 5c4:	a9007bfd 	stp	x29, x30, [sp]
 5c8:	910003fd 	mov	x29, sp
    v1024f x = { 1.0 };
 5cc:	912043e0 	add	x0, sp, #0x810
 5d0:	d2808001 	mov	x1, #0x400                 	// #1024
 5d4:	aa0103e2 	mov	x2, x1
 5d8:	52800001 	mov	w1, #0x0                   	// #0
 5dc:	94000000 	bl	0 <memset>
 5e0:	1e2e1000 	fmov	s0, #1.000000000000000000e+00
 5e4:	bd0813e0 	str	s0, [sp, #2064]
    v1024f y = { 1.0 };
 5e8:	911043e0 	add	x0, sp, #0x410
 5ec:	d2808001 	mov	x1, #0x400                 	// #1024
 5f0:	aa0103e2 	mov	x2, x1
 5f4:	52800001 	mov	w1, #0x0                   	// #0
 5f8:	94000000 	bl	0 <memset>
 5fc:	1e2e1000 	fmov	s0, #1.000000000000000000e+00
 600:	bd0413e0 	str	s0, [sp, #1040]
    v1024f z;

    addVectors(&x, &y, &z);
 604:	910043e2 	add	x2, sp, #0x10
 608:	911043e1 	add	x1, sp, #0x410
 60c:	912043e0 	add	x0, sp, #0x810
 610:	94000000 	bl	0 <addVectors>

    return 0;
 614:	52800000 	mov	w0, #0x0                   	// #0
}
 618:	a9407bfd 	ldp	x29, x30, [sp]
 61c:	913043ff 	add	sp, sp, #0xc10
 620:	d65f03c0 	ret
